
**** Build of configuration Default for project rt-app ****

make all 
make -C ~/src/linux-2.6.14-imx21-xenomai M=/home/redsuser/etudiant/villet/iem-space-invader/rt-app ARCH=arm CROSS_COMPILE=arm-unknown-linux-gnu-
make[1]: entrant dans le répertoire « /home/redsuser/src/linux-2.6.14-imx21-xenomai »
  CC [M]  /home/redsuser/etudiant/villet/iem-space-invader/rt-app/pca9554-m.o
  CC [M]  /home/redsuser/etudiant/villet/iem-space-invader/rt-app/xeno-i2c.o
  CC [M]  /home/redsuser/etudiant/villet/iem-space-invader/rt-app/xeno-ts.o
  CC [M]  /home/redsuser/etudiant/villet/iem-space-invader/rt-app/xeno-ts-lib.o
  CC [M]  /home/redsuser/etudiant/villet/iem-space-invader/rt-app/rt-app-m.o
/home/redsuser/etudiant/villet/iem-space-invader/rt-app/rt-app-m.c:13:25: native/task.h: No such file or directory
/home/redsuser/etudiant/villet/iem-space-invader/rt-app/rt-app-m.c:14:25: native/intr.h: No such file or directory
make[1]: quittant le répertoire « /home/redsuser/src/linux-2.6.14-imx21-xenomai »
/home/redsuser/etudiant/villet/iem-space-invader/rt-app/rt-app-m.c:15:26: native/event.h: No such file or directory
/home/redsuser/etudiant/villet/iem-space-invader/rt-app/rt-app-m.c:16:26: native/alarm.h: No such file or directory
/home/redsuser/etudiant/villet/iem-space-invader/rt-app/rt-app-m.c:17:26: native/timer.h: No such file or directory
/home/redsuser/etudiant/villet/iem-space-invader/rt-app/rt-app-m.c:18:26: native/mutex.h: No such file or directory
In file included from /home/redsuser/etudiant/villet/iem-space-invader/rt-app/rt-app-m.c:23:
/home/redsuser/etudiant/villet/iem-space-invader/rt-app/pca9554-m.h:2: warning: "struct inode" declared inside parameter list
/home/redsuser/etudiant/villet/iem-space-invader/rt-app/pca9554-m.h:2: warning: its scope is only this definition or declaration, which is probably not what you want
/home/redsuser/etudiant/villet/iem-space-invader/rt-app/pca9554-m.h:3: warning: "struct inode" declared inside parameter list
/home/redsuser/etudiant/villet/iem-space-invader/rt-app/pca9554-m.h:4: warning: "struct inode" declared inside parameter list
/home/redsuser/etudiant/villet/iem-space-invader/rt-app/rt-app-m.c:26: error: parse error before "isrDesc"
/home/redsuser/etudiant/villet/iem-space-invader/rt-app/rt-app-m.c:26: warning: type defaults to `int' in declaration of `isrDesc'
/home/redsuser/etudiant/villet/iem-space-invader/rt-app/rt-app-m.c:26: warning: data definition has no type or storage class
/home/redsuser/etudiant/villet/iem-space-invader/rt-app/rt-app-m.c: In function `space_invader':
/home/redsuser/etudiant/villet/iem-space-invader/rt-app/rt-app-m.c:36: warning: implicit declaration of function `rt_intr_enable'
/home/redsuser/etudiant/villet/iem-space-invader/rt-app/rt-app-m.c: At top level:
/home/redsuser/etudiant/villet/iem-space-invader/rt-app/rt-app-m.c:54: warning: "struct xnintr" declared inside parameter list
/home/redsuser/etudiant/villet/iem-space-invader/rt-app/rt-app-m.c: In function `imx_i2c_handler':
/home/redsuser/etudiant/villet/iem-space-invader/rt-app/rt-app-m.c:66: error: `RT_INTR_HANDLED' undeclared (first use in this function)
/home/redsuser/etudiant/villet/iem-space-invader/rt-app/rt-app-m.c:66: error: (Each undeclared identifier is reported only once
/home/redsuser/etudiant/villet/iem-space-invader/rt-app/rt-app-m.c:66: error: for each function it appears in.)
/home/redsuser/etudiant/villet/iem-space-invader/rt-app/rt-app-m.c: In function `init_module':
/home/redsuser/etudiant/villet/iem-space-invader/rt-app/rt-app-m.c:74: warning: implicit declaration of function `rt_timer_set_mode'
/home/redsuser/etudiant/villet/iem-space-invader/rt-app/rt-app-m.c:76: error: `TM_ONESHOT' undeclared (first use in this function)
/home/redsuser/etudiant/villet/iem-space-invader/rt-app/rt-app-m.c:98: warning: implicit declaration of function `rt_intr_create'
/home/redsuser/etudiant/villet/iem-space-invader/rt-app/rt-app-m.c: In function `cleanup_module':
/home/redsuser/etudiant/villet/iem-space-invader/rt-app/rt-app-m.c:126: warning: implicit declaration of function `rt_intr_delete'
make[2]: *** [/home/redsuser/etudiant/villet/iem-space-invader/rt-app/rt-app-m.o] Erreur 1
make[1]: *** [_module_/home/redsuser/etudiant/villet/iem-space-invader/rt-app] Erreur 2
make: *** [default] Erreur 2

**** Build Finished ****

**** Build of configuration Default for project rt-app ****

make all 
make -C /home/redsuser/src/linux-2.6.14-imx21-xenomai M=/home/redsuser/etudiant/villet/iem-space-invader/rt-app ARCH=arm CROSS_COMPILE=arm-unknown-linux-gnu-
make[1]: entrant dans le répertoire « /home/redsuser/src/linux-2.6.14-imx21-xenomai »
  CC [M]  /home/redsuser/etudiant/villet/iem-space-invader/rt-app/pca9554-m.o
  CC [M]  /home/redsuser/etudiant/villet/iem-space-invader/rt-app/xeno-i2c.o
  CC [M]  /home/redsuser/etudiant/villet/iem-space-invader/rt-app/xeno-ts.o
  CC [M]  /home/redsuser/etudiant/villet/iem-space-invader/rt-app/xeno-ts-lib.o
  LD [M]  /home/redsuser/etudiant/villet/iem-space-invader/rt-app/rt-app.o
  LD [M]  /home/redsuser/etudiant/villet/iem-space-invader/rt-app/pca9554.o
  Building modules, stage 2.
*** Warning: "pca9554_open" [/home/redsuser/etudiant/villet/iem-space-invader/rt-app/rt-app.ko] undefined!
  MODPOST
*** Warning: "pca9554_close" [/home/redsuser/etudiant/villet/iem-space-invader/rt-app/rt-app.ko] undefined!
  LD [M]  /home/redsuser/etudiant/villet/iem-space-invader/rt-app/pca9554.ko
  LD [M]  /home/redsuser/etudiant/villet/iem-space-invader/rt-app/rt-app.ko
make[1]: quittant le répertoire « /home/redsuser/src/linux-2.6.14-imx21-xenomai »

**** Build Finished ****

**** Build of configuration Default for project rt-app ****

make all 
make -C /home/redsuser/src/linux-2.6.14-imx21-xenomai M=/home/redsuser/etudiant/villet/iem-space-invader/rt-app ARCH=arm CROSS_COMPILE=arm-unknown-linux-gnu-
make[1]: entrant dans le répertoire « /home/redsuser/src/linux-2.6.14-imx21-xenomai »
  CC [M]  /home/redsuser/etudiant/villet/iem-space-invader/rt-app/rt-app-m.o
  LD [M]  /home/redsuser/etudiant/villet/iem-space-invader/rt-app/rt-app.o
  LD [M]  /home/redsuser/etudiant/villet/iem-space-invader/rt-app/pca9554.o
  Building modules, stage 2.
  MODPOST
*** Warning: "pca9554_open" [/home/redsuser/etudiant/villet/iem-space-invader/rt-app/rt-app.ko] undefined!
*** Warning: "pca9554_close" [/home/redsuser/etudiant/villet/iem-space-invader/rt-app/rt-app.ko] undefined!
  LD [M]  /home/redsuser/etudiant/villet/iem-space-invader/rt-app/pca9554.ko
  LD [M]  /home/redsuser/etudiant/villet/iem-space-invader/rt-app/rt-app.ko
make[1]: quittant le répertoire « /home/redsuser/src/linux-2.6.14-imx21-xenomai »

**** Build Finished ****

**** Build of configuration Default for project rt-app ****

make all 
make -C /home/redsuser/src/linux-2.6.14-imx21-xenomai M=/home/redsuser/etudiant/villet/iem-space-invader/rt-app ARCH=arm CROSS_COMPILE=arm-unknown-linux-gnu-
make[1]: entrant dans le répertoire « /home/redsuser/src/linux-2.6.14-imx21-xenomai »
  CC [M]  /home/redsuser/etudiant/villet/iem-space-invader/rt-app/rt-app-m.o
/home/redsuser/etudiant/villet/iem-space-invader/rt-app/rt-app-m.c: In function `space_invader':
/home/redsuser/etudiant/villet/iem-space-invader/rt-app/rt-app-m.c:36: warning: implicit declaration of function `init'
make[1]: quittant le répertoire « /home/redsuser/src/linux-2.6.14-imx21-xenomai »
/home/redsuser/etudiant/villet/iem-space-invader/rt-app/rt-app-m.c:43: error: `menu' undeclared (first use in this function)
/home/redsuser/etudiant/villet/iem-space-invader/rt-app/rt-app-m.c:43: error: (Each undeclared identifier is reported only once
/home/redsuser/etudiant/villet/iem-space-invader/rt-app/rt-app-m.c:43: error: for each function it appears in.)
make[2]: *** [/home/redsuser/etudiant/villet/iem-space-invader/rt-app/rt-app-m.o] Erreur 1
make[1]: *** [_module_/home/redsuser/etudiant/villet/iem-space-invader/rt-app] Erreur 2
make: *** [default] Erreur 2

**** Build Finished ****

**** Build of configuration Default for project rt-app ****

make all 
make -C /home/redsuser/src/linux-2.6.14-imx21-xenomai M=/home/redsuser/etudiant/villet/iem-space-invader/rt-app ARCH=arm CROSS_COMPILE=arm-unknown-linux-gnu-
make[1]: entrant dans le répertoire « /home/redsuser/src/linux-2.6.14-imx21-xenomai »
  CC [M]  /home/redsuser/etudiant/villet/iem-space-invader/rt-app/rt-app-m.o
In file included from /home/redsuser/etudiant/villet/iem-space-invader/rt-app/menu.c:3,
make[1]: quittant le répertoire « /home/redsuser/src/linux-2.6.14-imx21-xenomai »
                 from /home/redsuser/etudiant/villet/iem-space-invader/rt-app/rt-app-m.c:25:
/home/redsuser/etudiant/villet/iem-space-invader/rt-app/lcdlib.h:21: error: conflicting types for 'false'
/home/redsuser/etudiant/villet/iem-space-invader/rt-app/lcdlib.h:21: error: previous definition of 'false' was here
/home/redsuser/etudiant/villet/iem-space-invader/rt-app/lcdlib.h:22: error: conflicting types for 'true'
/home/redsuser/etudiant/villet/iem-space-invader/rt-app/lcdlib.h:22: error: previous definition of 'true' was here
/home/redsuser/etudiant/villet/iem-space-invader/rt-app/lcdlib.h:22: error: conflicting types for 'bool'
/home/redsuser/etudiant/villet/iem-space-invader/rt-app/lcdlib.h:22: error: previous declaration of 'bool' was here
In file included from /home/redsuser/etudiant/villet/iem-space-invader/rt-app/rt-app-m.c:25:
/home/redsuser/etudiant/villet/iem-space-invader/rt-app/menu.c:8: warning: function declaration isn't a prototype
/home/redsuser/etudiant/villet/iem-space-invader/rt-app/menu.c:15: warning: function declaration isn't a prototype
/home/redsuser/etudiant/villet/iem-space-invader/rt-app/rt-app-m.c: In function `space_invader':
/home/redsuser/etudiant/villet/iem-space-invader/rt-app/rt-app-m.c:45: warning: passing arg 6 of `rt_task_spawn' from incompatible pointer type
make[2]: *** [/home/redsuser/etudiant/villet/iem-space-invader/rt-app/rt-app-m.o] Erreur 1
make[1]: *** [_module_/home/redsuser/etudiant/villet/iem-space-invader/rt-app] Erreur 2
make: *** [default] Erreur 2

**** Build Finished ****

**** Build of configuration Default for project rt-app ****

make all 
make -C /home/redsuser/src/linux-2.6.14-imx21-xenomai M=/home/redsuser/etudiant/villet/iem-space-invader/rt-app ARCH=arm CROSS_COMPILE=arm-unknown-linux-gnu-
make[1]: entrant dans le répertoire « /home/redsuser/src/linux-2.6.14-imx21-xenomai »
  CC [M]  /home/redsuser/etudiant/villet/iem-space-invader/rt-app/rt-app-m.o
In file included from /home/redsuser/etudiant/villet/iem-space-invader/rt-app/rt-app-m.c:25:
/home/redsuser/etudiant/villet/iem-space-invader/rt-app/menu.c:8: warning: function declaration isn't a prototype
/home/redsuser/etudiant/villet/iem-space-invader/rt-app/menu.c:15: warning: function declaration isn't a prototype
/home/redsuser/etudiant/villet/iem-space-invader/rt-app/rt-app-m.c: In function `space_invader':
/home/redsuser/etudiant/villet/iem-space-invader/rt-app/rt-app-m.c:45: warning: passing arg 6 of `rt_task_spawn' from incompatible pointer type
  CC [M]  /home/redsuser/etudiant/villet/iem-space-invader/rt-app/lcdlib.o
  LD [M]  /home/redsuser/etudiant/villet/iem-space-invader/rt-app/rt-app.o
  LD [M]  /home/redsuser/etudiant/villet/iem-space-invader/rt-app/pca9554.o
  Building modules, stage 2.
  MODPOST
*** Warning: "pca9554_open" [/home/redsuser/etudiant/villet/iem-space-invader/rt-app/rt-app.ko] undefined!
  LD [M]  /home/redsuser/etudiant/villet/iem-space-invader/rt-app/pca9554.ko
*** Warning: "pca9554_close" [/home/redsuser/etudiant/villet/iem-space-invader/rt-app/rt-app.ko] undefined!
  LD [M]  /home/redsuser/etudiant/villet/iem-space-invader/rt-app/rt-app.ko
make[1]: quittant le répertoire « /home/redsuser/src/linux-2.6.14-imx21-xenomai »

**** Build Finished ****

**** Build of configuration Default for project rt-app ****

make all 
make -C /home/redsuser/src/linux-2.6.14-imx21-xenomai M=/home/redsuser/etudiant/villet/iem-space-invader/rt-app ARCH=arm CROSS_COMPILE=arm-unknown-linux-gnu-
make[1]: entrant dans le répertoire « /home/redsuser/src/linux-2.6.14-imx21-xenomai »
  CC [M]  /home/redsuser/etudiant/villet/iem-space-invader/rt-app/rt-app-m.o
In file included from /home/redsuser/etudiant/villet/iem-space-invader/rt-app/rt-app-m.c:25:
/home/redsuser/etudiant/villet/iem-space-invader/rt-app/menu.c:8: warning: function declaration isn't a prototype
/home/redsuser/etudiant/villet/iem-space-invader/rt-app/menu.c:15: warning: function declaration isn't a prototype
/home/redsuser/etudiant/villet/iem-space-invader/rt-app/rt-app-m.c: In function `space_invader':
/home/redsuser/etudiant/villet/iem-space-invader/rt-app/rt-app-m.c:45: warning: passing arg 6 of `rt_task_spawn' from incompatible pointer type
  CC [M]  /home/redsuser/etudiant/villet/iem-space-invader/rt-app/lcdlib.o
  LD [M]  /home/redsuser/etudiant/villet/iem-space-invader/rt-app/rt-app.o
  LD [M]  /home/redsuser/etudiant/villet/iem-space-invader/rt-app/pca9554.o
  Building modules, stage 2.
  MODPOST
*** Warning: "pca9554_open" [/home/redsuser/etudiant/villet/iem-space-invader/rt-app/rt-app.ko] undefined!
*** Warning: "pca9554_close" [/home/redsuser/etudiant/villet/iem-space-invader/rt-app/rt-app.ko] undefined!
  LD [M]  /home/redsuser/etudiant/villet/iem-space-invader/rt-app/pca9554.ko
  LD [M]  /home/redsuser/etudiant/villet/iem-space-invader/rt-app/rt-app.ko
make[1]: quittant le répertoire « /home/redsuser/src/linux-2.6.14-imx21-xenomai »

**** Build Finished ****

**** Build of configuration Default for project rt-app ****

make all 
make -C /home/redsuser/src/linux-2.6.14-imx21-xenomai M=/home/redsuser/etudiant/villet/iem-space-invader/rt-app ARCH=arm CROSS_COMPILE=arm-unknown-linux-gnu-
make[1]: entrant dans le répertoire « /home/redsuser/src/linux-2.6.14-imx21-xenomai »
  CC [M]  /home/redsuser/etudiant/villet/iem-space-invader/rt-app/menu.o
/home/redsuser/etudiant/villet/iem-space-invader/rt-app/menu.c:8: warning: function declaration isn't a prototype
/home/redsuser/etudiant/villet/iem-space-invader/rt-app/menu.c:15: warning: function declaration isn't a prototype
  LD [M]  /home/redsuser/etudiant/villet/iem-space-invader/rt-app/rt-app.o
/home/redsuser/etudiant/villet/iem-space-invader/rt-app/menu.o(.text+0x0): In function `init':
/home/redsuser/etudiant/villet/iem-space-invader/rt-app/menu.c:8: multiple definition of `init'
make[1]: quittant le répertoire « /home/redsuser/src/linux-2.6.14-imx21-xenomai »
/home/redsuser/etudiant/villet/iem-space-invader/rt-app/rt-app-m.o(.text+0x0):/home/redsuser/etudiant/villet/iem-space-invader/rt-app/menu.c:8: first defined here
/home/redsuser/etudiant/villet/iem-space-invader/rt-app/menu.o(.text+0x18): In function `menu_select':
/home/redsuser/etudiant/villet/iem-space-invader/rt-app/menu.c:15: multiple definition of `menu_select'
/home/redsuser/etudiant/villet/iem-space-invader/rt-app/rt-app-m.o(.text+0x18):/home/redsuser/etudiant/villet/iem-space-invader/rt-app/menu.c:15: first defined here
/home/redsuser/etudiant/villet/iem-space-invader/rt-app/menu.o(.text+0x70): In function `menu':
/home/redsuser/etudiant/villet/iem-space-invader/rt-app/menu.c:26: multiple definition of `menu'
/home/redsuser/etudiant/villet/iem-space-invader/rt-app/rt-app-m.o(.text+0x70):/home/redsuser/etudiant/villet/iem-space-invader/rt-app/menu.c:26: first defined here
make[2]: *** [/home/redsuser/etudiant/villet/iem-space-invader/rt-app/rt-app.o] Erreur 1
make[1]: *** [_module_/home/redsuser/etudiant/villet/iem-space-invader/rt-app] Erreur 2
make: *** [default] Erreur 2

**** Build Finished ****

**** Build of configuration Default for project rt-app ****

make all 
make -C /home/redsuser/src/linux-2.6.14-imx21-xenomai M=/home/redsuser/etudiant/villet/iem-space-invader/rt-app ARCH=arm CROSS_COMPILE=arm-unknown-linux-gnu-
make[1]: entrant dans le répertoire « /home/redsuser/src/linux-2.6.14-imx21-xenomai »
  CC [M]  /home/redsuser/etudiant/villet/iem-space-invader/rt-app/rt-app-m.o
In file included from /home/redsuser/etudiant/villet/iem-space-invader/rt-app/rt-app-m.c:25:
/home/redsuser/etudiant/villet/iem-space-invader/rt-app/menu.c:7: warning: function declaration isn't a prototype
/home/redsuser/etudiant/villet/iem-space-invader/rt-app/rt-app-m.c: In function `space_invader':
/home/redsuser/etudiant/villet/iem-space-invader/rt-app/rt-app-m.c:38: warning: implicit declaration of function `init'
/home/redsuser/etudiant/villet/iem-space-invader/rt-app/rt-app-m.c:45: warning: passing arg 6 of `rt_task_spawn' from incompatible pointer type
  CC [M]  /home/redsuser/etudiant/villet/iem-space-invader/rt-app/menu.o
/home/redsuser/etudiant/villet/iem-space-invader/rt-app/menu.c:7: warning: function declaration isn't a prototype
  LD [M]  /home/redsuser/etudiant/villet/iem-space-invader/rt-app/rt-app.o
/home/redsuser/etudiant/villet/iem-space-invader/rt-app/menu.o(.text+0x0): In function `menu_select':
/home/redsuser/etudiant/villet/iem-space-invader/rt-app/menu.c:7: multiple definition of `menu_select'
/home/redsuser/etudiant/villet/iem-space-invader/rt-app/rt-app-m.o(.text+0x0):/home/redsuser/etudiant/villet/iem-space-invader/rt-app/menu.c:7: first defined here
make[1]: quittant le répertoire « /home/redsuser/src/linux-2.6.14-imx21-xenomai »
/home/redsuser/etudiant/villet/iem-space-invader/rt-app/menu.o(.text+0x58): In function `menu':
/home/redsuser/etudiant/villet/iem-space-invader/rt-app/menu.c:18: multiple definition of `menu'
/home/redsuser/etudiant/villet/iem-space-invader/rt-app/rt-app-m.o(.text+0x58):/home/redsuser/etudiant/villet/iem-space-invader/rt-app/menu.c:18: first defined here
make[2]: *** [/home/redsuser/etudiant/villet/iem-space-invader/rt-app/rt-app.o] Erreur 1
make[1]: *** [_module_/home/redsuser/etudiant/villet/iem-space-invader/rt-app] Erreur 2
make: *** [default] Erreur 2

**** Build Finished ****

**** Build of configuration Default for project rt-app ****

make all 
make -C /home/redsuser/src/linux-2.6.14-imx21-xenomai M=/home/redsuser/etudiant/villet/iem-space-invader/rt-app ARCH=arm CROSS_COMPILE=arm-unknown-linux-gnu-
make[1]: entrant dans le répertoire « /home/redsuser/src/linux-2.6.14-imx21-xenomai »
  CC [M]  /home/redsuser/etudiant/villet/iem-space-invader/rt-app/rt-app-m.o
In file included from /home/redsuser/etudiant/villet/iem-space-invader/rt-app/rt-app-m.c:25:
/home/redsuser/etudiant/villet/iem-space-invader/rt-app/menu.c:5: warning: function declaration isn't a prototype
/home/redsuser/etudiant/villet/iem-space-invader/rt-app/rt-app-m.c: In function `space_invader':
/home/redsuser/etudiant/villet/iem-space-invader/rt-app/rt-app-m.c:38: warning: implicit declaration of function `init'
/home/redsuser/etudiant/villet/iem-space-invader/rt-app/rt-app-m.c:45: warning: passing arg 6 of `rt_task_spawn' from incompatible pointer type
  CC [M]  /home/redsuser/etudiant/villet/iem-space-invader/rt-app/menu.o
/home/redsuser/etudiant/villet/iem-space-invader/rt-app/menu.c:5: warning: function declaration isn't a prototype
  LD [M]  /home/redsuser/etudiant/villet/iem-space-invader/rt-app/rt-app.o
/home/redsuser/etudiant/villet/iem-space-invader/rt-app/menu.o(.text+0x0): In function `menu_select':
make[1]: quittant le répertoire « /home/redsuser/src/linux-2.6.14-imx21-xenomai »
/home/redsuser/etudiant/villet/iem-space-invader/rt-app/menu.c:5: multiple definition of `menu_select'
/home/redsuser/etudiant/villet/iem-space-invader/rt-app/rt-app-m.o(.text+0x0):/home/redsuser/etudiant/villet/iem-space-invader/rt-app/menu.c:5: first defined here
/home/redsuser/etudiant/villet/iem-space-invader/rt-app/menu.o(.text+0x58): In function `menu':
/home/redsuser/etudiant/villet/iem-space-invader/rt-app/menu.c:16: multiple definition of `menu'
/home/redsuser/etudiant/villet/iem-space-invader/rt-app/rt-app-m.o(.text+0x58):/home/redsuser/etudiant/villet/iem-space-invader/rt-app/menu.c:16: first defined here
make[2]: *** [/home/redsuser/etudiant/villet/iem-space-invader/rt-app/rt-app.o] Erreur 1
make[1]: *** [_module_/home/redsuser/etudiant/villet/iem-space-invader/rt-app] Erreur 2
make: *** [default] Erreur 2

**** Build Finished ****

**** Clean-only build of configuration Default for project rt-app ****

make clean 
make -C /home/redsuser/src/linux-2.6.14-imx21-xenomai M=/home/redsuser/etudiant/villet/iem-space-invader/rt-app clean
make[1]: arm-linux-gcc : commande introuvable
make[1]: entrant dans le répertoire « /home/redsuser/src/linux-2.6.14-imx21-xenomai »
  CLEAN   /home/redsuser/etudiant/villet/iem-space-invader/rt-app/.tmp_versions
make[1]: quittant le répertoire « /home/redsuser/src/linux-2.6.14-imx21-xenomai »
rm -rf *.o
rm -rf i2ctest
rm -rf *.ko
rm -rf .*.cmd

**** Build Finished ****

**** Build of configuration Default for project rt-app ****

make all 
make -C /home/redsuser/src/linux-2.6.14-imx21-xenomai M=/home/redsuser/etudiant/villet/iem-space-invader/rt-app ARCH=arm CROSS_COMPILE=arm-unknown-linux-gnu-
make[1]: entrant dans le répertoire « /home/redsuser/src/linux-2.6.14-imx21-xenomai »
  LD      /home/redsuser/etudiant/villet/iem-space-invader/rt-app/built-in.o
  CC [M]  /home/redsuser/etudiant/villet/iem-space-invader/rt-app/pca9554-m.o
  CC [M]  /home/redsuser/etudiant/villet/iem-space-invader/rt-app/xeno-i2c.o
  CC [M]  /home/redsuser/etudiant/villet/iem-space-invader/rt-app/xeno-ts.o
  CC [M]  /home/redsuser/etudiant/villet/iem-space-invader/rt-app/xeno-ts-lib.o
  CC [M]  /home/redsuser/etudiant/villet/iem-space-invader/rt-app/rt-app-m.o
In file included from /home/redsuser/etudiant/villet/iem-space-invader/rt-app/rt-app-m.c:25:
/home/redsuser/etudiant/villet/iem-space-invader/rt-app/menu.c:5: warning: function declaration isn't a prototype
/home/redsuser/etudiant/villet/iem-space-invader/rt-app/rt-app-m.c: In function `space_invader':
/home/redsuser/etudiant/villet/iem-space-invader/rt-app/rt-app-m.c:38: warning: implicit declaration of function `init'
/home/redsuser/etudiant/villet/iem-space-invader/rt-app/rt-app-m.c:45: warning: passing arg 6 of `rt_task_spawn' from incompatible pointer type
  CC [M]  /home/redsuser/etudiant/villet/iem-space-invader/rt-app/lcdlib.o
  CC [M]  /home/redsuser/etudiant/villet/iem-space-invader/rt-app/menu.o
/home/redsuser/etudiant/villet/iem-space-invader/rt-app/menu.c:5: warning: function declaration isn't a prototype
  LD [M]  /home/redsuser/etudiant/villet/iem-space-invader/rt-app/rt-app.o
/home/redsuser/etudiant/villet/iem-space-invader/rt-app/menu.o(.text+0x0): In function `menu_select':
/home/redsuser/etudiant/villet/iem-space-invader/rt-app/menu.c:5: multiple definition of `menu_select'
make[1]: quittant le répertoire « /home/redsuser/src/linux-2.6.14-imx21-xenomai »
/home/redsuser/etudiant/villet/iem-space-invader/rt-app/rt-app-m.o(.text+0x0):/home/redsuser/etudiant/villet/iem-space-invader/rt-app/menu.c:5: first defined here
/home/redsuser/etudiant/villet/iem-space-invader/rt-app/menu.o(.text+0x58): In function `menu':
/home/redsuser/etudiant/villet/iem-space-invader/rt-app/menu.c:16: multiple definition of `menu'
/home/redsuser/etudiant/villet/iem-space-invader/rt-app/rt-app-m.o(.text+0x58):/home/redsuser/etudiant/villet/iem-space-invader/rt-app/menu.c:16: first defined here
make[2]: *** [/home/redsuser/etudiant/villet/iem-space-invader/rt-app/rt-app.o] Erreur 1
make[1]: *** [_module_/home/redsuser/etudiant/villet/iem-space-invader/rt-app] Erreur 2
make: *** [default] Erreur 2

**** Build Finished ****

**** Clean-only build of configuration Default for project rt-app ****

make clean 
make -C /home/redsuser/src/linux-2.6.14-imx21-xenomai M=/home/redsuser/etudiant/villet/iem-space-invader/rt-app clean
make[1]: arm-linux-gcc : commande introuvable
make[1]: entrant dans le répertoire « /home/redsuser/src/linux-2.6.14-imx21-xenomai »
  CLEAN   /home/redsuser/etudiant/villet/iem-space-invader/rt-app/.tmp_versions
make[1]: quittant le répertoire « /home/redsuser/src/linux-2.6.14-imx21-xenomai »
rm -rf *.o
rm -rf i2ctest
rm -rf *.ko
rm -rf .*.cmd

**** Build Finished ****

**** Build of configuration Default for project rt-app ****

make all 
make -C /home/redsuser/src/linux-2.6.14-imx21-xenomai M=/home/redsuser/etudiant/villet/iem-space-invader/rt-app ARCH=arm CROSS_COMPILE=arm-unknown-linux-gnu-
make[1]: entrant dans le répertoire « /home/redsuser/src/linux-2.6.14-imx21-xenomai »
  LD      /home/redsuser/etudiant/villet/iem-space-invader/rt-app/built-in.o
  CC [M]  /home/redsuser/etudiant/villet/iem-space-invader/rt-app/pca9554-m.o
  CC [M]  /home/redsuser/etudiant/villet/iem-space-invader/rt-app/xeno-i2c.o
  CC [M]  /home/redsuser/etudiant/villet/iem-space-invader/rt-app/xeno-ts.o
  CC [M]  /home/redsuser/etudiant/villet/iem-space-invader/rt-app/xeno-ts-lib.o
  CC [M]  /home/redsuser/etudiant/villet/iem-space-invader/rt-app/rt-app-m.o
In file included from /home/redsuser/etudiant/villet/iem-space-invader/rt-app/rt-app-m.c:25:
/home/redsuser/etudiant/villet/iem-space-invader/rt-app/menu.h:9: warning: function declaration isn't a prototype
/home/redsuser/etudiant/villet/iem-space-invader/rt-app/rt-app-m.c: In function `space_invader':
  CC [M]  /home/redsuser/etudiant/villet/iem-space-invader/rt-app/lcdlib.o
/home/redsuser/etudiant/villet/iem-space-invader/rt-app/rt-app-m.c:38: warning: implicit declaration of function `init'
/home/redsuser/etudiant/villet/iem-space-invader/rt-app/rt-app-m.c:45: warning: passing arg 6 of `rt_task_spawn' from incompatible pointer type
  CC [M]  /home/redsuser/etudiant/villet/iem-space-invader/rt-app/menu.o
/home/redsuser/etudiant/villet/iem-space-invader/rt-app/menu.c:5: warning: function declaration isn't a prototype
  LD [M]  /home/redsuser/etudiant/villet/iem-space-invader/rt-app/rt-app.o
  LD [M]  /home/redsuser/etudiant/villet/iem-space-invader/rt-app/pca9554.o
  Building modules, stage 2.
  MODPOST
*** Warning: "pca9554_open" [/home/redsuser/etudiant/villet/iem-space-invader/rt-app/rt-app.ko] undefined!
  CC      /home/redsuser/etudiant/villet/iem-space-invader/rt-app/pca9554.mod.o
*** Warning: "init" [/home/redsuser/etudiant/villet/iem-space-invader/rt-app/rt-app.ko] undefined!
*** Warning: "pca9554_close" [/home/redsuser/etudiant/villet/iem-space-invader/rt-app/rt-app.ko] undefined!
  LD [M]  /home/redsuser/etudiant/villet/iem-space-invader/rt-app/pca9554.ko
  CC      /home/redsuser/etudiant/villet/iem-space-invader/rt-app/rt-app.mod.o
  LD [M]  /home/redsuser/etudiant/villet/iem-space-invader/rt-app/rt-app.ko
make[1]: quittant le répertoire « /home/redsuser/src/linux-2.6.14-imx21-xenomai »
arm-unknown-linux-gnu-gcc -static i2ctest.c -o i2ctest
arm-unknown-linux-gnu-gcc     rt-app-m.c   -o rt-app-m
In file included from /opt/cc/arm-unknown-linux-gnu-3.4.2/bin/../lib/gcc/arm-unknown-linux-gnu/3.4.2/../../../../arm-unknown-linux-gnu/sys-include/linux/sched.h:12,
                 from /opt/cc/arm-unknown-linux-gnu-3.4.2/bin/../lib/gcc/arm-unknown-linux-gnu/3.4.2/../../../../arm-unknown-linux-gnu/sys-include/linux/module.h:10,
                 from rt-app-m.c:11:
/opt/cc/arm-unknown-linux-gnu-3.4.2/bin/../lib/gcc/arm-unknown-linux-gnu/3.4.2/../../../../arm-unknown-linux-gnu/sys-include/linux/jiffies.h:16: error: parse error before "jiffies_64"
/opt/cc/arm-unknown-linux-gnu-3.4.2/bin/../lib/gcc/arm-unknown-linux-gnu/3.4.2/../../../../arm-unknown-linux-gnu/sys-include/linux/jiffies.h:20: error: parse error before "get_jiffies_64"
In file included from /opt/cc/arm-unknown-linux-gnu-3.4.2/bin/../lib/gcc/arm-unknown-linux-gnu/3.4.2/../../../../arm-unknown-linux-gnu/sys-include/linux/cpumask.h:77,
                 from /opt/cc/arm-unknown-linux-gnu-3.4.2/bin/../lib/gcc/arm-unknown-linux-gnu/3.4.2/../../../../arm-unknown-linux-gnu/sys-include/linux/sched.h:15,
                 from /opt/cc/arm-unknown-linux-gnu-3.4.2/bin/../lib/gcc/arm-unknown-linux-gnu/3.4.2/../../../../arm-unknown-linux-gnu/sys-include/linux/module.h:10,
                 from rt-app-m.c:11:
/opt/cc/arm-unknown-linux-gnu-3.4.2/bin/../lib/gcc/arm-unknown-linux-gnu/3.4.2/../../../../arm-unknown-linux-gnu/sys-include/linux/bitmap.h: In function `bitmap_zero':
/opt/cc/arm-unknown-linux-gnu-3.4.2/bin/../lib/gcc/arm-unknown-linux-gnu/3.4.2/../../../../arm-unknown-linux-gnu/sys-include/linux/bitmap.h:110: error: `BITS_PER_LONG' undeclared (first use in this function)
/opt/cc/arm-unknown-linux-gnu-3.4.2/bin/../lib/gcc/arm-unknown-linux-gnu/3.4.2/../../../../arm-unknown-linux-gnu/sys-include/linux/bitmap.h:110: error: (Each undeclared identifier is reported only once
/opt/cc/arm-unknown-linux-gnu-3.4.2/bin/../lib/gcc/arm-unknown-linux-gnu/3.4.2/../../../../arm-unknown-linux-gnu/sys-include/linux/bitmap.h:110: error: for each function it appears in.)
/opt/cc/arm-unknown-linux-gnu-3.4.2/bin/../lib/gcc/arm-unknown-linux-gnu/3.4.2/../../../../arm-unknown-linux-gnu/sys-include/linux/bitmap.h: In function `bitmap_fill':
/opt/cc/arm-unknown-linux-gnu-3.4.2/bin/../lib/gcc/arm-unknown-linux-gnu/3.4.2/../../../../arm-unknown-linux-gnu/sys-include/linux/bitmap.h:125: error: `BITS_PER_LONG' undeclared (first use in this function)
/opt/cc/arm-unknown-linux-gnu-3.4.2/bin/../lib/gcc/arm-unknown-linux-gnu/3.4.2/../../../../arm-unknown-linux-gnu/sys-include/linux/bitmap.h: In function `bitmap_copy':
/opt/cc/arm-unknown-linux-gnu-3.4.2/bin/../lib/gcc/arm-unknown-linux-gnu/3.4.2/../../../../arm-unknown-linux-gnu/sys-include/linux/bitmap.h:131: error: `BITS_PER_LONG' undeclared (first use in this function)
/opt/cc/arm-unknown-linux-gnu-3.4.2/bin/../lib/gcc/arm-unknown-linux-gnu/3.4.2/../../../../arm-unknown-linux-gnu/sys-include/linux/bitmap.h: In function `bitmap_and':
/opt/cc/arm-unknown-linux-gnu-3.4.2/bin/../lib/gcc/arm-unknown-linux-gnu/3.4.2/../../../../arm-unknown-linux-gnu/sys-include/linux/bitmap.h:142: error: `BITS_PER_LONG' undeclared (first use in this function)
/opt/cc/arm-unknown-linux-gnu-3.4.2/bin/../lib/gcc/arm-unknown-linux-gnu/3.4.2/../../../../arm-unknown-linux-gnu/sys-include/linux/bitmap.h: In function `bitmap_or':
/opt/cc/arm-unknown-linux-gnu-3.4.2/bin/../lib/gcc/arm-unknown-linux-gnu/3.4.2/../../../../arm-unknown-linux-gnu/sys-include/linux/bitmap.h:151: error: `BITS_PER_LONG' undeclared (first use in this function)
/opt/cc/arm-unknown-linux-gnu-3.4.2/bin/../lib/gcc/arm-unknown-linux-gnu/3.4.2/../../../../arm-unknown-linux-gnu/sys-include/linux/bitmap.h: In function `bitmap_xor':
/opt/cc/arm-unknown-linux-gnu-3.4.2/bin/../lib/gcc/arm-unknown-linux-gnu/3.4.2/../../../../arm-unknown-linux-gnu/sys-include/linux/bitmap.h:160: error: `BITS_PER_LONG' undeclared (first use in this function)
/opt/cc/arm-unknown-linux-gnu-3.4.2/bin/../lib/gcc/arm-unknown-linux-gnu/3.4.2/../../../../arm-unknown-linux-gnu/sys-include/linux/bitmap.h: In function `bitmap_andnot':
/opt/cc/arm-unknown-linux-gnu-3.4.2/bin/../lib/gcc/arm-unknown-linux-gnu/3.4.2/../../../../arm-unknown-linux-gnu/sys-include/linux/bitmap.h:169: error: `BITS_PER_LONG' undeclared (first use in this function)
/opt/cc/arm-unknown-linux-gnu-3.4.2/bin/../lib/gcc/arm-unknown-linux-gnu/3.4.2/../../../../arm-unknown-linux-gnu/sys-include/linux/bitmap.h: In function `bitmap_complement':
/opt/cc/arm-unknown-linux-gnu-3.4.2/bin/../lib/gcc/arm-unknown-linux-gnu/3.4.2/../../../../arm-unknown-linux-gnu/sys-include/linux/bitmap.h:178: error: `BITS_PER_LONG' undeclared (first use in this function)
/opt/cc/arm-unknown-linux-gnu-3.4.2/bin/../lib/gcc/arm-unknown-linux-gnu/3.4.2/../../../../arm-unknown-linux-gnu/sys-include/linux/bitmap.h: In function `bitmap_equal':
/opt/cc/arm-unknown-linux-gnu-3.4.2/bin/../lib/gcc/arm-unknown-linux-gnu/3.4.2/../../../../arm-unknown-linux-gnu/sys-include/linux/bitmap.h:187: error: `BITS_PER_LONG' undeclared (first use in this function)
/opt/cc/arm-unknown-linux-gnu-3.4.2/bin/../lib/gcc/arm-unknown-linux-gnu/3.4.2/../../../../arm-unknown-linux-gnu/sys-include/linux/bitmap.h: In function `bitmap_intersects':
/opt/cc/arm-unknown-linux-gnu-3.4.2/bin/../lib/gcc/arm-unknown-linux-gnu/3.4.2/../../../../arm-unknown-linux-gnu/sys-include/linux/bitmap.h:196: error: `BITS_PER_LONG' undeclared (first use in this function)
/opt/cc/arm-unknown-linux-gnu-3.4.2/bin/../lib/gcc/arm-unknown-linux-gnu/3.4.2/../../../../arm-unknown-linux-gnu/sys-include/linux/bitmap.h: In function `bitmap_subset':
/opt/cc/arm-unknown-linux-gnu-3.4.2/bin/../lib/gcc/arm-unknown-linux-gnu/3.4.2/../../../../arm-unknown-linux-gnu/sys-include/linux/bitmap.h:205: error: `BITS_PER_LONG' undeclared (first use in this function)
/opt/cc/arm-unknown-linux-gnu-3.4.2/bin/../lib/gcc/arm-unknown-linux-gnu/3.4.2/../../../../arm-unknown-linux-gnu/sys-include/linux/bitmap.h: In function `bitmap_empty':
/opt/cc/arm-unknown-linux-gnu-3.4.2/bin/../lib/gcc/arm-unknown-linux-gnu/3.4.2/../../../../arm-unknown-linux-gnu/sys-include/linux/bitmap.h:213: error: `BITS_PER_LONG' undeclared (first use in this function)
/opt/cc/arm-unknown-linux-gnu-3.4.2/bin/../lib/gcc/arm-unknown-linux-gnu/3.4.2/../../../../arm-unknown-linux-gnu/sys-include/linux/bitmap.h: In function `bitmap_full':
/opt/cc/arm-unknown-linux-gnu-3.4.2/bin/../lib/gcc/arm-unknown-linux-gnu/3.4.2/../../../../arm-unknown-linux-gnu/sys-include/linux/bitmap.h:221: error: `BITS_PER_LONG' undeclared (first use in this function)
/opt/cc/arm-unknown-linux-gnu-3.4.2/bin/../lib/gcc/arm-unknown-linux-gnu/3.4.2/../../../../arm-unknown-linux-gnu/sys-include/linux/bitmap.h: In function `bitmap_shift_right':
/opt/cc/arm-unknown-linux-gnu-3.4.2/bin/../lib/gcc/arm-unknown-linux-gnu/3.4.2/../../../../arm-unknown-linux-gnu/sys-include/linux/bitmap.h:235: error: `BITS_PER_LONG' undeclared (first use in this function)
/opt/cc/arm-unknown-linux-gnu-3.4.2/bin/../lib/gcc/arm-unknown-linux-gnu/3.4.2/../../../../arm-unknown-linux-gnu/sys-include/linux/bitmap.h: In function `bitmap_shift_left':
/opt/cc/arm-unknown-linux-gnu-3.4.2/bin/../lib/gcc/arm-unknown-linux-gnu/3.4.2/../../../../arm-unknown-linux-gnu/sys-include/linux/bitmap.h:244: error: `BITS_PER_LONG' undeclared (first use in this function)
In file included from /opt/cc/arm-unknown-linux-gnu-3.4.2/bin/../lib/gcc/arm-unknown-linux-gnu/3.4.2/../../../../arm-unknown-linux-gnu/sys-include/linux/sched.h:15,
                 from /opt/cc/arm-unknown-linux-gnu-3.4.2/bin/../lib/gcc/arm-unknown-linux-gnu/3.4.2/../../../../arm-unknown-linux-gnu/sys-include/linux/module.h:10,
                 from rt-app-m.c:11:
/opt/cc/arm-unknown-linux-gnu-3.4.2/bin/../lib/gcc/arm-unknown-linux-gnu/3.4.2/../../../../arm-unknown-linux-gnu/sys-include/linux/cpumask.h: At top level:
/opt/cc/arm-unknown-linux-gnu-3.4.2/bin/../lib/gcc/arm-unknown-linux-gnu/3.4.2/../../../../arm-unknown-linux-gnu/sys-include/linux/cpumask.h:80: error: parse error before "DECLARE_BITMAP"
/opt/cc/arm-unknown-linux-gnu-3.4.2/bin/../lib/gcc/arm-unknown-linux-gnu/3.4.2/../../../../arm-unknown-linux-gnu/sys-include/linux/cpumask.h:81: error: parse error before "_unused_cpumask_arg_"
/opt/cc/arm-unknown-linux-gnu-3.4.2/bin/../lib/gcc/arm-unknown-linux-gnu/3.4.2/../../../../arm-unknown-linux-gnu/sys-include/linux/cpumask.h:84: error: parse error before '*' token
/opt/cc/arm-unknown-linux-gnu-3.4.2/bin/../lib/gcc/arm-unknown-linux-gnu/3.4.2/../../../../arm-unknown-linux-gnu/sys-include/linux/cpumask.h: In function `__cpu_set':
/opt/cc/arm-unknown-linux-gnu-3.4.2/bin/../lib/gcc/arm-unknown-linux-gnu/3.4.2/../../../../arm-unknown-linux-gnu/sys-include/linux/cpumask.h:86: error: `cpu' undeclared (first use in this function)
/opt/cc/arm-unknown-linux-gnu-3.4.2/bin/../lib/gcc/arm-unknown-linux-gnu/3.4.2/../../../../arm-unknown-linux-gnu/sys-include/linux/cpumask.h:86: error: `dstp' undeclared (first use in this function)
/opt/cc/arm-unknown-linux-gnu-3.4.2/bin/../lib/gcc/arm-unknown-linux-gnu/3.4.2/../../../../arm-unknown-linux-gnu/sys-include/linux/cpumask.h: At top level:
/opt/cc/arm-unknown-linux-gnu-3.4.2/bin/../lib/gcc/arm-unknown-linux-gnu/3.4.2/../../../../arm-unknown-linux-gnu/sys-include/linux/cpumask.h:90: error: parse error before '*' token
/opt/cc/arm-unknown-linux-gnu-3.4.2/bin/../lib/gcc/arm-unknown-linux-gnu/3.4.2/../../../../arm-unknown-linux-gnu/sys-include/linux/cpumask.h: In function `__cpu_clear':
/opt/cc/arm-unknown-linux-gnu-3.4.2/bin/../lib/gcc/arm-unknown-linux-gnu/3.4.2/../../../../arm-unknown-linux-gnu/sys-include/linux/cpumask.h:92: error: `cpu' undeclared (first use in this function)
/opt/cc/arm-unknown-linux-gnu-3.4.2/bin/../lib/gcc/arm-unknown-linux-gnu/3.4.2/../../../../arm-unknown-linux-gnu/sys-include/linux/cpumask.h:92: error: `dstp' undeclared (first use in this function)
/opt/cc/arm-unknown-linux-gnu-3.4.2/bin/../lib/gcc/arm-unknown-linux-gnu/3.4.2/../../../../arm-unknown-linux-gnu/sys-include/linux/cpumask.h: At top level:
/opt/cc/arm-unknown-linux-gnu-3.4.2/bin/../lib/gcc/arm-unknown-linux-gnu/3.4.2/../../../../arm-unknown-linux-gnu/sys-include/linux/cpumask.h:96: error: parse error before '*' token
/opt/cc/arm-unknown-linux-gnu-3.4.2/bin/../lib/gcc/arm-unknown-linux-gnu/3.4.2/../../../../arm-unknown-linux-gnu/sys-include/linux/cpumask.h: In function `__cpus_setall':
/opt/cc/arm-unknown-linux-gnu-3.4.2/bin/../lib/gcc/arm-unknown-linux-gnu/3.4.2/../../../../arm-unknown-linux-gnu/sys-include/linux/cpumask.h:98: error: `dstp' undeclared (first use in this function)
/opt/cc/arm-unknown-linux-gnu-3.4.2/bin/../lib/gcc/arm-unknown-linux-gnu/3.4.2/../../../../arm-unknown-linux-gnu/sys-include/linux/cpumask.h:98: error: `nbits' undeclared (first use in this function)
/opt/cc/arm-unknown-linux-gnu-3.4.2/bin/../lib/gcc/arm-unknown-linux-gnu/3.4.2/../../../../arm-unknown-linux-gnu/sys-include/linux/cpumask.h: At top level:
/opt/cc/arm-unknown-linux-gnu-3.4.2/bin/../lib/gcc/arm-unknown-linux-gnu/3.4.2/../../../../arm-unknown-linux-gnu/sys-include/linux/cpumask.h:102: error: parse error before '*' token
/opt/cc/arm-unknown-linux-gnu-3.4.2/bin/../lib/gcc/arm-unknown-linux-gnu/3.4.2/../../../../arm-unknown-linux-gnu/sys-include/linux/cpumask.h: In function `__cpus_clear':
/opt/cc/arm-unknown-linux-gnu-3.4.2/bin/../lib/gcc/arm-unknown-linux-gnu/3.4.2/../../../../arm-unknown-linux-gnu/sys-include/linux/cpumask.h:104: error: `dstp' undeclared (first use in this function)
/opt/cc/arm-unknown-linux-gnu-3.4.2/bin/../lib/gcc/arm-unknown-linux-gnu/3.4.2/../../../../arm-unknown-linux-gnu/sys-include/linux/cpumask.h:104: error: `nbits' undeclared (first use in this function)
/opt/cc/arm-unknown-linux-gnu-3.4.2/bin/../lib/gcc/arm-unknown-linux-gnu/3.4.2/../../../../arm-unknown-linux-gnu/sys-include/linux/cpumask.h: At top level:
/opt/cc/arm-unknown-linux-gnu-3.4.2/bin/../lib/gcc/arm-unknown-linux-gnu/3.4.2/../../../../arm-unknown-linux-gnu/sys-include/linux/cpumask.h:111: error: parse error before "cpumask_t"
/opt/cc/arm-unknown-linux-gnu-3.4.2/bin/../lib/gcc/arm-unknown-linux-gnu/3.4.2/../../../../arm-unknown-linux-gnu/sys-include/linux/cpumask.h: In function `__cpu_test_and_set':
/opt/cc/arm-unknown-linux-gnu-3.4.2/bin/../lib/gcc/arm-unknown-linux-gnu/3.4.2/../../../../arm-unknown-linux-gnu/sys-include/linux/cpumask.h:113: error: `cpu' undeclared (first use in this function)
/opt/cc/arm-unknown-linux-gnu-3.4.2/bin/../lib/gcc/arm-unknown-linux-gnu/3.4.2/../../../../arm-unknown-linux-gnu/sys-include/linux/cpumask.h:113: error: `addr' undeclared (first use in this function)
/opt/cc/arm-unknown-linux-gnu-3.4.2/bin/../lib/gcc/arm-unknown-linux-gnu/3.4.2/../../../../arm-unknown-linux-gnu/sys-include/linux/cpumask.h: At top level:
/opt/cc/arm-unknown-linux-gnu-3.4.2/bin/../lib/gcc/arm-unknown-linux-gnu/3.4.2/../../../../arm-unknown-linux-gnu/sys-include/linux/cpumask.h:117: error: parse error before '*' token
/opt/cc/arm-unknown-linux-gnu-3.4.2/bin/../lib/gcc/arm-unknown-linux-gnu/3.4.2/../../../../arm-unknown-linux-gnu/sys-include/linux/cpumask.h: In function `__cpus_and':
/opt/cc/arm-unknown-linux-gnu-3.4.2/bin/../lib/gcc/arm-unknown-linux-gnu/3.4.2/../../../../arm-unknown-linux-gnu/sys-include/linux/cpumask.h:120: error: `dstp' undeclared (first use in this function)
/opt/cc/arm-unknown-linux-gnu-3.4.2/bin/../lib/gcc/arm-unknown-linux-gnu/3.4.2/../../../../arm-unknown-linux-gnu/sys-include/linux/cpumask.h:120: error: `src1p' undeclared (first use in this function)
/opt/cc/arm-unknown-linux-gnu-3.4.2/bin/../lib/gcc/arm-unknown-linux-gnu/3.4.2/../../../../arm-unknown-linux-gnu/sys-include/linux/cpumask.h:120: error: `src2p' undeclared (first use in this function)
/opt/cc/arm-unknown-linux-gnu-3.4.2/bin/../lib/gcc/arm-unknown-linux-gnu/3.4.2/../../../../arm-unknown-linux-gnu/sys-include/linux/cpumask.h:120: error: `nbits' undeclared (first use in this function)
/opt/cc/arm-unknown-linux-gnu-3.4.2/bin/../lib/gcc/arm-unknown-linux-gnu/3.4.2/../../../../arm-unknown-linux-gnu/sys-include/linux/cpumask.h: At top level:
/opt/cc/arm-unknown-linux-gnu-3.4.2/bin/../lib/gcc/arm-unknown-linux-gnu/3.4.2/../../../../arm-unknown-linux-gnu/sys-include/linux/cpumask.h:124: error: parse error before '*' token
/opt/cc/arm-unknown-linux-gnu-3.4.2/bin/../lib/gcc/arm-unknown-linux-gnu/3.4.2/../../../../arm-unknown-linux-gnu/sys-include/linux/cpumask.h: In function `__cpus_or':
/opt/cc/arm-unknown-linux-gnu-3.4.2/bin/../lib/gcc/arm-unknown-linux-gnu/3.4.2/../../../../arm-unknown-linux-gnu/sys-include/linux/cpumask.h:127: error: `dstp' undeclared (first use in this function)
/opt/cc/arm-unknown-linux-gnu-3.4.2/bin/../lib/gcc/arm-unknown-linux-gnu/3.4.2/../../../../arm-unknown-linux-gnu/sys-include/linux/cpumask.h:127: error: `src1p' undeclared (first use in this function)
/opt/cc/arm-unknown-linux-gnu-3.4.2/bin/../lib/gcc/arm-unknown-linux-gnu/3.4.2/../../../../arm-unknown-linux-gnu/sys-include/linux/cpumask.h:127: error: `src2p' undeclared (first use in this function)
/opt/cc/arm-unknown-linux-gnu-3.4.2/bin/../lib/gcc/arm-unknown-linux-gnu/3.4.2/../../../../arm-unknown-linux-gnu/sys-include/linux/cpumask.h:127: error: `nbits' undeclared (first use in this function)
/opt/cc/arm-unknown-linux-gnu-3.4.2/bin/../lib/gcc/arm-unknown-linux-gnu/3.4.2/../../../../arm-unknown-linux-gnu/sys-include/linux/cpumask.h: At top level:
/opt/cc/arm-unknown-linux-gnu-3.4.2/bin/../lib/gcc/arm-unknown-linux-gnu/3.4.2/../../../../arm-unknown-linux-gnu/sys-include/linux/cpumask.h:131: error: parse error before '*' token
/opt/cc/arm-unknown-linux-gnu-3.4.2/bin/../lib/gcc/arm-unknown-linux-gnu/3.4.2/../../../../arm-unknown-linux-gnu/sys-include/linux/cpumask.h: In function `__cpus_xor':
/opt/cc/arm-unknown-linux-gnu-3.4.2/bin/../lib/gcc/arm-unknown-linux-gnu/3.4.2/../../../../arm-unknown-linux-gnu/sys-include/linux/cpumask.h:134: error: `dstp' undeclared (first use in this function)
/opt/cc/arm-unknown-linux-gnu-3.4.2/bin/../lib/gcc/arm-unknown-linux-gnu/3.4.2/../../../../arm-unknown-linux-gnu/sys-include/linux/cpumask.h:134: error: `src1p' undeclared (first use in this function)
/opt/cc/arm-unknown-linux-gnu-3.4.2/bin/../lib/gcc/arm-unknown-linux-gnu/3.4.2/../../../../arm-unknown-linux-gnu/sys-include/linux/cpumask.h:134: error: `src2p' undeclared (first use in this function)
/opt/cc/arm-unknown-linux-gnu-3.4.2/bin/../lib/gcc/arm-unknown-linux-gnu/3.4.2/../../../../arm-unknown-linux-gnu/sys-include/linux/cpumask.h:134: error: `nbits' undeclared (first use in this function)
/opt/cc/arm-unknown-linux-gnu-3.4.2/bin/../lib/gcc/arm-unknown-linux-gnu/3.4.2/../../../../arm-unknown-linux-gnu/sys-include/linux/cpumask.h: At top level:
/opt/cc/arm-unknown-linux-gnu-3.4.2/bin/../lib/gcc/arm-unknown-linux-gnu/3.4.2/../../../../arm-unknown-linux-gnu/sys-include/linux/cpumask.h:139: error: parse error before '*' token
/opt/cc/arm-unknown-linux-gnu-3.4.2/bin/../lib/gcc/arm-unknown-linux-gnu/3.4.2/../../../../arm-unknown-linux-gnu/sys-include/linux/cpumask.h: In function `__cpus_andnot':
/opt/cc/arm-unknown-linux-gnu-3.4.2/bin/../lib/gcc/arm-unknown-linux-gnu/3.4.2/../../../../arm-unknown-linux-gnu/sys-include/linux/cpumask.h:142: error: `dstp' undeclared (first use in this function)
/opt/cc/arm-unknown-linux-gnu-3.4.2/bin/../lib/gcc/arm-unknown-linux-gnu/3.4.2/../../../../arm-unknown-linux-gnu/sys-include/linux/cpumask.h:142: error: `src1p' undeclared (first use in this function)
/opt/cc/arm-unknown-linux-gnu-3.4.2/bin/../lib/gcc/arm-unknown-linux-gnu/3.4.2/../../../../arm-unknown-linux-gnu/sys-include/linux/cpumask.h:142: error: `src2p' undeclared (first use in this function)
/opt/cc/arm-unknown-linux-gnu-3.4.2/bin/../lib/gcc/arm-unknown-linux-gnu/3.4.2/../../../../arm-unknown-linux-gnu/sys-include/linux/cpumask.h:142: error: `nbits' undeclared (first use in this function)
/opt/cc/arm-unknown-linux-gnu-3.4.2/bin/../lib/gcc/arm-unknown-linux-gnu/3.4.2/../../../../arm-unknown-linux-gnu/sys-include/linux/cpumask.h: At top level:
/opt/cc/arm-unknown-linux-gnu-3.4.2/bin/../lib/gcc/arm-unknown-linux-gnu/3.4.2/../../../../arm-unknown-linux-gnu/sys-include/linux/cpumask.h:146: error: parse error before '*' token
/opt/cc/arm-unknown-linux-gnu-3.4.2/bin/../lib/gcc/arm-unknown-linux-gnu/3.4.2/../../../../arm-unknown-linux-gnu/sys-include/linux/cpumask.h: In function `__cpus_complement':
/opt/cc/arm-unknown-linux-gnu-3.4.2/bin/../lib/gcc/arm-unknown-linux-gnu/3.4.2/../../../../arm-unknown-linux-gnu/sys-include/linux/cpumask.h:149: error: `dstp' undeclared (first use in this function)
/opt/cc/arm-unknown-linux-gnu-3.4.2/bin/../lib/gcc/arm-unknown-linux-gnu/3.4.2/../../../../arm-unknown-linux-gnu/sys-include/linux/cpumask.h:149: error: `srcp' undeclared (first use in this function)
/opt/cc/arm-unknown-linux-gnu-3.4.2/bin/../lib/gcc/arm-unknown-linux-gnu/3.4.2/../../../../arm-unknown-linux-gnu/sys-include/linux/cpumask.h:149: error: `nbits' undeclared (first use in this function)
/opt/cc/arm-unknown-linux-gnu-3.4.2/bin/../lib/gcc/arm-unknown-linux-gnu/3.4.2/../../../../arm-unknown-linux-gnu/sys-include/linux/cpumask.h: At top level:
/opt/cc/arm-unknown-linux-gnu-3.4.2/bin/../lib/gcc/arm-unknown-linux-gnu/3.4.2/../../../../arm-unknown-linux-gnu/sys-include/linux/cpumask.h:153: error: parse error before '*' token
/opt/cc/arm-unknown-linux-gnu-3.4.2/bin/../lib/gcc/arm-unknown-linux-gnu/3.4.2/../../../../arm-unknown-linux-gnu/sys-include/linux/cpumask.h: In function `__cpus_equal':
/opt/cc/arm-unknown-linux-gnu-3.4.2/bin/../lib/gcc/arm-unknown-linux-gnu/3.4.2/../../../../arm-unknown-linux-gnu/sys-include/linux/cpumask.h:156: error: `src1p' undeclared (first use in this function)
/opt/cc/arm-unknown-linux-gnu-3.4.2/bin/../lib/gcc/arm-unknown-linux-gnu/3.4.2/../../../../arm-unknown-linux-gnu/sys-include/linux/cpumask.h:156: error: `src2p' undeclared (first use in this function)
/opt/cc/arm-unknown-linux-gnu-3.4.2/bin/../lib/gcc/arm-unknown-linux-gnu/3.4.2/../../../../arm-unknown-linux-gnu/sys-include/linux/cpumask.h:156: error: `nbits' undeclared (first use in this function)
/opt/cc/arm-unknown-linux-gnu-3.4.2/bin/../lib/gcc/arm-unknown-linux-gnu/3.4.2/../../../../arm-unknown-linux-gnu/sys-include/linux/cpumask.h: At top level:
/opt/cc/arm-unknown-linux-gnu-3.4.2/bin/../lib/gcc/arm-unknown-linux-gnu/3.4.2/../../../../arm-unknown-linux-gnu/sys-include/linux/cpumask.h:160: error: parse error before '*' token
/opt/cc/arm-unknown-linux-gnu-3.4.2/bin/../lib/gcc/arm-unknown-linux-gnu/3.4.2/../../../../arm-unknown-linux-gnu/sys-include/linux/cpumask.h: In function `__cpus_intersects':
/opt/cc/arm-unknown-linux-gnu-3.4.2/bin/../lib/gcc/arm-unknown-linux-gnu/3.4.2/../../../../arm-unknown-linux-gnu/sys-include/linux/cpumask.h:163: error: `src1p' undeclared (first use in this function)
/opt/cc/arm-unknown-linux-gnu-3.4.2/bin/../lib/gcc/arm-unknown-linux-gnu/3.4.2/../../../../arm-unknown-linux-gnu/sys-include/linux/cpumask.h:163: error: `src2p' undeclared (first use in this function)
/opt/cc/arm-unknown-linux-gnu-3.4.2/bin/../lib/gcc/arm-unknown-linux-gnu/3.4.2/../../../../arm-unknown-linux-gnu/sys-include/linux/cpumask.h:163: error: `nbits' undeclared (first use in this function)
/opt/cc/arm-unknown-linux-gnu-3.4.2/bin/../lib/gcc/arm-unknown-linux-gnu/3.4.2/../../../../arm-unknown-linux-gnu/sys-include/linux/cpumask.h: At top level:
/opt/cc/arm-unknown-linux-gnu-3.4.2/bin/../lib/gcc/arm-unknown-linux-gnu/3.4.2/../../../../arm-unknown-linux-gnu/sys-include/linux/cpumask.h:167: error: parse error before '*' token
/opt/cc/arm-unknown-linux-gnu-3.4.2/bin/../lib/gcc/arm-unknown-linux-gnu/3.4.2/../../../../arm-unknown-linux-gnu/sys-include/linux/cpumask.h: In function `__cpus_subset':
/opt/cc/arm-unknown-linux-gnu-3.4.2/bin/../lib/gcc/arm-unknown-linux-gnu/3.4.2/../../../../arm-unknown-linux-gnu/sys-include/linux/cpumask.h:170: error: `src1p' undeclared (first use in this function)
/opt/cc/arm-unknown-linux-gnu-3.4.2/bin/../lib/gcc/arm-unknown-linux-gnu/3.4.2/../../../../arm-unknown-linux-gnu/sys-include/linux/cpumask.h:170: error: `src2p' undeclared (first use in this function)
/opt/cc/arm-unknown-linux-gnu-3.4.2/bin/../lib/gcc/arm-unknown-linux-gnu/3.4.2/../../../../arm-unknown-linux-gnu/sys-include/linux/cpumask.h:170: error: `nbits' undeclared (first use in this function)
/opt/cc/arm-unknown-linux-gnu-3.4.2/bin/../lib/gcc/arm-unknown-linux-gnu/3.4.2/../../../../arm-unknown-linux-gnu/sys-include/linux/cpumask.h: At top level:
/opt/cc/arm-unknown-linux-gnu-3.4.2/bin/../lib/gcc/arm-unknown-linux-gnu/3.4.2/../../../../arm-unknown-linux-gnu/sys-include/linux/cpumask.h:174: error: parse error before '*' token
/opt/cc/arm-unknown-linux-gnu-3.4.2/bin/../lib/gcc/arm-unknown-linux-gnu/3.4.2/../../../../arm-unknown-linux-gnu/sys-include/linux/cpumask.h: In function `__cpus_empty':
/opt/cc/arm-unknown-linux-gnu-3.4.2/bin/../lib/gcc/arm-unknown-linux-gnu/3.4.2/../../../../arm-unknown-linux-gnu/sys-include/linux/cpumask.h:176: error: `srcp' undeclared (first use in this function)
/opt/cc/arm-unknown-linux-gnu-3.4.2/bin/../lib/gcc/arm-unknown-linux-gnu/3.4.2/../../../../arm-unknown-linux-gnu/sys-include/linux/cpumask.h:176: error: `nbits' undeclared (first use in this function)
/opt/cc/arm-unknown-linux-gnu-3.4.2/bin/../lib/gcc/arm-unknown-linux-gnu/3.4.2/../../../../arm-unknown-linux-gnu/sys-include/linux/cpumask.h: At top level:
/opt/cc/arm-unknown-linux-gnu-3.4.2/bin/../lib/gcc/arm-unknown-linux-gnu/3.4.2/../../../../arm-unknown-linux-gnu/sys-include/linux/cpumask.h:180: error: parse error before '*' token
/opt/cc/arm-unknown-linux-gnu-3.4.2/bin/../lib/gcc/arm-unknown-linux-gnu/3.4.2/../../../../arm-unknown-linux-gnu/sys-include/linux/cpumask.h: In function `__cpus_full':
/opt/cc/arm-unknown-linux-gnu-3.4.2/bin/../lib/gcc/arm-unknown-linux-gnu/3.4.2/../../../../arm-unknown-linux-gnu/sys-include/linux/cpumask.h:182: error: `srcp' undeclared (first use in this function)
/opt/cc/arm-unknown-linux-gnu-3.4.2/bin/../lib/gcc/arm-unknown-linux-gnu/3.4.2/../../../../arm-unknown-linux-gnu/sys-include/linux/cpumask.h:182: error: `nbits' undeclared (first use in this function)
/opt/cc/arm-unknown-linux-gnu-3.4.2/bin/../lib/gcc/arm-unknown-linux-gnu/3.4.2/../../../../arm-unknown-linux-gnu/sys-include/linux/cpumask.h: At top level:
/opt/cc/arm-unknown-linux-gnu-3.4.2/bin/../lib/gcc/arm-unknown-linux-gnu/3.4.2/../../../../arm-unknown-linux-gnu/sys-include/linux/cpumask.h:186: error: parse error before '*' token
/opt/cc/arm-unknown-linux-gnu-3.4.2/bin/../lib/gcc/arm-unknown-linux-gnu/3.4.2/../../../../arm-unknown-linux-gnu/sys-include/linux/cpumask.h: In function `__cpus_weight':
/opt/cc/arm-unknown-linux-gnu-3.4.2/bin/../lib/gcc/arm-unknown-linux-gnu/3.4.2/../../../../arm-unknown-linux-gnu/sys-include/linux/cpumask.h:188: error: `srcp' undeclared (first use in this function)
/opt/cc/arm-unknown-linux-gnu-3.4.2/bin/../lib/gcc/arm-unknown-linux-gnu/3.4.2/../../../../arm-unknown-linux-gnu/sys-include/linux/cpumask.h:188: error: `nbits' undeclared (first use in this function)
/opt/cc/arm-unknown-linux-gnu-3.4.2/bin/../lib/gcc/arm-unknown-linux-gnu/3.4.2/../../../../arm-unknown-linux-gnu/sys-include/linux/cpumask.h: At top level:
/opt/cc/arm-unknown-linux-gnu-3.4.2/bin/../lib/gcc/arm-unknown-linux-gnu/3.4.2/../../../../arm-unknown-linux-gnu/sys-include/linux/cpumask.h:193: error: parse error before '*' token
/opt/cc/arm-unknown-linux-gnu-3.4.2/bin/../lib/gcc/arm-unknown-linux-gnu/3.4.2/../../../../arm-unknown-linux-gnu/sys-include/linux/cpumask.h: In function `__cpus_shift_right':
/opt/cc/arm-unknown-linux-gnu-3.4.2/bin/../lib/gcc/arm-unknown-linux-gnu/3.4.2/../../../../arm-unknown-linux-gnu/sys-include/linux/cpumask.h:196: error: `dstp' undeclared (first use in this function)
/opt/cc/arm-unknown-linux-gnu-3.4.2/bin/../lib/gcc/arm-unknown-linux-gnu/3.4.2/../../../../arm-unknown-linux-gnu/sys-include/linux/cpumask.h:196: error: `srcp' undeclared (first use in this function)
/opt/cc/arm-unknown-linux-gnu-3.4.2/bin/../lib/gcc/arm-unknown-linux-gnu/3.4.2/../../../../arm-unknown-linux-gnu/sys-include/linux/cpumask.h:196: error: `n' undeclared (first use in this function)
/opt/cc/arm-unknown-linux-gnu-3.4.2/bin/../lib/gcc/arm-unknown-linux-gnu/3.4.2/../../../../arm-unknown-linux-gnu/sys-include/linux/cpumask.h:196: error: `nbits' undeclared (first use in this function)
/opt/cc/arm-unknown-linux-gnu-3.4.2/bin/../lib/gcc/arm-unknown-linux-gnu/3.4.2/../../../../arm-unknown-linux-gnu/sys-include/linux/cpumask.h: At top level:
/opt/cc/arm-unknown-linux-gnu-3.4.2/bin/../lib/gcc/arm-unknown-linux-gnu/3.4.2/../../../../arm-unknown-linux-gnu/sys-include/linux/cpumask.h:201: error: parse error before '*' token
/opt/cc/arm-unknown-linux-gnu-3.4.2/bin/../lib/gcc/arm-unknown-linux-gnu/3.4.2/../../../../arm-unknown-linux-gnu/sys-include/linux/cpumask.h: In function `__cpus_shift_left':
/opt/cc/arm-unknown-linux-gnu-3.4.2/bin/../lib/gcc/arm-unknown-linux-gnu/3.4.2/../../../../arm-unknown-linux-gnu/sys-include/linux/cpumask.h:204: error: `dstp' undeclared (first use in this function)
/opt/cc/arm-unknown-linux-gnu-3.4.2/bin/../lib/gcc/arm-unknown-linux-gnu/3.4.2/../../../../arm-unknown-linux-gnu/sys-include/linux/cpumask.h:204: error: `srcp' undeclared (first use in this function)
/opt/cc/arm-unknown-linux-gnu-3.4.2/bin/../lib/gcc/arm-unknown-linux-gnu/3.4.2/../../../../arm-unknown-linux-gnu/sys-include/linux/cpumask.h:204: error: `n' undeclared (first use in this function)
/opt/cc/arm-unknown-linux-gnu-3.4.2/bin/../lib/gcc/arm-unknown-linux-gnu/3.4.2/../../../../arm-unknown-linux-gnu/sys-include/linux/cpumask.h:204: error: `nbits' undeclared (first use in this function)
/opt/cc/arm-unknown-linux-gnu-3.4.2/bin/../lib/gcc/arm-unknown-linux-gnu/3.4.2/../../../../arm-unknown-linux-gnu/sys-include/linux/cpumask.h: At top level:
/opt/cc/arm-unknown-linux-gnu-3.4.2/bin/../lib/gcc/arm-unknown-linux-gnu/3.4.2/../../../../arm-unknown-linux-gnu/sys-include/linux/cpumask.h:208: error: parse error before '*' token
/opt/cc/arm-unknown-linux-gnu-3.4.2/bin/../lib/gcc/arm-unknown-linux-gnu/3.4.2/../../../../arm-unknown-linux-gnu/sys-include/linux/cpumask.h: In function `__first_cpu':
/opt/cc/arm-unknown-linux-gnu-3.4.2/bin/../lib/gcc/arm-unknown-linux-gnu/3.4.2/../../../../arm-unknown-linux-gnu/sys-include/linux/cpumask.h:210: error: `srcp' undeclared (first use in this function)
/opt/cc/arm-unknown-linux-gnu-3.4.2/bin/../lib/gcc/arm-unknown-linux-gnu/3.4.2/../../../../arm-unknown-linux-gnu/sys-include/linux/cpumask.h:210: error: `nbits' undeclared (first use in this function)
/opt/cc/arm-unknown-linux-gnu-3.4.2/bin/../lib/gcc/arm-unknown-linux-gnu/3.4.2/../../../../arm-unknown-linux-gnu/sys-include/linux/cpumask.h: At top level:
/opt/cc/arm-unknown-linux-gnu-3.4.2/bin/../lib/gcc/arm-unknown-linux-gnu/3.4.2/../../../../arm-unknown-linux-gnu/sys-include/linux/cpumask.h:214: error: parse error before '*' token
/opt/cc/arm-unknown-linux-gnu-3.4.2/bin/../lib/gcc/arm-unknown-linux-gnu/3.4.2/../../../../arm-unknown-linux-gnu/sys-include/linux/cpumask.h: In function `__next_cpu':
/opt/cc/arm-unknown-linux-gnu-3.4.2/bin/../lib/gcc/arm-unknown-linux-gnu/3.4.2/../../../../arm-unknown-linux-gnu/sys-include/linux/cpumask.h:216: error: `srcp' undeclared (first use in this function)
/opt/cc/arm-unknown-linux-gnu-3.4.2/bin/../lib/gcc/arm-unknown-linux-gnu/3.4.2/../../../../arm-unknown-linux-gnu/sys-include/linux/cpumask.h:216: error: `nbits' undeclared (first use in this function)
/opt/cc/arm-unknown-linux-gnu-3.4.2/bin/../lib/gcc/arm-unknown-linux-gnu/3.4.2/../../../../arm-unknown-linux-gnu/sys-include/linux/cpumask.h:216: error: `n' undeclared (first use in this function)
/opt/cc/arm-unknown-linux-gnu-3.4.2/bin/../lib/gcc/arm-unknown-linux-gnu/3.4.2/../../../../arm-unknown-linux-gnu/sys-include/linux/cpumask.h: At top level:
/opt/cc/arm-unknown-linux-gnu-3.4.2/bin/../lib/gcc/arm-unknown-linux-gnu/3.4.2/../../../../arm-unknown-linux-gnu/sys-include/linux/cpumask.h:265: error: parse error before '*' token
/opt/cc/arm-unknown-linux-gnu-3.4.2/bin/../lib/gcc/arm-unknown-linux-gnu/3.4.2/../../../../arm-unknown-linux-gnu/sys-include/linux/cpumask.h: In function `__cpumask_scnprintf':
/opt/cc/arm-unknown-linux-gnu-3.4.2/bin/../lib/gcc/arm-unknown-linux-gnu/3.4.2/../../../../arm-unknown-linux-gnu/sys-include/linux/cpumask.h:267: error: `buf' undeclared (first use in this function)
/opt/cc/arm-unknown-linux-gnu-3.4.2/bin/../lib/gcc/arm-unknown-linux-gnu/3.4.2/../../../../arm-unknown-linux-gnu/sys-include/linux/cpumask.h:267: error: `len' undeclared (first use in this function)
/opt/cc/arm-unknown-linux-gnu-3.4.2/bin/../lib/gcc/arm-unknown-linux-gnu/3.4.2/../../../../arm-unknown-linux-gnu/sys-include/linux/cpumask.h:267: error: `srcp' undeclared (first use in this function)
/opt/cc/arm-unknown-linux-gnu-3.4.2/bin/../lib/gcc/arm-unknown-linux-gnu/3.4.2/../../../../arm-unknown-linux-gnu/sys-include/linux/cpumask.h:267: error: `nbits' undeclared (first use in this function)
/opt/cc/arm-unknown-linux-gnu-3.4.2/bin/../lib/gcc/arm-unknown-linux-gnu/3.4.2/../../../../arm-unknown-linux-gnu/sys-include/linux/cpumask.h: At top level:
/opt/cc/arm-unknown-linux-gnu-3.4.2/bin/../lib/gcc/arm-unknown-linux-gnu/3.4.2/../../../../arm-unknown-linux-gnu/sys-include/linux/cpumask.h:273: error: parse error before "cpumask_t"
/opt/cc/arm-unknown-linux-gnu-3.4.2/bin/../lib/gcc/arm-unknown-linux-gnu/3.4.2/../../../../arm-unknown-linux-gnu/sys-include/linux/cpumask.h: In function `__cpumask_parse':
/opt/cc/arm-unknown-linux-gnu-3.4.2/bin/../lib/gcc/arm-unknown-linux-gnu/3.4.2/../../../../arm-unknown-linux-gnu/sys-include/linux/cpumask.h:275: error: `buf' undeclared (first use in this function)
/opt/cc/arm-unknown-linux-gnu-3.4.2/bin/../lib/gcc/arm-unknown-linux-gnu/3.4.2/../../../../arm-unknown-linux-gnu/sys-include/linux/cpumask.h:275: error: `len' undeclared (first use in this function)
/opt/cc/arm-unknown-linux-gnu-3.4.2/bin/../lib/gcc/arm-unknown-linux-gnu/3.4.2/../../../../arm-unknown-linux-gnu/sys-include/linux/cpumask.h:275: error: `dstp' undeclared (first use in this function)
/opt/cc/arm-unknown-linux-gnu-3.4.2/bin/../lib/gcc/arm-unknown-linux-gnu/3.4.2/../../../../arm-unknown-linux-gnu/sys-include/linux/cpumask.h:275: error: `nbits' undeclared (first use in this function)
/opt/cc/arm-unknown-linux-gnu-3.4.2/bin/../lib/gcc/arm-unknown-linux-gnu/3.4.2/../../../../arm-unknown-linux-gnu/sys-include/linux/cpumask.h: At top level:
/opt/cc/arm-unknown-linux-gnu-3.4.2/bin/../lib/gcc/arm-unknown-linux-gnu/3.4.2/../../../../arm-unknown-linux-gnu/sys-include/linux/cpumask.h:343: error: parse error before "cpu_possible_map"
/opt/cc/arm-unknown-linux-gnu-3.4.2/bin/../lib/gcc/arm-unknown-linux-gnu/3.4.2/../../../../arm-unknown-linux-gnu/sys-include/linux/cpumask.h:344: error: parse error before "cpu_online_map"
/opt/cc/arm-unknown-linux-gnu-3.4.2/bin/../lib/gcc/arm-unknown-linux-gnu/3.4.2/../../../../arm-unknown-linux-gnu/sys-include/linux/cpumask.h:345: error: parse error before "cpu_present_map"
In file included from /opt/cc/arm-unknown-linux-gnu-3.4.2/bin/../lib/gcc/arm-unknown-linux-gnu/3.4.2/../../../../arm-unknown-linux-gnu/sys-include/linux/sched.h:18,
                 from /opt/cc/arm-unknown-linux-gnu-3.4.2/bin/../lib/gcc/arm-unknown-linux-gnu/3.4.2/../../../../arm-unknown-linux-gnu/sys-include/linux/module.h:10,
                 from rt-app-m.c:11:
/opt/cc/arm-unknown-linux-gnu-3.4.2/bin/../lib/gcc/arm-unknown-linux-gnu/3.4.2/../../../../arm-unknown-linux-gnu/sys-include/asm/semaphore.h:18: error: parse error before "wait_queue_head_t"
/opt/cc/arm-unknown-linux-gnu-3.4.2/bin/../lib/gcc/arm-unknown-linux-gnu/3.4.2/../../../../arm-unknown-linux-gnu/sys-include/asm/semaphore.h: In function `sema_init':
/opt/cc/arm-unknown-linux-gnu-3.4.2/bin/../lib/gcc/arm-unknown-linux-gnu/3.4.2/../../../../arm-unknown-linux-gnu/sys-include/asm/semaphore.h:46: error: dereferencing pointer to incomplete type
/opt/cc/arm-unknown-linux-gnu-3.4.2/bin/../lib/gcc/arm-unknown-linux-gnu/3.4.2/../../../../arm-unknown-linux-gnu/sys-include/asm/semaphore.h:47: error: dereferencing pointer to incomplete type
/opt/cc/arm-unknown-linux-gnu-3.4.2/bin/../lib/gcc/arm-unknown-linux-gnu/3.4.2/../../../../arm-unknown-linux-gnu/sys-include/asm/semaphore.h:48: error: dereferencing pointer to incomplete type
/opt/cc/arm-unknown-linux-gnu-3.4.2/bin/../lib/gcc/arm-unknown-linux-gnu/3.4.2/../../../../arm-unknown-linux-gnu/sys-include/asm/semaphore.h: In function `sema_count':
/opt/cc/arm-unknown-linux-gnu-3.4.2/bin/../lib/gcc/arm-unknown-linux-gnu/3.4.2/../../../../arm-unknown-linux-gnu/sys-include/asm/semaphore.h:66: error: dereferencing pointer to incomplete type
In file included from /opt/cc/arm-unknown-linux-gnu-3.4.2/bin/../lib/gcc/arm-unknown-linux-gnu/3.4.2/../../../../arm-unknown-linux-gnu/sys-include/linux/signal.h:4,
                 from /opt/cc/arm-unknown-linux-gnu-3.4.2/bin/../lib/gcc/arm-unknown-linux-gnu/3.4.2/../../../../arm-unknown-linux-gnu/sys-include/linux/sched.h:25,
                 from /opt/cc/arm-unknown-linux-gnu-3.4.2/bin/../lib/gcc/arm-unknown-linux-gnu/3.4.2/../../../../arm-unknown-linux-gnu/sys-include/linux/module.h:10,
                 from rt-app-m.c:11:
/opt/cc/arm-unknown-linux-gnu-3.4.2/bin/../lib/gcc/arm-unknown-linux-gnu/3.4.2/../../../../arm-unknown-linux-gnu/sys-include/linux/list.h:699:2: warning: #warning "don't include kernel headers in userspace"
In file included from /opt/cc/arm-unknown-linux-gnu-3.4.2/bin/../lib/gcc/arm-unknown-linux-gnu/3.4.2/../../../../arm-unknown-linux-gnu/sys-include/asm/siginfo.h:4,
                 from /opt/cc/arm-unknown-linux-gnu-3.4.2/bin/../lib/gcc/arm-unknown-linux-gnu/3.4.2/../../../../arm-unknown-linux-gnu/sys-include/linux/signal.h:7,
                 from /opt/cc/arm-unknown-linux-gnu-3.4.2/bin/../lib/gcc/arm-unknown-linux-gnu/3.4.2/../../../../arm-unknown-linux-gnu/sys-include/linux/sched.h:25,
                 from /opt/cc/arm-unknown-linux-gnu-3.4.2/bin/../lib/gcc/arm-unknown-linux-gnu/3.4.2/../../../../arm-unknown-linux-gnu/sys-include/linux/module.h:10,
                 from rt-app-m.c:11:
/opt/cc/arm-unknown-linux-gnu-3.4.2/bin/../lib/gcc/arm-unknown-linux-gnu/3.4.2/../../../../arm-unknown-linux-gnu/sys-include/asm-generic/siginfo.h: At top level:
/opt/cc/arm-unknown-linux-gnu-3.4.2/bin/../lib/gcc/arm-unknown-linux-gnu/3.4.2/../../../../arm-unknown-linux-gnu/sys-include/asm-generic/siginfo.h:58: error: size of array `_pad' is too large
In file included from /opt/cc/arm-unknown-linux-gnu-3.4.2/bin/../lib/gcc/arm-unknown-linux-gnu/3.4.2/../../../../arm-unknown-linux-gnu/sys-include/linux/sched.h:29,
                 from /opt/cc/arm-unknown-linux-gnu-3.4.2/bin/../lib/gcc/arm-unknown-linux-gnu/3.4.2/../../../../arm-unknown-linux-gnu/sys-include/linux/module.h:10,
                 from rt-app-m.c:11:
/opt/cc/arm-unknown-linux-gnu-3.4.2/bin/../lib/gcc/arm-unknown-linux-gnu/3.4.2/../../../../arm-unknown-linux-gnu/sys-include/linux/completion.h:15: error: parse error before "wait_queue_head_t"
/opt/cc/arm-unknown-linux-gnu-3.4.2/bin/../lib/gcc/arm-unknown-linux-gnu/3.4.2/../../../../arm-unknown-linux-gnu/sys-include/linux/completion.h: In function `init_completion':
/opt/cc/arm-unknown-linux-gnu-3.4.2/bin/../lib/gcc/arm-unknown-linux-gnu/3.4.2/../../../../arm-unknown-linux-gnu/sys-include/linux/completion.h:26: error: dereferencing pointer to incomplete type
/opt/cc/arm-unknown-linux-gnu-3.4.2/bin/../lib/gcc/arm-unknown-linux-gnu/3.4.2/../../../../arm-unknown-linux-gnu/sys-include/linux/completion.h:27: error: dereferencing pointer to incomplete type
In file included from /opt/cc/arm-unknown-linux-gnu-3.4.2/bin/../lib/gcc/arm-unknown-linux-gnu/3.4.2/../../../../arm-unknown-linux-gnu/sys-include/linux/sched.h:30,
                 from /opt/cc/arm-unknown-linux-gnu-3.4.2/bin/../lib/gcc/arm-unknown-linux-gnu/3.4.2/../../../../arm-unknown-linux-gnu/sys-include/linux/module.h:10,
                 from rt-app-m.c:11:
/opt/cc/arm-unknown-linux-gnu-3.4.2/bin/../lib/gcc/arm-unknown-linux-gnu/3.4.2/../../../../arm-unknown-linux-gnu/sys-include/linux/pid.h: At top level:
/opt/cc/arm-unknown-linux-gnu-3.4.2/bin/../lib/gcc/arm-unknown-linux-gnu/3.4.2/../../../../arm-unknown-linux-gnu/sys-include/linux/pid.h:18: error: field `task_list' has incomplete type
/opt/cc/arm-unknown-linux-gnu-3.4.2/bin/../lib/gcc/arm-unknown-linux-gnu/3.4.2/../../../../arm-unknown-linux-gnu/sys-include/linux/pid.h:19: error: field `hash_chain' has incomplete type
/opt/cc/arm-unknown-linux-gnu-3.4.2/bin/../lib/gcc/arm-unknown-linux-gnu/3.4.2/../../../../arm-unknown-linux-gnu/sys-include/linux/pid.h:24: error: field `pid_chain' has incomplete type
In file included from /opt/cc/arm-unknown-linux-gnu-3.4.2/bin/../lib/gcc/arm-unknown-linux-gnu/3.4.2/../../../../arm-unknown-linux-gnu/sys-include/linux/sched.h:31,
                 from /opt/cc/arm-unknown-linux-gnu-3.4.2/bin/../lib/gcc/arm-unknown-linux-gnu/3.4.2/../../../../arm-unknown-linux-gnu/sys-include/linux/module.h:10,
                 from rt-app-m.c:11:
/opt/cc/arm-unknown-linux-gnu-3.4.2/bin/../lib/gcc/arm-unknown-linux-gnu/3.4.2/../../../../arm-unknown-linux-gnu/sys-include/linux/percpu.h: In function `__alloc_percpu':
/opt/cc/arm-unknown-linux-gnu-3.4.2/bin/../lib/gcc/arm-unknown-linux-gnu/3.4.2/../../../../arm-unknown-linux-gnu/sys-include/linux/percpu.h:45: error: `GFP_KERNEL' undeclared (first use in this function)
In file included from /opt/cc/arm-unknown-linux-gnu-3.4.2/bin/../lib/gcc/arm-unknown-linux-gnu/3.4.2/../../../../arm-unknown-linux-gnu/sys-include/linux/sched.h:102,
                 from /opt/cc/arm-unknown-linux-gnu-3.4.2/bin/../lib/gcc/arm-unknown-linux-gnu/3.4.2/../../../../arm-unknown-linux-gnu/sys-include/linux/module.h:10,
                 from rt-app-m.c:11:
/opt/cc/arm-unknown-linux-gnu-3.4.2/bin/../lib/gcc/arm-unknown-linux-gnu/3.4.2/../../../../arm-unknown-linux-gnu/sys-include/linux/timer.h: At top level:
/opt/cc/arm-unknown-linux-gnu-3.4.2/bin/../lib/gcc/arm-unknown-linux-gnu/3.4.2/../../../../arm-unknown-linux-gnu/sys-include/linux/timer.h:12: error: field `entry' has incomplete type
In file included from /opt/cc/arm-unknown-linux-gnu-3.4.2/bin/../lib/gcc/arm-unknown-linux-gnu/3.4.2/../../../../arm-unknown-linux-gnu/sys-include/asm/irq.h:4,
                 from /opt/cc/arm-unknown-linux-gnu-3.4.2/bin/../lib/gcc/arm-unknown-linux-gnu/3.4.2/../../../../arm-unknown-linux-gnu/sys-include/asm/hardirq.h:7,
                 from /opt/cc/arm-unknown-linux-gnu-3.4.2/bin/../lib/gcc/arm-unknown-linux-gnu/3.4.2/../../../../arm-unknown-linux-gnu/sys-include/asm-generic/local.h:7,
                 from /opt/cc/arm-unknown-linux-gnu-3.4.2/bin/../lib/gcc/arm-unknown-linux-gnu/3.4.2/../../../../arm-unknown-linux-gnu/sys-include/asm/local.h:1,
                 from /opt/cc/arm-unknown-linux-gnu-3.4.2/bin/../lib/gcc/arm-unknown-linux-gnu/3.4.2/../../../../arm-unknown-linux-gnu/sys-include/linux/module.h:21,
                 from rt-app-m.c:11:
/opt/cc/arm-unknown-linux-gnu-3.4.2/bin/../lib/gcc/arm-unknown-linux-gnu/3.4.2/../../../../arm-unknown-linux-gnu/sys-include/asm/arch/irqs.h:11:28: asm/mach-types.h: No such file or directory
In file included from /opt/cc/arm-unknown-linux-gnu-3.4.2/bin/../lib/gcc/arm-unknown-linux-gnu/3.4.2/../../../../arm-unknown-linux-gnu/sys-include/asm/local.h:1,
                 from /opt/cc/arm-unknown-linux-gnu-3.4.2/bin/../lib/gcc/arm-unknown-linux-gnu/3.4.2/../../../../arm-unknown-linux-gnu/sys-include/linux/module.h:21,
                 from rt-app-m.c:11:
/opt/cc/arm-unknown-linux-gnu-3.4.2/bin/../lib/gcc/arm-unknown-linux-gnu/3.4.2/../../../../arm-unknown-linux-gnu/sys-include/asm-generic/local.h: In function `local_inc':
/opt/cc/arm-unknown-linux-gnu-3.4.2/bin/../lib/gcc/arm-unknown-linux-gnu/3.4.2/../../../../arm-unknown-linux-gnu/sys-include/asm-generic/local.h:65: error: invalid type argument of `->'
/opt/cc/arm-unknown-linux-gnu-3.4.2/bin/../lib/gcc/arm-unknown-linux-gnu/3.4.2/../../../../arm-unknown-linux-gnu/sys-include/asm-generic/local.h:65: error: invalid type argument of `->'
/opt/cc/arm-unknown-linux-gnu-3.4.2/bin/../lib/gcc/arm-unknown-linux-gnu/3.4.2/../../../../arm-unknown-linux-gnu/sys-include/asm-generic/local.h: In function `local_dec':
/opt/cc/arm-unknown-linux-gnu-3.4.2/bin/../lib/gcc/arm-unknown-linux-gnu/3.4.2/../../../../arm-unknown-linux-gnu/sys-include/asm-generic/local.h:72: error: invalid type argument of `->'
/opt/cc/arm-unknown-linux-gnu-3.4.2/bin/../lib/gcc/arm-unknown-linux-gnu/3.4.2/../../../../arm-unknown-linux-gnu/sys-include/asm-generic/local.h:72: error: invalid type argument of `->'
/opt/cc/arm-unknown-linux-gnu-3.4.2/bin/../lib/gcc/arm-unknown-linux-gnu/3.4.2/../../../../arm-unknown-linux-gnu/sys-include/asm-generic/local.h: In function `local_add':
/opt/cc/arm-unknown-linux-gnu-3.4.2/bin/../lib/gcc/arm-unknown-linux-gnu/3.4.2/../../../../arm-unknown-linux-gnu/sys-include/asm-generic/local.h:79: error: invalid type argument of `->'
/opt/cc/arm-unknown-linux-gnu-3.4.2/bin/../lib/gcc/arm-unknown-linux-gnu/3.4.2/../../../../arm-unknown-linux-gnu/sys-include/asm-generic/local.h:79: error: invalid type argument of `->'
/opt/cc/arm-unknown-linux-gnu-3.4.2/bin/../lib/gcc/arm-unknown-linux-gnu/3.4.2/../../../../arm-unknown-linux-gnu/sys-include/asm-generic/local.h: In function `local_sub':
/opt/cc/arm-unknown-linux-gnu-3.4.2/bin/../lib/gcc/arm-unknown-linux-gnu/3.4.2/../../../../arm-unknown-linux-gnu/sys-include/asm-generic/local.h:86: error: invalid type argument of `->'
/opt/cc/arm-unknown-linux-gnu-3.4.2/bin/../lib/gcc/arm-unknown-linux-gnu/3.4.2/../../../../arm-unknown-linux-gnu/sys-include/asm-generic/local.h:86: error: invalid type argument of `->'
rt-app-m.c:13:25: native/task.h: No such file or directory
rt-app-m.c:14:25: native/intr.h: No such file or directory
rt-app-m.c:15:26: native/event.h: No such file or directory
rt-app-m.c:16:26: native/alarm.h: No such file or directory
rt-app-m.c:17:26: native/timer.h: No such file or directory
rt-app-m.c:18:26: native/mutex.h: No such file or directory
In file included from rt-app-m.c:20:
xeno-i2c.h: At top level:
xeno-i2c.h:16: warning: no semicolon at end of struct or union
xeno-i2c.h:16: error: parse error before "iadr"
xeno-i2c.h:17: error: parse error before "ifdr"
xeno-i2c.h:17: warning: data definition has no type or storage class
xeno-i2c.h:18: error: parse error before "i2cr"
xeno-i2c.h:18: warning: data definition has no type or storage class
xeno-i2c.h:19: error: parse error before "i2sr"
xeno-i2c.h:19: warning: data definition has no type or storage class
xeno-i2c.h:20: error: parse error before "i2dr"
xeno-i2c.h:20: warning: data definition has no type or storage class
In file included from rt-app-m.c:23:
pca9554-m.h:2: warning: "struct file" declared inside parameter list
pca9554-m.h:2: warning: "struct inode" declared inside parameter list
pca9554-m.h:3: warning: "struct file" declared inside parameter list
pca9554-m.h:3: warning: "struct inode" declared inside parameter list
pca9554-m.h:4: warning: "struct file" declared inside parameter list
pca9554-m.h:4: warning: "struct inode" declared inside parameter list
pca9554-m.h:5: warning: "struct file" declared inside parameter list
pca9554-m.h:6: warning: "struct file" declared inside parameter list
rt-app-m.c:28: error: parse error before "isrDesc"
rt-app-m.c:28: warning: data definition has no type or storage class
rt-app-m.c:29: error: parse error before "menu_task"
rt-app-m.c:29: warning: data definition has no type or storage class
rt-app-m.c:71: warning: "struct xnintr" declared inside parameter list
rt-app-m.c: In function `imx_i2c_handler':
rt-app-m.c:74: error: dereferencing pointer to incomplete type
rt-app-m.c:77: error: `u32' undeclared (first use in this function)
rt-app-m.c:77: error: parse error before numeric constant
rt-app-m.c:81: error: dereferencing pointer to incomplete type
rt-app-m.c:81: error: dereferencing pointer to incomplete type
rt-app-m.c:81: error: parse error before numeric constant
rt-app-m.c:83: error: `RT_INTR_HANDLED' undeclared (first use in this function)
rt-app-m.c: In function `init_module':
rt-app-m.c:93: error: `TM_ONESHOT' undeclared (first use in this function)
rt-app-m.c:115: error: `INT_I2C' undeclared (first use in this function)
make: *** [rt-app-m] Erreur 1

**** Build Finished ****

**** Build of configuration Default for project rt-app ****

make all 
make -C /home/redsuser/src/linux-2.6.14-imx21-xenomai M=/home/redsuser/etudiant/villet/iem-space-invader/rt-app ARCH=arm CROSS_COMPILE=arm-unknown-linux-gnu-
make[1]: entrant dans le répertoire « /home/redsuser/src/linux-2.6.14-imx21-xenomai »
  CC [M]  /home/redsuser/etudiant/villet/iem-space-invader/rt-app/rt-app-m.o
In file included from /home/redsuser/etudiant/villet/iem-space-invader/rt-app/rt-app-m.c:25:
/home/redsuser/etudiant/villet/iem-space-invader/rt-app/menu.h:9: warning: function declaration isn't a prototype
/home/redsuser/etudiant/villet/iem-space-invader/rt-app/rt-app-m.c: In function `space_invader':
/home/redsuser/etudiant/villet/iem-space-invader/rt-app/rt-app-m.c:37: warning: passing arg 6 of `rt_task_spawn' from incompatible pointer type
  LD [M]  /home/redsuser/etudiant/villet/iem-space-invader/rt-app/rt-app.o
  LD [M]  /home/redsuser/etudiant/villet/iem-space-invader/rt-app/pca9554.o
  Building modules, stage 2.
  MODPOST
*** Warning: "pca9554_open" [/home/redsuser/etudiant/villet/iem-space-invader/rt-app/rt-app.ko] undefined!
  LD [M]  /home/redsuser/etudiant/villet/iem-space-invader/rt-app/pca9554.ko
*** Warning: "pca9554_close" [/home/redsuser/etudiant/villet/iem-space-invader/rt-app/rt-app.ko] undefined!
  LD [M]  /home/redsuser/etudiant/villet/iem-space-invader/rt-app/rt-app.ko
make[1]: quittant le répertoire « /home/redsuser/src/linux-2.6.14-imx21-xenomai »
arm-unknown-linux-gnu-gcc   rt-app-m.o   -o rt-app-m
/opt/cc/arm-unknown-linux-gnu-3.4.2/bin/../lib/gcc/arm-unknown-linux-gnu/3.4.2/../../../../arm-unknown-linux-gnu/bin/ld: ERROR: /opt/cc/arm-unknown-linux-gnu-3.4.2/bin/../lib/gcc/arm-unknown-linux-gnu/3.4.2/../../../../arm-unknown-linux-gnu/lib/libgcc_s.so uses hardware FP, whereas rt-app-m uses software FP
/opt/cc/arm-unknown-linux-gnu-3.4.2/bin/../lib/gcc/arm-unknown-linux-gnu/3.4.2/../../../../arm-unknown-linux-gnu/bin/ld: failed to merge target specific data of file /opt/cc/arm-unknown-linux-gnu-3.4.2/bin/../lib/gcc/arm-unknown-linux-gnu/3.4.2/../../../../arm-unknown-linux-gnu/lib/libgcc_s.so
/opt/cc/arm-unknown-linux-gnu-3.4.2/bin/../lib/gcc/arm-unknown-linux-gnu/3.4.2/../../../../arm-unknown-linux-gnu/bin/ld: ERROR: /opt/cc/arm-unknown-linux-gnu-3.4.2/bin/../lib/gcc/arm-unknown-linux-gnu/3.4.2/../../../../arm-unknown-linux-gnu/lib/libc.so.6 uses hardware FP, whereas rt-app-m uses software FP
/opt/cc/arm-unknown-linux-gnu-3.4.2/bin/../lib/gcc/arm-unknown-linux-gnu/3.4.2/../../../../arm-unknown-linux-gnu/bin/ld: failed to merge target specific data of file /opt/cc/arm-unknown-linux-gnu-3.4.2/bin/../lib/gcc/arm-unknown-linux-gnu/3.4.2/../../../../arm-unknown-linux-gnu/lib/libc.so.6
/opt/cc/arm-unknown-linux-gnu-3.4.2/bin/../lib/gcc/arm-unknown-linux-gnu/3.4.2/../../../../arm-unknown-linux-gnu/bin/ld: ERROR: /opt/cc/arm-unknown-linux-gnu-3.4.2/bin/../lib/gcc/arm-unknown-linux-gnu/3.4.2/../../../../arm-unknown-linux-gnu/lib/libc_nonshared.a(elf-init.oST) uses hardware FP, whereas rt-app-m uses software FP
/opt/cc/arm-unknown-linux-gnu-3.4.2/bin/../lib/gcc/arm-unknown-linux-gnu/3.4.2/../../../../arm-unknown-linux-gnu/bin/ld: failed to merge target specific data of file /opt/cc/arm-unknown-linux-gnu-3.4.2/bin/../lib/gcc/arm-unknown-linux-gnu/3.4.2/../../../../arm-unknown-linux-gnu/lib/libc_nonshared.a(elf-init.oST)
/opt/cc/arm-unknown-linux-gnu-3.4.2/bin/../lib/gcc/arm-unknown-linux-gnu/3.4.2/../../../../arm-unknown-linux-gnu/bin/ld: ERROR: /opt/cc/arm-unknown-linux-gnu-3.4.2/bin/../lib/gcc/arm-unknown-linux-gnu/3.4.2/../../../../arm-unknown-linux-gnu/lib/libgcc_s.so uses hardware FP, whereas rt-app-m uses software FP
/opt/cc/arm-unknown-linux-gnu-3.4.2/bin/../lib/gcc/arm-unknown-linux-gnu/3.4.2/../../../../arm-unknown-linux-gnu/bin/ld: failed to merge target specific data of file /opt/cc/arm-unknown-linux-gnu-3.4.2/bin/../lib/gcc/arm-unknown-linux-gnu/3.4.2/../../../../arm-unknown-linux-gnu/lib/libgcc_s.so
/opt/cc/arm-unknown-linux-gnu-3.4.2/bin/../lib/gcc/arm-unknown-linux-gnu/3.4.2/../../../../arm-unknown-linux-gnu/bin/ld: ERROR: /opt/cc/arm-unknown-linux-gnu-3.4.2/bin/../lib/gcc/arm-unknown-linux-gnu/3.4.2/crtend.o uses hardware FP, whereas rt-app-m uses software FP
/opt/cc/arm-unknown-linux-gnu-3.4.2/bin/../lib/gcc/arm-unknown-linux-gnu/3.4.2/../../../../arm-unknown-linux-gnu/bin/ld: failed to merge target specific data of file /opt/cc/arm-unknown-linux-gnu-3.4.2/bin/../lib/gcc/arm-unknown-linux-gnu/3.4.2/crtend.o
/opt/cc/arm-unknown-linux-gnu-3.4.2/bin/../lib/gcc/arm-unknown-linux-gnu/3.4.2/../../../../arm-unknown-linux-gnu/bin/ld: ERROR: /opt/cc/arm-unknown-linux-gnu-3.4.2/bin/../lib/gcc/arm-unknown-linux-gnu/3.4.2/../../../../arm-unknown-linux-gnu/lib/crtn.o uses hardware FP, whereas rt-app-m uses software FP
/opt/cc/arm-unknown-linux-gnu-3.4.2/bin/../lib/gcc/arm-unknown-linux-gnu/3.4.2/../../../../arm-unknown-linux-gnu/bin/ld: failed to merge target specific data of file /opt/cc/arm-unknown-linux-gnu-3.4.2/bin/../lib/gcc/arm-unknown-linux-gnu/3.4.2/../../../../arm-unknown-linux-gnu/lib/crtn.o
/opt/cc/arm-unknown-linux-gnu-3.4.2/bin/../lib/gcc/arm-unknown-linux-gnu/3.4.2/../../../../arm-unknown-linux-gnu/lib/crt1.o(.text+0x30): In function `_start':
: undefined reference to `main'
rt-app-m.o(.text+0xc): In function `init_module':
/home/redsuser/etudiant/villet/iem-space-invader/rt-app/rt-app-m.c:66: undefined reference to `get_i2c_imx_reg'
rt-app-m.o(.text+0x14):/home/redsuser/etudiant/villet/iem-space-invader/rt-app/rt-app-m.c:137: undefined reference to `set_i2c_imx_i2sr'
rt-app-m.o(.text+0x18):/home/redsuser/etudiant/villet/iem-space-invader/rt-app/rt-app-m.c:69: undefined reference to `get_i2c_imx_i2sr'
rt-app-m.o(.text+0x24):/home/redsuser/etudiant/villet/iem-space-invader/rt-app/rt-app-m.c:70: undefined reference to `set_i2c_imx_irq_ok'
rt-app-m.o(.text+0x28):/home/redsuser/etudiant/villet/iem-space-invader/rt-app/rt-app-m.c:73: undefined reference to `get_i2c_imx_reg'
rt-app-m.o(.text+0x30):/home/redsuser/etudiant/villet/iem-space-invader/rt-app/rt-app-m.c:140: undefined reference to `get_i2c_imx_reg'
rt-app-m.o(.exit.text+0x10):/home/redsuser/etudiant/villet/iem-space-invader/rt-app/rt-app-m.c:85: undefined reference to `rt_intr_delete'
rt-app-m.o(.exit.text+0x1c):/home/redsuser/etudiant/villet/iem-space-invader/rt-app/rt-app-m.c:87: undefined reference to `pca9554_close'
rt-app-m.o(.exit.text+0x20):/home/redsuser/etudiant/villet/iem-space-invader/rt-app/rt-app-m.c:70: undefined reference to `xeno_ts_exit'
rt-app-m.o(.init.text+0x18):/home/redsuser/etudiant/villet/iem-space-invader/rt-app/rt-app-m.c:69: undefined reference to `rt_timer_set_mode'
rt-app-m.o(.init.text+0x30):/home/redsuser/etudiant/villet/iem-space-invader/rt-app/rt-app-m.c:140: undefined reference to `printk'
rt-app-m.o(.init.text+0x38):/home/redsuser/etudiant/villet/iem-space-invader/rt-app/rt-app-m.c:76: undefined reference to `fb_init'
rt-app-m.o(.init.text+0x40):/home/redsuser/etudiant/villet/iem-space-invader/rt-app/rt-app-m.c:73: undefined reference to `printk'
rt-app-m.o(.init.text+0x44):/home/redsuser/etudiant/villet/iem-space-invader/rt-app/rt-app-m.c:76: undefined reference to `xeno_ts_init'
rt-app-m.o(.init.text+0x4c):/home/redsuser/etudiant/villet/iem-space-invader/rt-app/rt-app-m.c:76: undefined reference to `printk'
rt-app-m.o(.init.text+0x58):/home/redsuser/etudiant/villet/iem-space-invader/rt-app/rt-app-m.c:100: undefined reference to `pca9554_open'
rt-app-m.o(.init.text+0x7c):/home/redsuser/etudiant/villet/iem-space-invader/rt-app/rt-app-m.c:107: undefined reference to `rt_intr_create'
rt-app-m.o(.init.text+0x94):/home/redsuser/etudiant/villet/iem-space-invader/rt-app/rt-app-m.c:109: undefined reference to `printk'
rt-app-m.o(.init.text+0xa0):/home/redsuser/etudiant/villet/iem-space-invader/rt-app/rt-app-m.c:112: undefined reference to `printk'
rt-app-m.o(.init.text+0xb8): In function `init_module':
/home/redsuser/src/linux-2.6.14-imx21-xenomai/include/xenomai/native/task.h:302: undefined reference to `rt_task_create'
rt-app-m.o(.init.text+0xcc):/home/redsuser/src/linux-2.6.14-imx21-xenomai/include/xenomai/native/task.h:305: undefined reference to `rt_task_start'
rt-app-m.o(.init.text+0xdc): In function `init_module':
/home/redsuser/etudiant/villet/iem-space-invader/rt-app/rt-app-m.c:39: undefined reference to `printk'
rt-app-m.o(.init.text+0xe8):/home/redsuser/etudiant/villet/iem-space-invader/rt-app/rt-app-m.c:45: undefined reference to `rt_intr_enable'
rt-app-m.o(.init.text+0xf8):/home/redsuser/etudiant/villet/iem-space-invader/rt-app/rt-app-m.c:48: undefined reference to `printk'
rt-app-m.o(.init.text+0x104):/home/redsuser/etudiant/villet/iem-space-invader/rt-app/rt-app-m.c:52: undefined reference to `printk'
rt-app-m.o(.init.text+0x124):/home/redsuser/etudiant/villet/iem-space-invader/rt-app/rt-app-m.c:102: undefined reference to `printk'
rt-app-m.o(.init.text+0x130):/home/redsuser/etudiant/villet/iem-space-invader/rt-app/rt-app-m.c:121: undefined reference to `pca9554_close'
rt-app-m.o(.init.text+0x134):/home/redsuser/etudiant/villet/iem-space-invader/rt-app/rt-app-m.c:124: undefined reference to `xeno_ts_exit'
rt-app-m.o(.init.text+0x170):/home/redsuser/etudiant/villet/iem-space-invader/rt-app/rt-app-m.c:127: undefined reference to `menu'
collect2: ld returned 1 exit status
make: *** [rt-app-m] Erreur 1

**** Build Finished ****

**** Clean-only build of configuration Default for project rt-app ****

make clean 
make -C /home/redsuser/src/linux-2.6.14-imx21-xenomai M=/home/redsuser/etudiant/villet/iem-space-invader/rt-app clean
make[1]: arm-linux-gcc : commande introuvable
make[1]: entrant dans le répertoire « /home/redsuser/src/linux-2.6.14-imx21-xenomai »
  CLEAN   /home/redsuser/etudiant/villet/iem-space-invader/rt-app/.tmp_versions
make[1]: quittant le répertoire « /home/redsuser/src/linux-2.6.14-imx21-xenomai »
rm -rf *.o
rm -rf i2ctest
rm -rf *.ko
rm -rf .*.cmd

**** Build Finished ****

**** Build of configuration Default for project rt-app ****

make all 
make -C /home/redsuser/src/linux-2.6.14-imx21-xenomai M=/home/redsuser/etudiant/villet/iem-space-invader/rt-app ARCH=arm CROSS_COMPILE=arm-unknown-linux-gnu-
make[1]: entrant dans le répertoire « /home/redsuser/src/linux-2.6.14-imx21-xenomai »
  LD      /home/redsuser/etudiant/villet/iem-space-invader/rt-app/built-in.o
  CC [M]  /home/redsuser/etudiant/villet/iem-space-invader/rt-app/pca9554-m.o
  CC [M]  /home/redsuser/etudiant/villet/iem-space-invader/rt-app/xeno-i2c.o
  CC [M]  /home/redsuser/etudiant/villet/iem-space-invader/rt-app/xeno-ts.o
  CC [M]  /home/redsuser/etudiant/villet/iem-space-invader/rt-app/xeno-ts-lib.o
  CC [M]  /home/redsuser/etudiant/villet/iem-space-invader/rt-app/rt-app-m.o
/home/redsuser/etudiant/villet/iem-space-invader/rt-app/rt-app-m.c: In function `space_invader':
/home/redsuser/etudiant/villet/iem-space-invader/rt-app/rt-app-m.c:37: warning: passing arg 6 of `rt_task_spawn' from incompatible pointer type
  CC [M]  /home/redsuser/etudiant/villet/iem-space-invader/rt-app/lcdlib.o
  CC [M]  /home/redsuser/etudiant/villet/iem-space-invader/rt-app/menu.o
/home/redsuser/etudiant/villet/iem-space-invader/rt-app/menu.c:5: warning: function declaration isn't a prototype
  LD [M]  /home/redsuser/etudiant/villet/iem-space-invader/rt-app/rt-app.o
  LD [M]  /home/redsuser/etudiant/villet/iem-space-invader/rt-app/pca9554.o
  Building modules, stage 2.
  MODPOST
*** Warning: "pca9554_open" [/home/redsuser/etudiant/villet/iem-space-invader/rt-app/rt-app.ko] undefined!
*** Warning: "pca9554_close" [/home/redsuser/etudiant/villet/iem-space-invader/rt-app/rt-app.ko] undefined!
  CC      /home/redsuser/etudiant/villet/iem-space-invader/rt-app/pca9554.mod.o
  LD [M]  /home/redsuser/etudiant/villet/iem-space-invader/rt-app/pca9554.ko
  CC      /home/redsuser/etudiant/villet/iem-space-invader/rt-app/rt-app.mod.o
  LD [M]  /home/redsuser/etudiant/villet/iem-space-invader/rt-app/rt-app.ko
make[1]: quittant le répertoire « /home/redsuser/src/linux-2.6.14-imx21-xenomai »
arm-unknown-linux-gnu-gcc -static i2ctest.c -o i2ctest
arm-unknown-linux-gnu-gcc     rt-app-m.c   -o rt-app-m
In file included from /opt/cc/arm-unknown-linux-gnu-3.4.2/bin/../lib/gcc/arm-unknown-linux-gnu/3.4.2/../../../../arm-unknown-linux-gnu/sys-include/linux/sched.h:12,
                 from /opt/cc/arm-unknown-linux-gnu-3.4.2/bin/../lib/gcc/arm-unknown-linux-gnu/3.4.2/../../../../arm-unknown-linux-gnu/sys-include/linux/module.h:10,
                 from rt-app-m.c:11:
/opt/cc/arm-unknown-linux-gnu-3.4.2/bin/../lib/gcc/arm-unknown-linux-gnu/3.4.2/../../../../arm-unknown-linux-gnu/sys-include/linux/jiffies.h:16: error: parse error before "jiffies_64"
/opt/cc/arm-unknown-linux-gnu-3.4.2/bin/../lib/gcc/arm-unknown-linux-gnu/3.4.2/../../../../arm-unknown-linux-gnu/sys-include/linux/jiffies.h:20: error: parse error before "get_jiffies_64"
In file included from /opt/cc/arm-unknown-linux-gnu-3.4.2/bin/../lib/gcc/arm-unknown-linux-gnu/3.4.2/../../../../arm-unknown-linux-gnu/sys-include/linux/cpumask.h:77,
                 from /opt/cc/arm-unknown-linux-gnu-3.4.2/bin/../lib/gcc/arm-unknown-linux-gnu/3.4.2/../../../../arm-unknown-linux-gnu/sys-include/linux/sched.h:15,
                 from /opt/cc/arm-unknown-linux-gnu-3.4.2/bin/../lib/gcc/arm-unknown-linux-gnu/3.4.2/../../../../arm-unknown-linux-gnu/sys-include/linux/module.h:10,
                 from rt-app-m.c:11:
/opt/cc/arm-unknown-linux-gnu-3.4.2/bin/../lib/gcc/arm-unknown-linux-gnu/3.4.2/../../../../arm-unknown-linux-gnu/sys-include/linux/bitmap.h: In function `bitmap_zero':
/opt/cc/arm-unknown-linux-gnu-3.4.2/bin/../lib/gcc/arm-unknown-linux-gnu/3.4.2/../../../../arm-unknown-linux-gnu/sys-include/linux/bitmap.h:110: error: `BITS_PER_LONG' undeclared (first use in this function)
/opt/cc/arm-unknown-linux-gnu-3.4.2/bin/../lib/gcc/arm-unknown-linux-gnu/3.4.2/../../../../arm-unknown-linux-gnu/sys-include/linux/bitmap.h:110: error: (Each undeclared identifier is reported only once
/opt/cc/arm-unknown-linux-gnu-3.4.2/bin/../lib/gcc/arm-unknown-linux-gnu/3.4.2/../../../../arm-unknown-linux-gnu/sys-include/linux/bitmap.h:110: error: for each function it appears in.)
/opt/cc/arm-unknown-linux-gnu-3.4.2/bin/../lib/gcc/arm-unknown-linux-gnu/3.4.2/../../../../arm-unknown-linux-gnu/sys-include/linux/bitmap.h: In function `bitmap_fill':
/opt/cc/arm-unknown-linux-gnu-3.4.2/bin/../lib/gcc/arm-unknown-linux-gnu/3.4.2/../../../../arm-unknown-linux-gnu/sys-include/linux/bitmap.h:125: error: `BITS_PER_LONG' undeclared (first use in this function)
/opt/cc/arm-unknown-linux-gnu-3.4.2/bin/../lib/gcc/arm-unknown-linux-gnu/3.4.2/../../../../arm-unknown-linux-gnu/sys-include/linux/bitmap.h: In function `bitmap_copy':
/opt/cc/arm-unknown-linux-gnu-3.4.2/bin/../lib/gcc/arm-unknown-linux-gnu/3.4.2/../../../../arm-unknown-linux-gnu/sys-include/linux/bitmap.h:131: error: `BITS_PER_LONG' undeclared (first use in this function)
/opt/cc/arm-unknown-linux-gnu-3.4.2/bin/../lib/gcc/arm-unknown-linux-gnu/3.4.2/../../../../arm-unknown-linux-gnu/sys-include/linux/bitmap.h: In function `bitmap_and':
/opt/cc/arm-unknown-linux-gnu-3.4.2/bin/../lib/gcc/arm-unknown-linux-gnu/3.4.2/../../../../arm-unknown-linux-gnu/sys-include/linux/bitmap.h:142: error: `BITS_PER_LONG' undeclared (first use in this function)
/opt/cc/arm-unknown-linux-gnu-3.4.2/bin/../lib/gcc/arm-unknown-linux-gnu/3.4.2/../../../../arm-unknown-linux-gnu/sys-include/linux/bitmap.h: In function `bitmap_or':
/opt/cc/arm-unknown-linux-gnu-3.4.2/bin/../lib/gcc/arm-unknown-linux-gnu/3.4.2/../../../../arm-unknown-linux-gnu/sys-include/linux/bitmap.h:151: error: `BITS_PER_LONG' undeclared (first use in this function)
/opt/cc/arm-unknown-linux-gnu-3.4.2/bin/../lib/gcc/arm-unknown-linux-gnu/3.4.2/../../../../arm-unknown-linux-gnu/sys-include/linux/bitmap.h: In function `bitmap_xor':
/opt/cc/arm-unknown-linux-gnu-3.4.2/bin/../lib/gcc/arm-unknown-linux-gnu/3.4.2/../../../../arm-unknown-linux-gnu/sys-include/linux/bitmap.h:160: error: `BITS_PER_LONG' undeclared (first use in this function)
/opt/cc/arm-unknown-linux-gnu-3.4.2/bin/../lib/gcc/arm-unknown-linux-gnu/3.4.2/../../../../arm-unknown-linux-gnu/sys-include/linux/bitmap.h: In function `bitmap_andnot':
/opt/cc/arm-unknown-linux-gnu-3.4.2/bin/../lib/gcc/arm-unknown-linux-gnu/3.4.2/../../../../arm-unknown-linux-gnu/sys-include/linux/bitmap.h:169: error: `BITS_PER_LONG' undeclared (first use in this function)
/opt/cc/arm-unknown-linux-gnu-3.4.2/bin/../lib/gcc/arm-unknown-linux-gnu/3.4.2/../../../../arm-unknown-linux-gnu/sys-include/linux/bitmap.h: In function `bitmap_complement':
/opt/cc/arm-unknown-linux-gnu-3.4.2/bin/../lib/gcc/arm-unknown-linux-gnu/3.4.2/../../../../arm-unknown-linux-gnu/sys-include/linux/bitmap.h:178: error: `BITS_PER_LONG' undeclared (first use in this function)
/opt/cc/arm-unknown-linux-gnu-3.4.2/bin/../lib/gcc/arm-unknown-linux-gnu/3.4.2/../../../../arm-unknown-linux-gnu/sys-include/linux/bitmap.h: In function `bitmap_equal':
/opt/cc/arm-unknown-linux-gnu-3.4.2/bin/../lib/gcc/arm-unknown-linux-gnu/3.4.2/../../../../arm-unknown-linux-gnu/sys-include/linux/bitmap.h:187: error: `BITS_PER_LONG' undeclared (first use in this function)
/opt/cc/arm-unknown-linux-gnu-3.4.2/bin/../lib/gcc/arm-unknown-linux-gnu/3.4.2/../../../../arm-unknown-linux-gnu/sys-include/linux/bitmap.h: In function `bitmap_intersects':
/opt/cc/arm-unknown-linux-gnu-3.4.2/bin/../lib/gcc/arm-unknown-linux-gnu/3.4.2/../../../../arm-unknown-linux-gnu/sys-include/linux/bitmap.h:196: error: `BITS_PER_LONG' undeclared (first use in this function)
/opt/cc/arm-unknown-linux-gnu-3.4.2/bin/../lib/gcc/arm-unknown-linux-gnu/3.4.2/../../../../arm-unknown-linux-gnu/sys-include/linux/bitmap.h: In function `bitmap_subset':
/opt/cc/arm-unknown-linux-gnu-3.4.2/bin/../lib/gcc/arm-unknown-linux-gnu/3.4.2/../../../../arm-unknown-linux-gnu/sys-include/linux/bitmap.h:205: error: `BITS_PER_LONG' undeclared (first use in this function)
/opt/cc/arm-unknown-linux-gnu-3.4.2/bin/../lib/gcc/arm-unknown-linux-gnu/3.4.2/../../../../arm-unknown-linux-gnu/sys-include/linux/bitmap.h: In function `bitmap_empty':
/opt/cc/arm-unknown-linux-gnu-3.4.2/bin/../lib/gcc/arm-unknown-linux-gnu/3.4.2/../../../../arm-unknown-linux-gnu/sys-include/linux/bitmap.h:213: error: `BITS_PER_LONG' undeclared (first use in this function)
/opt/cc/arm-unknown-linux-gnu-3.4.2/bin/../lib/gcc/arm-unknown-linux-gnu/3.4.2/../../../../arm-unknown-linux-gnu/sys-include/linux/bitmap.h: In function `bitmap_full':
/opt/cc/arm-unknown-linux-gnu-3.4.2/bin/../lib/gcc/arm-unknown-linux-gnu/3.4.2/../../../../arm-unknown-linux-gnu/sys-include/linux/bitmap.h:221: error: `BITS_PER_LONG' undeclared (first use in this function)
/opt/cc/arm-unknown-linux-gnu-3.4.2/bin/../lib/gcc/arm-unknown-linux-gnu/3.4.2/../../../../arm-unknown-linux-gnu/sys-include/linux/bitmap.h: In function `bitmap_shift_right':
/opt/cc/arm-unknown-linux-gnu-3.4.2/bin/../lib/gcc/arm-unknown-linux-gnu/3.4.2/../../../../arm-unknown-linux-gnu/sys-include/linux/bitmap.h:235: error: `BITS_PER_LONG' undeclared (first use in this function)
/opt/cc/arm-unknown-linux-gnu-3.4.2/bin/../lib/gcc/arm-unknown-linux-gnu/3.4.2/../../../../arm-unknown-linux-gnu/sys-include/linux/bitmap.h: In function `bitmap_shift_left':
/opt/cc/arm-unknown-linux-gnu-3.4.2/bin/../lib/gcc/arm-unknown-linux-gnu/3.4.2/../../../../arm-unknown-linux-gnu/sys-include/linux/bitmap.h:244: error: `BITS_PER_LONG' undeclared (first use in this function)
In file included from /opt/cc/arm-unknown-linux-gnu-3.4.2/bin/../lib/gcc/arm-unknown-linux-gnu/3.4.2/../../../../arm-unknown-linux-gnu/sys-include/linux/sched.h:15,
                 from /opt/cc/arm-unknown-linux-gnu-3.4.2/bin/../lib/gcc/arm-unknown-linux-gnu/3.4.2/../../../../arm-unknown-linux-gnu/sys-include/linux/module.h:10,
                 from rt-app-m.c:11:
/opt/cc/arm-unknown-linux-gnu-3.4.2/bin/../lib/gcc/arm-unknown-linux-gnu/3.4.2/../../../../arm-unknown-linux-gnu/sys-include/linux/cpumask.h: At top level:
/opt/cc/arm-unknown-linux-gnu-3.4.2/bin/../lib/gcc/arm-unknown-linux-gnu/3.4.2/../../../../arm-unknown-linux-gnu/sys-include/linux/cpumask.h:80: error: parse error before "DECLARE_BITMAP"
/opt/cc/arm-unknown-linux-gnu-3.4.2/bin/../lib/gcc/arm-unknown-linux-gnu/3.4.2/../../../../arm-unknown-linux-gnu/sys-include/linux/cpumask.h:81: error: parse error before "_unused_cpumask_arg_"
/opt/cc/arm-unknown-linux-gnu-3.4.2/bin/../lib/gcc/arm-unknown-linux-gnu/3.4.2/../../../../arm-unknown-linux-gnu/sys-include/linux/cpumask.h:84: error: parse error before '*' token
/opt/cc/arm-unknown-linux-gnu-3.4.2/bin/../lib/gcc/arm-unknown-linux-gnu/3.4.2/../../../../arm-unknown-linux-gnu/sys-include/linux/cpumask.h: In function `__cpu_set':
/opt/cc/arm-unknown-linux-gnu-3.4.2/bin/../lib/gcc/arm-unknown-linux-gnu/3.4.2/../../../../arm-unknown-linux-gnu/sys-include/linux/cpumask.h:86: error: `cpu' undeclared (first use in this function)
/opt/cc/arm-unknown-linux-gnu-3.4.2/bin/../lib/gcc/arm-unknown-linux-gnu/3.4.2/../../../../arm-unknown-linux-gnu/sys-include/linux/cpumask.h:86: error: `dstp' undeclared (first use in this function)
/opt/cc/arm-unknown-linux-gnu-3.4.2/bin/../lib/gcc/arm-unknown-linux-gnu/3.4.2/../../../../arm-unknown-linux-gnu/sys-include/linux/cpumask.h: At top level:
/opt/cc/arm-unknown-linux-gnu-3.4.2/bin/../lib/gcc/arm-unknown-linux-gnu/3.4.2/../../../../arm-unknown-linux-gnu/sys-include/linux/cpumask.h:90: error: parse error before '*' token
/opt/cc/arm-unknown-linux-gnu-3.4.2/bin/../lib/gcc/arm-unknown-linux-gnu/3.4.2/../../../../arm-unknown-linux-gnu/sys-include/linux/cpumask.h: In function `__cpu_clear':
/opt/cc/arm-unknown-linux-gnu-3.4.2/bin/../lib/gcc/arm-unknown-linux-gnu/3.4.2/../../../../arm-unknown-linux-gnu/sys-include/linux/cpumask.h:92: error: `cpu' undeclared (first use in this function)
/opt/cc/arm-unknown-linux-gnu-3.4.2/bin/../lib/gcc/arm-unknown-linux-gnu/3.4.2/../../../../arm-unknown-linux-gnu/sys-include/linux/cpumask.h:92: error: `dstp' undeclared (first use in this function)
/opt/cc/arm-unknown-linux-gnu-3.4.2/bin/../lib/gcc/arm-unknown-linux-gnu/3.4.2/../../../../arm-unknown-linux-gnu/sys-include/linux/cpumask.h: At top level:
/opt/cc/arm-unknown-linux-gnu-3.4.2/bin/../lib/gcc/arm-unknown-linux-gnu/3.4.2/../../../../arm-unknown-linux-gnu/sys-include/linux/cpumask.h:96: error: parse error before '*' token
/opt/cc/arm-unknown-linux-gnu-3.4.2/bin/../lib/gcc/arm-unknown-linux-gnu/3.4.2/../../../../arm-unknown-linux-gnu/sys-include/linux/cpumask.h: In function `__cpus_setall':
/opt/cc/arm-unknown-linux-gnu-3.4.2/bin/../lib/gcc/arm-unknown-linux-gnu/3.4.2/../../../../arm-unknown-linux-gnu/sys-include/linux/cpumask.h:98: error: `dstp' undeclared (first use in this function)
/opt/cc/arm-unknown-linux-gnu-3.4.2/bin/../lib/gcc/arm-unknown-linux-gnu/3.4.2/../../../../arm-unknown-linux-gnu/sys-include/linux/cpumask.h:98: error: `nbits' undeclared (first use in this function)
/opt/cc/arm-unknown-linux-gnu-3.4.2/bin/../lib/gcc/arm-unknown-linux-gnu/3.4.2/../../../../arm-unknown-linux-gnu/sys-include/linux/cpumask.h: At top level:
/opt/cc/arm-unknown-linux-gnu-3.4.2/bin/../lib/gcc/arm-unknown-linux-gnu/3.4.2/../../../../arm-unknown-linux-gnu/sys-include/linux/cpumask.h:102: error: parse error before '*' token
/opt/cc/arm-unknown-linux-gnu-3.4.2/bin/../lib/gcc/arm-unknown-linux-gnu/3.4.2/../../../../arm-unknown-linux-gnu/sys-include/linux/cpumask.h: In function `__cpus_clear':
/opt/cc/arm-unknown-linux-gnu-3.4.2/bin/../lib/gcc/arm-unknown-linux-gnu/3.4.2/../../../../arm-unknown-linux-gnu/sys-include/linux/cpumask.h:104: error: `dstp' undeclared (first use in this function)
/opt/cc/arm-unknown-linux-gnu-3.4.2/bin/../lib/gcc/arm-unknown-linux-gnu/3.4.2/../../../../arm-unknown-linux-gnu/sys-include/linux/cpumask.h:104: error: `nbits' undeclared (first use in this function)
/opt/cc/arm-unknown-linux-gnu-3.4.2/bin/../lib/gcc/arm-unknown-linux-gnu/3.4.2/../../../../arm-unknown-linux-gnu/sys-include/linux/cpumask.h: At top level:
/opt/cc/arm-unknown-linux-gnu-3.4.2/bin/../lib/gcc/arm-unknown-linux-gnu/3.4.2/../../../../arm-unknown-linux-gnu/sys-include/linux/cpumask.h:111: error: parse error before "cpumask_t"
/opt/cc/arm-unknown-linux-gnu-3.4.2/bin/../lib/gcc/arm-unknown-linux-gnu/3.4.2/../../../../arm-unknown-linux-gnu/sys-include/linux/cpumask.h: In function `__cpu_test_and_set':
/opt/cc/arm-unknown-linux-gnu-3.4.2/bin/../lib/gcc/arm-unknown-linux-gnu/3.4.2/../../../../arm-unknown-linux-gnu/sys-include/linux/cpumask.h:113: error: `cpu' undeclared (first use in this function)
/opt/cc/arm-unknown-linux-gnu-3.4.2/bin/../lib/gcc/arm-unknown-linux-gnu/3.4.2/../../../../arm-unknown-linux-gnu/sys-include/linux/cpumask.h:113: error: `addr' undeclared (first use in this function)
/opt/cc/arm-unknown-linux-gnu-3.4.2/bin/../lib/gcc/arm-unknown-linux-gnu/3.4.2/../../../../arm-unknown-linux-gnu/sys-include/linux/cpumask.h: At top level:
/opt/cc/arm-unknown-linux-gnu-3.4.2/bin/../lib/gcc/arm-unknown-linux-gnu/3.4.2/../../../../arm-unknown-linux-gnu/sys-include/linux/cpumask.h:117: error: parse error before '*' token
/opt/cc/arm-unknown-linux-gnu-3.4.2/bin/../lib/gcc/arm-unknown-linux-gnu/3.4.2/../../../../arm-unknown-linux-gnu/sys-include/linux/cpumask.h: In function `__cpus_and':
/opt/cc/arm-unknown-linux-gnu-3.4.2/bin/../lib/gcc/arm-unknown-linux-gnu/3.4.2/../../../../arm-unknown-linux-gnu/sys-include/linux/cpumask.h:120: error: `dstp' undeclared (first use in this function)
/opt/cc/arm-unknown-linux-gnu-3.4.2/bin/../lib/gcc/arm-unknown-linux-gnu/3.4.2/../../../../arm-unknown-linux-gnu/sys-include/linux/cpumask.h:120: error: `src1p' undeclared (first use in this function)
/opt/cc/arm-unknown-linux-gnu-3.4.2/bin/../lib/gcc/arm-unknown-linux-gnu/3.4.2/../../../../arm-unknown-linux-gnu/sys-include/linux/cpumask.h:120: error: `src2p' undeclared (first use in this function)
/opt/cc/arm-unknown-linux-gnu-3.4.2/bin/../lib/gcc/arm-unknown-linux-gnu/3.4.2/../../../../arm-unknown-linux-gnu/sys-include/linux/cpumask.h:120: error: `nbits' undeclared (first use in this function)
/opt/cc/arm-unknown-linux-gnu-3.4.2/bin/../lib/gcc/arm-unknown-linux-gnu/3.4.2/../../../../arm-unknown-linux-gnu/sys-include/linux/cpumask.h: At top level:
/opt/cc/arm-unknown-linux-gnu-3.4.2/bin/../lib/gcc/arm-unknown-linux-gnu/3.4.2/../../../../arm-unknown-linux-gnu/sys-include/linux/cpumask.h:124: error: parse error before '*' token
/opt/cc/arm-unknown-linux-gnu-3.4.2/bin/../lib/gcc/arm-unknown-linux-gnu/3.4.2/../../../../arm-unknown-linux-gnu/sys-include/linux/cpumask.h: In function `__cpus_or':
/opt/cc/arm-unknown-linux-gnu-3.4.2/bin/../lib/gcc/arm-unknown-linux-gnu/3.4.2/../../../../arm-unknown-linux-gnu/sys-include/linux/cpumask.h:127: error: `dstp' undeclared (first use in this function)
/opt/cc/arm-unknown-linux-gnu-3.4.2/bin/../lib/gcc/arm-unknown-linux-gnu/3.4.2/../../../../arm-unknown-linux-gnu/sys-include/linux/cpumask.h:127: error: `src1p' undeclared (first use in this function)
/opt/cc/arm-unknown-linux-gnu-3.4.2/bin/../lib/gcc/arm-unknown-linux-gnu/3.4.2/../../../../arm-unknown-linux-gnu/sys-include/linux/cpumask.h:127: error: `src2p' undeclared (first use in this function)
/opt/cc/arm-unknown-linux-gnu-3.4.2/bin/../lib/gcc/arm-unknown-linux-gnu/3.4.2/../../../../arm-unknown-linux-gnu/sys-include/linux/cpumask.h:127: error: `nbits' undeclared (first use in this function)
/opt/cc/arm-unknown-linux-gnu-3.4.2/bin/../lib/gcc/arm-unknown-linux-gnu/3.4.2/../../../../arm-unknown-linux-gnu/sys-include/linux/cpumask.h: At top level:
/opt/cc/arm-unknown-linux-gnu-3.4.2/bin/../lib/gcc/arm-unknown-linux-gnu/3.4.2/../../../../arm-unknown-linux-gnu/sys-include/linux/cpumask.h:131: error: parse error before '*' token
/opt/cc/arm-unknown-linux-gnu-3.4.2/bin/../lib/gcc/arm-unknown-linux-gnu/3.4.2/../../../../arm-unknown-linux-gnu/sys-include/linux/cpumask.h: In function `__cpus_xor':
/opt/cc/arm-unknown-linux-gnu-3.4.2/bin/../lib/gcc/arm-unknown-linux-gnu/3.4.2/../../../../arm-unknown-linux-gnu/sys-include/linux/cpumask.h:134: error: `dstp' undeclared (first use in this function)
/opt/cc/arm-unknown-linux-gnu-3.4.2/bin/../lib/gcc/arm-unknown-linux-gnu/3.4.2/../../../../arm-unknown-linux-gnu/sys-include/linux/cpumask.h:134: error: `src1p' undeclared (first use in this function)
/opt/cc/arm-unknown-linux-gnu-3.4.2/bin/../lib/gcc/arm-unknown-linux-gnu/3.4.2/../../../../arm-unknown-linux-gnu/sys-include/linux/cpumask.h:134: error: `src2p' undeclared (first use in this function)
/opt/cc/arm-unknown-linux-gnu-3.4.2/bin/../lib/gcc/arm-unknown-linux-gnu/3.4.2/../../../../arm-unknown-linux-gnu/sys-include/linux/cpumask.h:134: error: `nbits' undeclared (first use in this function)
/opt/cc/arm-unknown-linux-gnu-3.4.2/bin/../lib/gcc/arm-unknown-linux-gnu/3.4.2/../../../../arm-unknown-linux-gnu/sys-include/linux/cpumask.h: At top level:
/opt/cc/arm-unknown-linux-gnu-3.4.2/bin/../lib/gcc/arm-unknown-linux-gnu/3.4.2/../../../../arm-unknown-linux-gnu/sys-include/linux/cpumask.h:139: error: parse error before '*' token
/opt/cc/arm-unknown-linux-gnu-3.4.2/bin/../lib/gcc/arm-unknown-linux-gnu/3.4.2/../../../../arm-unknown-linux-gnu/sys-include/linux/cpumask.h: In function `__cpus_andnot':
/opt/cc/arm-unknown-linux-gnu-3.4.2/bin/../lib/gcc/arm-unknown-linux-gnu/3.4.2/../../../../arm-unknown-linux-gnu/sys-include/linux/cpumask.h:142: error: `dstp' undeclared (first use in this function)
/opt/cc/arm-unknown-linux-gnu-3.4.2/bin/../lib/gcc/arm-unknown-linux-gnu/3.4.2/../../../../arm-unknown-linux-gnu/sys-include/linux/cpumask.h:142: error: `src1p' undeclared (first use in this function)
/opt/cc/arm-unknown-linux-gnu-3.4.2/bin/../lib/gcc/arm-unknown-linux-gnu/3.4.2/../../../../arm-unknown-linux-gnu/sys-include/linux/cpumask.h:142: error: `src2p' undeclared (first use in this function)
/opt/cc/arm-unknown-linux-gnu-3.4.2/bin/../lib/gcc/arm-unknown-linux-gnu/3.4.2/../../../../arm-unknown-linux-gnu/sys-include/linux/cpumask.h:142: error: `nbits' undeclared (first use in this function)
/opt/cc/arm-unknown-linux-gnu-3.4.2/bin/../lib/gcc/arm-unknown-linux-gnu/3.4.2/../../../../arm-unknown-linux-gnu/sys-include/linux/cpumask.h: At top level:
/opt/cc/arm-unknown-linux-gnu-3.4.2/bin/../lib/gcc/arm-unknown-linux-gnu/3.4.2/../../../../arm-unknown-linux-gnu/sys-include/linux/cpumask.h:146: error: parse error before '*' token
/opt/cc/arm-unknown-linux-gnu-3.4.2/bin/../lib/gcc/arm-unknown-linux-gnu/3.4.2/../../../../arm-unknown-linux-gnu/sys-include/linux/cpumask.h: In function `__cpus_complement':
/opt/cc/arm-unknown-linux-gnu-3.4.2/bin/../lib/gcc/arm-unknown-linux-gnu/3.4.2/../../../../arm-unknown-linux-gnu/sys-include/linux/cpumask.h:149: error: `dstp' undeclared (first use in this function)
/opt/cc/arm-unknown-linux-gnu-3.4.2/bin/../lib/gcc/arm-unknown-linux-gnu/3.4.2/../../../../arm-unknown-linux-gnu/sys-include/linux/cpumask.h:149: error: `srcp' undeclared (first use in this function)
/opt/cc/arm-unknown-linux-gnu-3.4.2/bin/../lib/gcc/arm-unknown-linux-gnu/3.4.2/../../../../arm-unknown-linux-gnu/sys-include/linux/cpumask.h:149: error: `nbits' undeclared (first use in this function)
/opt/cc/arm-unknown-linux-gnu-3.4.2/bin/../lib/gcc/arm-unknown-linux-gnu/3.4.2/../../../../arm-unknown-linux-gnu/sys-include/linux/cpumask.h: At top level:
/opt/cc/arm-unknown-linux-gnu-3.4.2/bin/../lib/gcc/arm-unknown-linux-gnu/3.4.2/../../../../arm-unknown-linux-gnu/sys-include/linux/cpumask.h:153: error: parse error before '*' token
/opt/cc/arm-unknown-linux-gnu-3.4.2/bin/../lib/gcc/arm-unknown-linux-gnu/3.4.2/../../../../arm-unknown-linux-gnu/sys-include/linux/cpumask.h: In function `__cpus_equal':
/opt/cc/arm-unknown-linux-gnu-3.4.2/bin/../lib/gcc/arm-unknown-linux-gnu/3.4.2/../../../../arm-unknown-linux-gnu/sys-include/linux/cpumask.h:156: error: `src1p' undeclared (first use in this function)
/opt/cc/arm-unknown-linux-gnu-3.4.2/bin/../lib/gcc/arm-unknown-linux-gnu/3.4.2/../../../../arm-unknown-linux-gnu/sys-include/linux/cpumask.h:156: error: `src2p' undeclared (first use in this function)
/opt/cc/arm-unknown-linux-gnu-3.4.2/bin/../lib/gcc/arm-unknown-linux-gnu/3.4.2/../../../../arm-unknown-linux-gnu/sys-include/linux/cpumask.h:156: error: `nbits' undeclared (first use in this function)
/opt/cc/arm-unknown-linux-gnu-3.4.2/bin/../lib/gcc/arm-unknown-linux-gnu/3.4.2/../../../../arm-unknown-linux-gnu/sys-include/linux/cpumask.h: At top level:
/opt/cc/arm-unknown-linux-gnu-3.4.2/bin/../lib/gcc/arm-unknown-linux-gnu/3.4.2/../../../../arm-unknown-linux-gnu/sys-include/linux/cpumask.h:160: error: parse error before '*' token
/opt/cc/arm-unknown-linux-gnu-3.4.2/bin/../lib/gcc/arm-unknown-linux-gnu/3.4.2/../../../../arm-unknown-linux-gnu/sys-include/linux/cpumask.h: In function `__cpus_intersects':
/opt/cc/arm-unknown-linux-gnu-3.4.2/bin/../lib/gcc/arm-unknown-linux-gnu/3.4.2/../../../../arm-unknown-linux-gnu/sys-include/linux/cpumask.h:163: error: `src1p' undeclared (first use in this function)
/opt/cc/arm-unknown-linux-gnu-3.4.2/bin/../lib/gcc/arm-unknown-linux-gnu/3.4.2/../../../../arm-unknown-linux-gnu/sys-include/linux/cpumask.h:163: error: `src2p' undeclared (first use in this function)
/opt/cc/arm-unknown-linux-gnu-3.4.2/bin/../lib/gcc/arm-unknown-linux-gnu/3.4.2/../../../../arm-unknown-linux-gnu/sys-include/linux/cpumask.h:163: error: `nbits' undeclared (first use in this function)
/opt/cc/arm-unknown-linux-gnu-3.4.2/bin/../lib/gcc/arm-unknown-linux-gnu/3.4.2/../../../../arm-unknown-linux-gnu/sys-include/linux/cpumask.h: At top level:
/opt/cc/arm-unknown-linux-gnu-3.4.2/bin/../lib/gcc/arm-unknown-linux-gnu/3.4.2/../../../../arm-unknown-linux-gnu/sys-include/linux/cpumask.h:167: error: parse error before '*' token
/opt/cc/arm-unknown-linux-gnu-3.4.2/bin/../lib/gcc/arm-unknown-linux-gnu/3.4.2/../../../../arm-unknown-linux-gnu/sys-include/linux/cpumask.h: In function `__cpus_subset':
/opt/cc/arm-unknown-linux-gnu-3.4.2/bin/../lib/gcc/arm-unknown-linux-gnu/3.4.2/../../../../arm-unknown-linux-gnu/sys-include/linux/cpumask.h:170: error: `src1p' undeclared (first use in this function)
/opt/cc/arm-unknown-linux-gnu-3.4.2/bin/../lib/gcc/arm-unknown-linux-gnu/3.4.2/../../../../arm-unknown-linux-gnu/sys-include/linux/cpumask.h:170: error: `src2p' undeclared (first use in this function)
/opt/cc/arm-unknown-linux-gnu-3.4.2/bin/../lib/gcc/arm-unknown-linux-gnu/3.4.2/../../../../arm-unknown-linux-gnu/sys-include/linux/cpumask.h:170: error: `nbits' undeclared (first use in this function)
/opt/cc/arm-unknown-linux-gnu-3.4.2/bin/../lib/gcc/arm-unknown-linux-gnu/3.4.2/../../../../arm-unknown-linux-gnu/sys-include/linux/cpumask.h: At top level:
/opt/cc/arm-unknown-linux-gnu-3.4.2/bin/../lib/gcc/arm-unknown-linux-gnu/3.4.2/../../../../arm-unknown-linux-gnu/sys-include/linux/cpumask.h:174: error: parse error before '*' token
/opt/cc/arm-unknown-linux-gnu-3.4.2/bin/../lib/gcc/arm-unknown-linux-gnu/3.4.2/../../../../arm-unknown-linux-gnu/sys-include/linux/cpumask.h: In function `__cpus_empty':
/opt/cc/arm-unknown-linux-gnu-3.4.2/bin/../lib/gcc/arm-unknown-linux-gnu/3.4.2/../../../../arm-unknown-linux-gnu/sys-include/linux/cpumask.h:176: error: `srcp' undeclared (first use in this function)
/opt/cc/arm-unknown-linux-gnu-3.4.2/bin/../lib/gcc/arm-unknown-linux-gnu/3.4.2/../../../../arm-unknown-linux-gnu/sys-include/linux/cpumask.h:176: error: `nbits' undeclared (first use in this function)
/opt/cc/arm-unknown-linux-gnu-3.4.2/bin/../lib/gcc/arm-unknown-linux-gnu/3.4.2/../../../../arm-unknown-linux-gnu/sys-include/linux/cpumask.h: At top level:
/opt/cc/arm-unknown-linux-gnu-3.4.2/bin/../lib/gcc/arm-unknown-linux-gnu/3.4.2/../../../../arm-unknown-linux-gnu/sys-include/linux/cpumask.h:180: error: parse error before '*' token
/opt/cc/arm-unknown-linux-gnu-3.4.2/bin/../lib/gcc/arm-unknown-linux-gnu/3.4.2/../../../../arm-unknown-linux-gnu/sys-include/linux/cpumask.h: In function `__cpus_full':
/opt/cc/arm-unknown-linux-gnu-3.4.2/bin/../lib/gcc/arm-unknown-linux-gnu/3.4.2/../../../../arm-unknown-linux-gnu/sys-include/linux/cpumask.h:182: error: `srcp' undeclared (first use in this function)
/opt/cc/arm-unknown-linux-gnu-3.4.2/bin/../lib/gcc/arm-unknown-linux-gnu/3.4.2/../../../../arm-unknown-linux-gnu/sys-include/linux/cpumask.h:182: error: `nbits' undeclared (first use in this function)
/opt/cc/arm-unknown-linux-gnu-3.4.2/bin/../lib/gcc/arm-unknown-linux-gnu/3.4.2/../../../../arm-unknown-linux-gnu/sys-include/linux/cpumask.h: At top level:
/opt/cc/arm-unknown-linux-gnu-3.4.2/bin/../lib/gcc/arm-unknown-linux-gnu/3.4.2/../../../../arm-unknown-linux-gnu/sys-include/linux/cpumask.h:186: error: parse error before '*' token
/opt/cc/arm-unknown-linux-gnu-3.4.2/bin/../lib/gcc/arm-unknown-linux-gnu/3.4.2/../../../../arm-unknown-linux-gnu/sys-include/linux/cpumask.h: In function `__cpus_weight':
/opt/cc/arm-unknown-linux-gnu-3.4.2/bin/../lib/gcc/arm-unknown-linux-gnu/3.4.2/../../../../arm-unknown-linux-gnu/sys-include/linux/cpumask.h:188: error: `srcp' undeclared (first use in this function)
/opt/cc/arm-unknown-linux-gnu-3.4.2/bin/../lib/gcc/arm-unknown-linux-gnu/3.4.2/../../../../arm-unknown-linux-gnu/sys-include/linux/cpumask.h:188: error: `nbits' undeclared (first use in this function)
/opt/cc/arm-unknown-linux-gnu-3.4.2/bin/../lib/gcc/arm-unknown-linux-gnu/3.4.2/../../../../arm-unknown-linux-gnu/sys-include/linux/cpumask.h: At top level:
/opt/cc/arm-unknown-linux-gnu-3.4.2/bin/../lib/gcc/arm-unknown-linux-gnu/3.4.2/../../../../arm-unknown-linux-gnu/sys-include/linux/cpumask.h:193: error: parse error before '*' token
/opt/cc/arm-unknown-linux-gnu-3.4.2/bin/../lib/gcc/arm-unknown-linux-gnu/3.4.2/../../../../arm-unknown-linux-gnu/sys-include/linux/cpumask.h: In function `__cpus_shift_right':
/opt/cc/arm-unknown-linux-gnu-3.4.2/bin/../lib/gcc/arm-unknown-linux-gnu/3.4.2/../../../../arm-unknown-linux-gnu/sys-include/linux/cpumask.h:196: error: `dstp' undeclared (first use in this function)
/opt/cc/arm-unknown-linux-gnu-3.4.2/bin/../lib/gcc/arm-unknown-linux-gnu/3.4.2/../../../../arm-unknown-linux-gnu/sys-include/linux/cpumask.h:196: error: `srcp' undeclared (first use in this function)
/opt/cc/arm-unknown-linux-gnu-3.4.2/bin/../lib/gcc/arm-unknown-linux-gnu/3.4.2/../../../../arm-unknown-linux-gnu/sys-include/linux/cpumask.h:196: error: `n' undeclared (first use in this function)
/opt/cc/arm-unknown-linux-gnu-3.4.2/bin/../lib/gcc/arm-unknown-linux-gnu/3.4.2/../../../../arm-unknown-linux-gnu/sys-include/linux/cpumask.h:196: error: `nbits' undeclared (first use in this function)
/opt/cc/arm-unknown-linux-gnu-3.4.2/bin/../lib/gcc/arm-unknown-linux-gnu/3.4.2/../../../../arm-unknown-linux-gnu/sys-include/linux/cpumask.h: At top level:
/opt/cc/arm-unknown-linux-gnu-3.4.2/bin/../lib/gcc/arm-unknown-linux-gnu/3.4.2/../../../../arm-unknown-linux-gnu/sys-include/linux/cpumask.h:201: error: parse error before '*' token
/opt/cc/arm-unknown-linux-gnu-3.4.2/bin/../lib/gcc/arm-unknown-linux-gnu/3.4.2/../../../../arm-unknown-linux-gnu/sys-include/linux/cpumask.h: In function `__cpus_shift_left':
/opt/cc/arm-unknown-linux-gnu-3.4.2/bin/../lib/gcc/arm-unknown-linux-gnu/3.4.2/../../../../arm-unknown-linux-gnu/sys-include/linux/cpumask.h:204: error: `dstp' undeclared (first use in this function)
/opt/cc/arm-unknown-linux-gnu-3.4.2/bin/../lib/gcc/arm-unknown-linux-gnu/3.4.2/../../../../arm-unknown-linux-gnu/sys-include/linux/cpumask.h:204: error: `srcp' undeclared (first use in this function)
/opt/cc/arm-unknown-linux-gnu-3.4.2/bin/../lib/gcc/arm-unknown-linux-gnu/3.4.2/../../../../arm-unknown-linux-gnu/sys-include/linux/cpumask.h:204: error: `n' undeclared (first use in this function)
/opt/cc/arm-unknown-linux-gnu-3.4.2/bin/../lib/gcc/arm-unknown-linux-gnu/3.4.2/../../../../arm-unknown-linux-gnu/sys-include/linux/cpumask.h:204: error: `nbits' undeclared (first use in this function)
/opt/cc/arm-unknown-linux-gnu-3.4.2/bin/../lib/gcc/arm-unknown-linux-gnu/3.4.2/../../../../arm-unknown-linux-gnu/sys-include/linux/cpumask.h: At top level:
/opt/cc/arm-unknown-linux-gnu-3.4.2/bin/../lib/gcc/arm-unknown-linux-gnu/3.4.2/../../../../arm-unknown-linux-gnu/sys-include/linux/cpumask.h:208: error: parse error before '*' token
/opt/cc/arm-unknown-linux-gnu-3.4.2/bin/../lib/gcc/arm-unknown-linux-gnu/3.4.2/../../../../arm-unknown-linux-gnu/sys-include/linux/cpumask.h: In function `__first_cpu':
/opt/cc/arm-unknown-linux-gnu-3.4.2/bin/../lib/gcc/arm-unknown-linux-gnu/3.4.2/../../../../arm-unknown-linux-gnu/sys-include/linux/cpumask.h:210: error: `srcp' undeclared (first use in this function)
/opt/cc/arm-unknown-linux-gnu-3.4.2/bin/../lib/gcc/arm-unknown-linux-gnu/3.4.2/../../../../arm-unknown-linux-gnu/sys-include/linux/cpumask.h:210: error: `nbits' undeclared (first use in this function)
/opt/cc/arm-unknown-linux-gnu-3.4.2/bin/../lib/gcc/arm-unknown-linux-gnu/3.4.2/../../../../arm-unknown-linux-gnu/sys-include/linux/cpumask.h: At top level:
/opt/cc/arm-unknown-linux-gnu-3.4.2/bin/../lib/gcc/arm-unknown-linux-gnu/3.4.2/../../../../arm-unknown-linux-gnu/sys-include/linux/cpumask.h:214: error: parse error before '*' token
/opt/cc/arm-unknown-linux-gnu-3.4.2/bin/../lib/gcc/arm-unknown-linux-gnu/3.4.2/../../../../arm-unknown-linux-gnu/sys-include/linux/cpumask.h: In function `__next_cpu':
/opt/cc/arm-unknown-linux-gnu-3.4.2/bin/../lib/gcc/arm-unknown-linux-gnu/3.4.2/../../../../arm-unknown-linux-gnu/sys-include/linux/cpumask.h:216: error: `srcp' undeclared (first use in this function)
/opt/cc/arm-unknown-linux-gnu-3.4.2/bin/../lib/gcc/arm-unknown-linux-gnu/3.4.2/../../../../arm-unknown-linux-gnu/sys-include/linux/cpumask.h:216: error: `nbits' undeclared (first use in this function)
/opt/cc/arm-unknown-linux-gnu-3.4.2/bin/../lib/gcc/arm-unknown-linux-gnu/3.4.2/../../../../arm-unknown-linux-gnu/sys-include/linux/cpumask.h:216: error: `n' undeclared (first use in this function)
/opt/cc/arm-unknown-linux-gnu-3.4.2/bin/../lib/gcc/arm-unknown-linux-gnu/3.4.2/../../../../arm-unknown-linux-gnu/sys-include/linux/cpumask.h: At top level:
/opt/cc/arm-unknown-linux-gnu-3.4.2/bin/../lib/gcc/arm-unknown-linux-gnu/3.4.2/../../../../arm-unknown-linux-gnu/sys-include/linux/cpumask.h:265: error: parse error before '*' token
/opt/cc/arm-unknown-linux-gnu-3.4.2/bin/../lib/gcc/arm-unknown-linux-gnu/3.4.2/../../../../arm-unknown-linux-gnu/sys-include/linux/cpumask.h: In function `__cpumask_scnprintf':
/opt/cc/arm-unknown-linux-gnu-3.4.2/bin/../lib/gcc/arm-unknown-linux-gnu/3.4.2/../../../../arm-unknown-linux-gnu/sys-include/linux/cpumask.h:267: error: `buf' undeclared (first use in this function)
/opt/cc/arm-unknown-linux-gnu-3.4.2/bin/../lib/gcc/arm-unknown-linux-gnu/3.4.2/../../../../arm-unknown-linux-gnu/sys-include/linux/cpumask.h:267: error: `len' undeclared (first use in this function)
/opt/cc/arm-unknown-linux-gnu-3.4.2/bin/../lib/gcc/arm-unknown-linux-gnu/3.4.2/../../../../arm-unknown-linux-gnu/sys-include/linux/cpumask.h:267: error: `srcp' undeclared (first use in this function)
/opt/cc/arm-unknown-linux-gnu-3.4.2/bin/../lib/gcc/arm-unknown-linux-gnu/3.4.2/../../../../arm-unknown-linux-gnu/sys-include/linux/cpumask.h:267: error: `nbits' undeclared (first use in this function)
/opt/cc/arm-unknown-linux-gnu-3.4.2/bin/../lib/gcc/arm-unknown-linux-gnu/3.4.2/../../../../arm-unknown-linux-gnu/sys-include/linux/cpumask.h: At top level:
/opt/cc/arm-unknown-linux-gnu-3.4.2/bin/../lib/gcc/arm-unknown-linux-gnu/3.4.2/../../../../arm-unknown-linux-gnu/sys-include/linux/cpumask.h:273: error: parse error before "cpumask_t"
/opt/cc/arm-unknown-linux-gnu-3.4.2/bin/../lib/gcc/arm-unknown-linux-gnu/3.4.2/../../../../arm-unknown-linux-gnu/sys-include/linux/cpumask.h: In function `__cpumask_parse':
/opt/cc/arm-unknown-linux-gnu-3.4.2/bin/../lib/gcc/arm-unknown-linux-gnu/3.4.2/../../../../arm-unknown-linux-gnu/sys-include/linux/cpumask.h:275: error: `buf' undeclared (first use in this function)
/opt/cc/arm-unknown-linux-gnu-3.4.2/bin/../lib/gcc/arm-unknown-linux-gnu/3.4.2/../../../../arm-unknown-linux-gnu/sys-include/linux/cpumask.h:275: error: `len' undeclared (first use in this function)
/opt/cc/arm-unknown-linux-gnu-3.4.2/bin/../lib/gcc/arm-unknown-linux-gnu/3.4.2/../../../../arm-unknown-linux-gnu/sys-include/linux/cpumask.h:275: error: `dstp' undeclared (first use in this function)
/opt/cc/arm-unknown-linux-gnu-3.4.2/bin/../lib/gcc/arm-unknown-linux-gnu/3.4.2/../../../../arm-unknown-linux-gnu/sys-include/linux/cpumask.h:275: error: `nbits' undeclared (first use in this function)
/opt/cc/arm-unknown-linux-gnu-3.4.2/bin/../lib/gcc/arm-unknown-linux-gnu/3.4.2/../../../../arm-unknown-linux-gnu/sys-include/linux/cpumask.h: At top level:
/opt/cc/arm-unknown-linux-gnu-3.4.2/bin/../lib/gcc/arm-unknown-linux-gnu/3.4.2/../../../../arm-unknown-linux-gnu/sys-include/linux/cpumask.h:343: error: parse error before "cpu_possible_map"
/opt/cc/arm-unknown-linux-gnu-3.4.2/bin/../lib/gcc/arm-unknown-linux-gnu/3.4.2/../../../../arm-unknown-linux-gnu/sys-include/linux/cpumask.h:344: error: parse error before "cpu_online_map"
/opt/cc/arm-unknown-linux-gnu-3.4.2/bin/../lib/gcc/arm-unknown-linux-gnu/3.4.2/../../../../arm-unknown-linux-gnu/sys-include/linux/cpumask.h:345: error: parse error before "cpu_present_map"
In file included from /opt/cc/arm-unknown-linux-gnu-3.4.2/bin/../lib/gcc/arm-unknown-linux-gnu/3.4.2/../../../../arm-unknown-linux-gnu/sys-include/linux/sched.h:18,
                 from /opt/cc/arm-unknown-linux-gnu-3.4.2/bin/../lib/gcc/arm-unknown-linux-gnu/3.4.2/../../../../arm-unknown-linux-gnu/sys-include/linux/module.h:10,
                 from rt-app-m.c:11:
/opt/cc/arm-unknown-linux-gnu-3.4.2/bin/../lib/gcc/arm-unknown-linux-gnu/3.4.2/../../../../arm-unknown-linux-gnu/sys-include/asm/semaphore.h:18: error: parse error before "wait_queue_head_t"
/opt/cc/arm-unknown-linux-gnu-3.4.2/bin/../lib/gcc/arm-unknown-linux-gnu/3.4.2/../../../../arm-unknown-linux-gnu/sys-include/asm/semaphore.h: In function `sema_init':
/opt/cc/arm-unknown-linux-gnu-3.4.2/bin/../lib/gcc/arm-unknown-linux-gnu/3.4.2/../../../../arm-unknown-linux-gnu/sys-include/asm/semaphore.h:46: error: dereferencing pointer to incomplete type
/opt/cc/arm-unknown-linux-gnu-3.4.2/bin/../lib/gcc/arm-unknown-linux-gnu/3.4.2/../../../../arm-unknown-linux-gnu/sys-include/asm/semaphore.h:47: error: dereferencing pointer to incomplete type
/opt/cc/arm-unknown-linux-gnu-3.4.2/bin/../lib/gcc/arm-unknown-linux-gnu/3.4.2/../../../../arm-unknown-linux-gnu/sys-include/asm/semaphore.h:48: error: dereferencing pointer to incomplete type
/opt/cc/arm-unknown-linux-gnu-3.4.2/bin/../lib/gcc/arm-unknown-linux-gnu/3.4.2/../../../../arm-unknown-linux-gnu/sys-include/asm/semaphore.h: In function `sema_count':
/opt/cc/arm-unknown-linux-gnu-3.4.2/bin/../lib/gcc/arm-unknown-linux-gnu/3.4.2/../../../../arm-unknown-linux-gnu/sys-include/asm/semaphore.h:66: error: dereferencing pointer to incomplete type
In file included from /opt/cc/arm-unknown-linux-gnu-3.4.2/bin/../lib/gcc/arm-unknown-linux-gnu/3.4.2/../../../../arm-unknown-linux-gnu/sys-include/linux/signal.h:4,
                 from /opt/cc/arm-unknown-linux-gnu-3.4.2/bin/../lib/gcc/arm-unknown-linux-gnu/3.4.2/../../../../arm-unknown-linux-gnu/sys-include/linux/sched.h:25,
                 from /opt/cc/arm-unknown-linux-gnu-3.4.2/bin/../lib/gcc/arm-unknown-linux-gnu/3.4.2/../../../../arm-unknown-linux-gnu/sys-include/linux/module.h:10,
                 from rt-app-m.c:11:
/opt/cc/arm-unknown-linux-gnu-3.4.2/bin/../lib/gcc/arm-unknown-linux-gnu/3.4.2/../../../../arm-unknown-linux-gnu/sys-include/linux/list.h:699:2: warning: #warning "don't include kernel headers in userspace"
In file included from /opt/cc/arm-unknown-linux-gnu-3.4.2/bin/../lib/gcc/arm-unknown-linux-gnu/3.4.2/../../../../arm-unknown-linux-gnu/sys-include/asm/siginfo.h:4,
                 from /opt/cc/arm-unknown-linux-gnu-3.4.2/bin/../lib/gcc/arm-unknown-linux-gnu/3.4.2/../../../../arm-unknown-linux-gnu/sys-include/linux/signal.h:7,
                 from /opt/cc/arm-unknown-linux-gnu-3.4.2/bin/../lib/gcc/arm-unknown-linux-gnu/3.4.2/../../../../arm-unknown-linux-gnu/sys-include/linux/sched.h:25,
                 from /opt/cc/arm-unknown-linux-gnu-3.4.2/bin/../lib/gcc/arm-unknown-linux-gnu/3.4.2/../../../../arm-unknown-linux-gnu/sys-include/linux/module.h:10,
                 from rt-app-m.c:11:
/opt/cc/arm-unknown-linux-gnu-3.4.2/bin/../lib/gcc/arm-unknown-linux-gnu/3.4.2/../../../../arm-unknown-linux-gnu/sys-include/asm-generic/siginfo.h: At top level:
/opt/cc/arm-unknown-linux-gnu-3.4.2/bin/../lib/gcc/arm-unknown-linux-gnu/3.4.2/../../../../arm-unknown-linux-gnu/sys-include/asm-generic/siginfo.h:58: error: size of array `_pad' is too large
In file included from /opt/cc/arm-unknown-linux-gnu-3.4.2/bin/../lib/gcc/arm-unknown-linux-gnu/3.4.2/../../../../arm-unknown-linux-gnu/sys-include/linux/sched.h:29,
                 from /opt/cc/arm-unknown-linux-gnu-3.4.2/bin/../lib/gcc/arm-unknown-linux-gnu/3.4.2/../../../../arm-unknown-linux-gnu/sys-include/linux/module.h:10,
                 from rt-app-m.c:11:
/opt/cc/arm-unknown-linux-gnu-3.4.2/bin/../lib/gcc/arm-unknown-linux-gnu/3.4.2/../../../../arm-unknown-linux-gnu/sys-include/linux/completion.h:15: error: parse error before "wait_queue_head_t"
/opt/cc/arm-unknown-linux-gnu-3.4.2/bin/../lib/gcc/arm-unknown-linux-gnu/3.4.2/../../../../arm-unknown-linux-gnu/sys-include/linux/completion.h: In function `init_completion':
/opt/cc/arm-unknown-linux-gnu-3.4.2/bin/../lib/gcc/arm-unknown-linux-gnu/3.4.2/../../../../arm-unknown-linux-gnu/sys-include/linux/completion.h:26: error: dereferencing pointer to incomplete type
/opt/cc/arm-unknown-linux-gnu-3.4.2/bin/../lib/gcc/arm-unknown-linux-gnu/3.4.2/../../../../arm-unknown-linux-gnu/sys-include/linux/completion.h:27: error: dereferencing pointer to incomplete type
In file included from /opt/cc/arm-unknown-linux-gnu-3.4.2/bin/../lib/gcc/arm-unknown-linux-gnu/3.4.2/../../../../arm-unknown-linux-gnu/sys-include/linux/sched.h:30,
                 from /opt/cc/arm-unknown-linux-gnu-3.4.2/bin/../lib/gcc/arm-unknown-linux-gnu/3.4.2/../../../../arm-unknown-linux-gnu/sys-include/linux/module.h:10,
                 from rt-app-m.c:11:
/opt/cc/arm-unknown-linux-gnu-3.4.2/bin/../lib/gcc/arm-unknown-linux-gnu/3.4.2/../../../../arm-unknown-linux-gnu/sys-include/linux/pid.h: At top level:
/opt/cc/arm-unknown-linux-gnu-3.4.2/bin/../lib/gcc/arm-unknown-linux-gnu/3.4.2/../../../../arm-unknown-linux-gnu/sys-include/linux/pid.h:18: error: field `task_list' has incomplete type
/opt/cc/arm-unknown-linux-gnu-3.4.2/bin/../lib/gcc/arm-unknown-linux-gnu/3.4.2/../../../../arm-unknown-linux-gnu/sys-include/linux/pid.h:19: error: field `hash_chain' has incomplete type
/opt/cc/arm-unknown-linux-gnu-3.4.2/bin/../lib/gcc/arm-unknown-linux-gnu/3.4.2/../../../../arm-unknown-linux-gnu/sys-include/linux/pid.h:24: error: field `pid_chain' has incomplete type
In file included from /opt/cc/arm-unknown-linux-gnu-3.4.2/bin/../lib/gcc/arm-unknown-linux-gnu/3.4.2/../../../../arm-unknown-linux-gnu/sys-include/linux/sched.h:31,
                 from /opt/cc/arm-unknown-linux-gnu-3.4.2/bin/../lib/gcc/arm-unknown-linux-gnu/3.4.2/../../../../arm-unknown-linux-gnu/sys-include/linux/module.h:10,
                 from rt-app-m.c:11:
/opt/cc/arm-unknown-linux-gnu-3.4.2/bin/../lib/gcc/arm-unknown-linux-gnu/3.4.2/../../../../arm-unknown-linux-gnu/sys-include/linux/percpu.h: In function `__alloc_percpu':
/opt/cc/arm-unknown-linux-gnu-3.4.2/bin/../lib/gcc/arm-unknown-linux-gnu/3.4.2/../../../../arm-unknown-linux-gnu/sys-include/linux/percpu.h:45: error: `GFP_KERNEL' undeclared (first use in this function)
In file included from /opt/cc/arm-unknown-linux-gnu-3.4.2/bin/../lib/gcc/arm-unknown-linux-gnu/3.4.2/../../../../arm-unknown-linux-gnu/sys-include/linux/sched.h:102,
                 from /opt/cc/arm-unknown-linux-gnu-3.4.2/bin/../lib/gcc/arm-unknown-linux-gnu/3.4.2/../../../../arm-unknown-linux-gnu/sys-include/linux/module.h:10,
                 from rt-app-m.c:11:
/opt/cc/arm-unknown-linux-gnu-3.4.2/bin/../lib/gcc/arm-unknown-linux-gnu/3.4.2/../../../../arm-unknown-linux-gnu/sys-include/linux/timer.h: At top level:
/opt/cc/arm-unknown-linux-gnu-3.4.2/bin/../lib/gcc/arm-unknown-linux-gnu/3.4.2/../../../../arm-unknown-linux-gnu/sys-include/linux/timer.h:12: error: field `entry' has incomplete type
In file included from /opt/cc/arm-unknown-linux-gnu-3.4.2/bin/../lib/gcc/arm-unknown-linux-gnu/3.4.2/../../../../arm-unknown-linux-gnu/sys-include/asm/irq.h:4,
                 from /opt/cc/arm-unknown-linux-gnu-3.4.2/bin/../lib/gcc/arm-unknown-linux-gnu/3.4.2/../../../../arm-unknown-linux-gnu/sys-include/asm/hardirq.h:7,
                 from /opt/cc/arm-unknown-linux-gnu-3.4.2/bin/../lib/gcc/arm-unknown-linux-gnu/3.4.2/../../../../arm-unknown-linux-gnu/sys-include/asm-generic/local.h:7,
                 from /opt/cc/arm-unknown-linux-gnu-3.4.2/bin/../lib/gcc/arm-unknown-linux-gnu/3.4.2/../../../../arm-unknown-linux-gnu/sys-include/asm/local.h:1,
                 from /opt/cc/arm-unknown-linux-gnu-3.4.2/bin/../lib/gcc/arm-unknown-linux-gnu/3.4.2/../../../../arm-unknown-linux-gnu/sys-include/linux/module.h:21,
                 from rt-app-m.c:11:
/opt/cc/arm-unknown-linux-gnu-3.4.2/bin/../lib/gcc/arm-unknown-linux-gnu/3.4.2/../../../../arm-unknown-linux-gnu/sys-include/asm/arch/irqs.h:11:28: asm/mach-types.h: No such file or directory
In file included from /opt/cc/arm-unknown-linux-gnu-3.4.2/bin/../lib/gcc/arm-unknown-linux-gnu/3.4.2/../../../../arm-unknown-linux-gnu/sys-include/asm/local.h:1,
                 from /opt/cc/arm-unknown-linux-gnu-3.4.2/bin/../lib/gcc/arm-unknown-linux-gnu/3.4.2/../../../../arm-unknown-linux-gnu/sys-include/linux/module.h:21,
                 from rt-app-m.c:11:
/opt/cc/arm-unknown-linux-gnu-3.4.2/bin/../lib/gcc/arm-unknown-linux-gnu/3.4.2/../../../../arm-unknown-linux-gnu/sys-include/asm-generic/local.h: In function `local_inc':
/opt/cc/arm-unknown-linux-gnu-3.4.2/bin/../lib/gcc/arm-unknown-linux-gnu/3.4.2/../../../../arm-unknown-linux-gnu/sys-include/asm-generic/local.h:65: error: invalid type argument of `->'
/opt/cc/arm-unknown-linux-gnu-3.4.2/bin/../lib/gcc/arm-unknown-linux-gnu/3.4.2/../../../../arm-unknown-linux-gnu/sys-include/asm-generic/local.h:65: error: invalid type argument of `->'
/opt/cc/arm-unknown-linux-gnu-3.4.2/bin/../lib/gcc/arm-unknown-linux-gnu/3.4.2/../../../../arm-unknown-linux-gnu/sys-include/asm-generic/local.h: In function `local_dec':
/opt/cc/arm-unknown-linux-gnu-3.4.2/bin/../lib/gcc/arm-unknown-linux-gnu/3.4.2/../../../../arm-unknown-linux-gnu/sys-include/asm-generic/local.h:72: error: invalid type argument of `->'
/opt/cc/arm-unknown-linux-gnu-3.4.2/bin/../lib/gcc/arm-unknown-linux-gnu/3.4.2/../../../../arm-unknown-linux-gnu/sys-include/asm-generic/local.h:72: error: invalid type argument of `->'
/opt/cc/arm-unknown-linux-gnu-3.4.2/bin/../lib/gcc/arm-unknown-linux-gnu/3.4.2/../../../../arm-unknown-linux-gnu/sys-include/asm-generic/local.h: In function `local_add':
/opt/cc/arm-unknown-linux-gnu-3.4.2/bin/../lib/gcc/arm-unknown-linux-gnu/3.4.2/../../../../arm-unknown-linux-gnu/sys-include/asm-generic/local.h:79: error: invalid type argument of `->'
/opt/cc/arm-unknown-linux-gnu-3.4.2/bin/../lib/gcc/arm-unknown-linux-gnu/3.4.2/../../../../arm-unknown-linux-gnu/sys-include/asm-generic/local.h:79: error: invalid type argument of `->'
/opt/cc/arm-unknown-linux-gnu-3.4.2/bin/../lib/gcc/arm-unknown-linux-gnu/3.4.2/../../../../arm-unknown-linux-gnu/sys-include/asm-generic/local.h: In function `local_sub':
/opt/cc/arm-unknown-linux-gnu-3.4.2/bin/../lib/gcc/arm-unknown-linux-gnu/3.4.2/../../../../arm-unknown-linux-gnu/sys-include/asm-generic/local.h:86: error: invalid type argument of `->'
/opt/cc/arm-unknown-linux-gnu-3.4.2/bin/../lib/gcc/arm-unknown-linux-gnu/3.4.2/../../../../arm-unknown-linux-gnu/sys-include/asm-generic/local.h:86: error: invalid type argument of `->'
rt-app-m.c:13:25: native/task.h: No such file or directory
rt-app-m.c:14:25: native/intr.h: No such file or directory
rt-app-m.c:15:26: native/event.h: No such file or directory
rt-app-m.c:16:26: native/alarm.h: No such file or directory
rt-app-m.c:17:26: native/timer.h: No such file or directory
rt-app-m.c:18:26: native/mutex.h: No such file or directory
In file included from rt-app-m.c:20:
xeno-i2c.h: At top level:
xeno-i2c.h:16: warning: no semicolon at end of struct or union
xeno-i2c.h:16: error: parse error before "iadr"
xeno-i2c.h:17: error: parse error before "ifdr"
xeno-i2c.h:17: warning: data definition has no type or storage class
xeno-i2c.h:18: error: parse error before "i2cr"
xeno-i2c.h:18: warning: data definition has no type or storage class
xeno-i2c.h:19: error: parse error before "i2sr"
xeno-i2c.h:19: warning: data definition has no type or storage class
xeno-i2c.h:20: error: parse error before "i2dr"
xeno-i2c.h:20: warning: data definition has no type or storage class
In file included from rt-app-m.c:23:
pca9554-m.h:2: warning: "struct file" declared inside parameter list
pca9554-m.h:2: warning: "struct inode" declared inside parameter list
pca9554-m.h:3: warning: "struct file" declared inside parameter list
pca9554-m.h:3: warning: "struct inode" declared inside parameter list
pca9554-m.h:4: warning: "struct file" declared inside parameter list
pca9554-m.h:4: warning: "struct inode" declared inside parameter list
pca9554-m.h:5: warning: "struct file" declared inside parameter list
pca9554-m.h:6: warning: "struct file" declared inside parameter list
rt-app-m.c:28: error: parse error before "isrDesc"
rt-app-m.c:28: warning: data definition has no type or storage class
rt-app-m.c:29: error: parse error before "menu_task"
rt-app-m.c:29: warning: data definition has no type or storage class
rt-app-m.c:63: warning: "struct xnintr" declared inside parameter list
rt-app-m.c: In function `imx_i2c_handler':
rt-app-m.c:66: error: dereferencing pointer to incomplete type
rt-app-m.c:69: error: `u32' undeclared (first use in this function)
rt-app-m.c:69: error: parse error before numeric constant
rt-app-m.c:73: error: dereferencing pointer to incomplete type
rt-app-m.c:73: error: dereferencing pointer to incomplete type
rt-app-m.c:73: error: parse error before numeric constant
rt-app-m.c:75: error: `RT_INTR_HANDLED' undeclared (first use in this function)
rt-app-m.c: In function `init_module':
rt-app-m.c:85: error: `TM_ONESHOT' undeclared (first use in this function)
rt-app-m.c:107: error: `INT_I2C' undeclared (first use in this function)
make: *** [rt-app-m] Erreur 1

**** Build Finished ****

**** Build of configuration Default for project rt-app ****

make all 
make -C /home/redsuser/src/linux-2.6.14-imx21-xenomai M=/home/redsuser/etudiant/villet/iem-space-invader/rt-app ARCH=arm CROSS_COMPILE=arm-unknown-linux-gnu-
make[1]: entrant dans le répertoire « /home/redsuser/src/linux-2.6.14-imx21-xenomai »
  Building modules, stage 2.
  MODPOST
*** Warning: "pca9554_open" [/home/redsuser/etudiant/villet/iem-space-invader/rt-app/rt-app.ko] undefined!
make[1]: quittant le répertoire « /home/redsuser/src/linux-2.6.14-imx21-xenomai »
*** Warning: "pca9554_close" [/home/redsuser/etudiant/villet/iem-space-invader/rt-app/rt-app.ko] undefined!

**** Build Finished ****

**** Build of configuration Default for project rt-app ****

make all 
make -C /home/redsuser/src/linux-2.6.14-imx21-xenomai M=/home/redsuser/etudiant/villet/iem-space-invader/rt-app ARCH=arm CROSS_COMPILE=arm-unknown-linux-gnu-
make[1]: entrant dans le répertoire « /home/redsuser/src/linux-2.6.14-imx21-xenomai »
  Building modules, stage 2.
  MODPOST
*** Warning: "pca9554_open" [/home/redsuser/etudiant/villet/iem-space-invader/rt-app/rt-app.ko] undefined!
*** Warning: "pca9554_close" [/home/redsuser/etudiant/villet/iem-space-invader/rt-app/rt-app.ko] undefined!
make[1]: quittant le répertoire « /home/redsuser/src/linux-2.6.14-imx21-xenomai »

**** Build Finished ****

**** Clean-only build of configuration Default for project rt-app ****

make clean 
make -C /home/redsuser/src/linux-2.6.14-imx21-xenomai M=/home/redsuser/etudiant/villet/iem-space-invader/rt-app clean
make[1]: arm-linux-gcc : commande introuvable
make[1]: entrant dans le répertoire « /home/redsuser/src/linux-2.6.14-imx21-xenomai »
  CLEAN   /home/redsuser/etudiant/villet/iem-space-invader/rt-app/.tmp_versions
make[1]: quittant le répertoire « /home/redsuser/src/linux-2.6.14-imx21-xenomai »
rm -rf *.o
rm -rf i2ctest
rm -rf *.ko
rm -rf .*.cmd

**** Build Finished ****

**** Build of configuration Default for project rt-app ****

make all 
make -C /home/redsuser/src/linux-2.6.14-imx21-xenomai M=/home/redsuser/etudiant/villet/iem-space-invader/rt-app ARCH=arm CROSS_COMPILE=arm-unknown-linux-gnu-
make[1]: entrant dans le répertoire « /home/redsuser/src/linux-2.6.14-imx21-xenomai »
  LD      /home/redsuser/etudiant/villet/iem-space-invader/rt-app/built-in.o
  CC [M]  /home/redsuser/etudiant/villet/iem-space-invader/rt-app/pca9554-m.o
  CC [M]  /home/redsuser/etudiant/villet/iem-space-invader/rt-app/xeno-i2c.o
  CC [M]  /home/redsuser/etudiant/villet/iem-space-invader/rt-app/xeno-ts.o
  CC [M]  /home/redsuser/etudiant/villet/iem-space-invader/rt-app/xeno-ts-lib.o
  CC [M]  /home/redsuser/etudiant/villet/iem-space-invader/rt-app/rt-app-m.o
/home/redsuser/etudiant/villet/iem-space-invader/rt-app/rt-app-m.c: In function `space_invader':
/home/redsuser/etudiant/villet/iem-space-invader/rt-app/rt-app-m.c:34: warning: ISO C90 forbids mixed declarations and code
/home/redsuser/etudiant/villet/iem-space-invader/rt-app/rt-app-m.c:38: warning: passing arg 6 of `rt_task_spawn' from incompatible pointer type
  CC [M]  /home/redsuser/etudiant/villet/iem-space-invader/rt-app/lcdlib.o
  CC [M]  /home/redsuser/etudiant/villet/iem-space-invader/rt-app/menu.o
/home/redsuser/etudiant/villet/iem-space-invader/rt-app/menu.c:5: warning: function declaration isn't a prototype
  LD [M]  /home/redsuser/etudiant/villet/iem-space-invader/rt-app/rt-app.o
  LD [M]  /home/redsuser/etudiant/villet/iem-space-invader/rt-app/pca9554.o
  Building modules, stage 2.
  MODPOST
*** Warning: "pca9554_open" [/home/redsuser/etudiant/villet/iem-space-invader/rt-app/rt-app.ko] undefined!
  CC      /home/redsuser/etudiant/villet/iem-space-invader/rt-app/pca9554.mod.o
*** Warning: "pca9554_close" [/home/redsuser/etudiant/villet/iem-space-invader/rt-app/rt-app.ko] undefined!
  LD [M]  /home/redsuser/etudiant/villet/iem-space-invader/rt-app/pca9554.ko
  CC      /home/redsuser/etudiant/villet/iem-space-invader/rt-app/rt-app.mod.o
  LD [M]  /home/redsuser/etudiant/villet/iem-space-invader/rt-app/rt-app.ko
make[1]: quittant le répertoire « /home/redsuser/src/linux-2.6.14-imx21-xenomai »
arm-unknown-linux-gnu-gcc -static i2ctest.c -o i2ctest

**** Build Finished ****

**** Build of configuration Default for project rt-app ****

make all 
make -C /home/redsuser/src/linux-2.6.14-imx21-xenomai M=/home/redsuser/etudiant/villet/iem-space-invader/rt-app ARCH=arm CROSS_COMPILE=arm-unknown-linux-gnu-
make[1]: entrant dans le répertoire « /home/redsuser/src/linux-2.6.14-imx21-xenomai »
  CC [M]  /home/redsuser/etudiant/villet/iem-space-invader/rt-app/rt-app-m.o
/home/redsuser/etudiant/villet/iem-space-invader/rt-app/rt-app-m.c: In function `space_invader':
/home/redsuser/etudiant/villet/iem-space-invader/rt-app/rt-app-m.c:34: warning: ISO C90 forbids mixed declarations and code
/home/redsuser/etudiant/villet/iem-space-invader/rt-app/rt-app-m.c:38: warning: passing arg 6 of `rt_task_spawn' from incompatible pointer type
/home/redsuser/etudiant/villet/iem-space-invader/rt-app/rt-app-m.c: In function `init_module':
/home/redsuser/etudiant/villet/iem-space-invader/rt-app/rt-app-m.c:122: warning: label `fail_open' defined but not used
  CC [M]  /home/redsuser/etudiant/villet/iem-space-invader/rt-app/menu.o
/home/redsuser/etudiant/villet/iem-space-invader/rt-app/menu.c:5: warning: function declaration isn't a prototype
  LD [M]  /home/redsuser/etudiant/villet/iem-space-invader/rt-app/rt-app.o
/home/redsuser/etudiant/villet/iem-space-invader/rt-app/menu.c: In function `menu':
  LD [M]  /home/redsuser/etudiant/villet/iem-space-invader/rt-app/pca9554.o
/home/redsuser/etudiant/villet/iem-space-invader/rt-app/menu.c:17: warning: implicit declaration of function `printk'
  Building modules, stage 2.
  MODPOST
  LD [M]  /home/redsuser/etudiant/villet/iem-space-invader/rt-app/pca9554.ko
*** Warning: "pca9554_close" [/home/redsuser/etudiant/villet/iem-space-invader/rt-app/rt-app.ko] undefined!
  LD [M]  /home/redsuser/etudiant/villet/iem-space-invader/rt-app/rt-app.ko
make[1]: quittant le répertoire « /home/redsuser/src/linux-2.6.14-imx21-xenomai »

**** Build Finished ****

**** Build of configuration Default for project rt-app ****

make all 
make -C /home/redsuser/src/linux-2.6.14-imx21-xenomai M=/home/redsuser/etudiant/villet/iem-space-invader/rt-app ARCH=arm CROSS_COMPILE=arm-unknown-linux-gnu-
make[1]: entrant dans le répertoire « /home/redsuser/src/linux-2.6.14-imx21-xenomai »
  CC [M]  /home/redsuser/etudiant/villet/iem-space-invader/rt-app/rt-app-m.o
/home/redsuser/etudiant/villet/iem-space-invader/rt-app/rt-app-m.c: In function `space_invader':
/home/redsuser/etudiant/villet/iem-space-invader/rt-app/rt-app-m.c:34: warning: ISO C90 forbids mixed declarations and code
/home/redsuser/etudiant/villet/iem-space-invader/rt-app/rt-app-m.c:38: warning: passing arg 6 of `rt_task_spawn' from incompatible pointer type
/home/redsuser/etudiant/villet/iem-space-invader/rt-app/rt-app-m.c: In function `init_module':
/home/redsuser/etudiant/villet/iem-space-invader/rt-app/rt-app-m.c:122: warning: label `fail_open' defined but not used
  LD [M]  /home/redsuser/etudiant/villet/iem-space-invader/rt-app/rt-app.o
  LD [M]  /home/redsuser/etudiant/villet/iem-space-invader/rt-app/pca9554.o
  Building modules, stage 2.
  MODPOST
  LD [M]  /home/redsuser/etudiant/villet/iem-space-invader/rt-app/pca9554.ko
  LD [M]  /home/redsuser/etudiant/villet/iem-space-invader/rt-app/rt-app.ko
make[1]: quittant le répertoire « /home/redsuser/src/linux-2.6.14-imx21-xenomai »

**** Build Finished ****

**** Clean-only build of configuration Default for project rt-app ****

make clean 
make -C /home/redsuser/src/linux-2.6.14-imx21-xenomai M=/home/redsuser/etudiant/villet/iem-space-invader/rt-app clean
make[1]: arm-linux-gcc : commande introuvable
make[1]: entrant dans le répertoire « /home/redsuser/src/linux-2.6.14-imx21-xenomai »
  CLEAN   /home/redsuser/etudiant/villet/iem-space-invader/rt-app/.tmp_versions
make[1]: quittant le répertoire « /home/redsuser/src/linux-2.6.14-imx21-xenomai »
rm -rf *.o
rm -rf i2ctest
rm -rf *.ko
rm -rf .*.cmd

**** Build Finished ****

**** Build of configuration Default for project rt-app ****

make all 
make -C /home/redsuser/src/linux-2.6.14-imx21-xenomai M=/home/redsuser/etudiant/villet/iem-space-invader/rt-app ARCH=arm CROSS_COMPILE=arm-unknown-linux-gnu-
make[1]: entrant dans le répertoire « /home/redsuser/src/linux-2.6.14-imx21-xenomai »
  LD      /home/redsuser/etudiant/villet/iem-space-invader/rt-app/built-in.o
  CC [M]  /home/redsuser/etudiant/villet/iem-space-invader/rt-app/pca9554-m.o
  CC [M]  /home/redsuser/etudiant/villet/iem-space-invader/rt-app/xeno-i2c.o
  CC [M]  /home/redsuser/etudiant/villet/iem-space-invader/rt-app/xeno-ts.o
  CC [M]  /home/redsuser/etudiant/villet/iem-space-invader/rt-app/xeno-ts-lib.o
  CC [M]  /home/redsuser/etudiant/villet/iem-space-invader/rt-app/rt-app-m.o
/home/redsuser/etudiant/villet/iem-space-invader/rt-app/rt-app-m.c: In function `space_invader':
/home/redsuser/etudiant/villet/iem-space-invader/rt-app/rt-app-m.c:34: warning: ISO C90 forbids mixed declarations and code
/home/redsuser/etudiant/villet/iem-space-invader/rt-app/rt-app-m.c:38: warning: passing arg 6 of `rt_task_spawn' from incompatible pointer type
  CC [M]  /home/redsuser/etudiant/villet/iem-space-invader/rt-app/lcdlib.o
/home/redsuser/etudiant/villet/iem-space-invader/rt-app/rt-app-m.c: In function `init_module':
/home/redsuser/etudiant/villet/iem-space-invader/rt-app/rt-app-m.c:122: warning: label `fail_open' defined but not used
  CC [M]  /home/redsuser/etudiant/villet/iem-space-invader/rt-app/menu.o
/home/redsuser/etudiant/villet/iem-space-invader/rt-app/menu.c:5: warning: function declaration isn't a prototype
/home/redsuser/etudiant/villet/iem-space-invader/rt-app/menu.c: In function `menu':
/home/redsuser/etudiant/villet/iem-space-invader/rt-app/menu.c:17: warning: implicit declaration of function `printk'
  LD [M]  /home/redsuser/etudiant/villet/iem-space-invader/rt-app/rt-app.o
  LD [M]  /home/redsuser/etudiant/villet/iem-space-invader/rt-app/pca9554.o
  Building modules, stage 2.
  MODPOST
  CC      /home/redsuser/etudiant/villet/iem-space-invader/rt-app/pca9554.mod.o
  LD [M]  /home/redsuser/etudiant/villet/iem-space-invader/rt-app/pca9554.ko
  CC      /home/redsuser/etudiant/villet/iem-space-invader/rt-app/rt-app.mod.o
  LD [M]  /home/redsuser/etudiant/villet/iem-space-invader/rt-app/rt-app.ko
make[1]: quittant le répertoire « /home/redsuser/src/linux-2.6.14-imx21-xenomai »
arm-unknown-linux-gnu-gcc -static i2ctest.c -o i2ctest

**** Build Finished ****

**** Build of configuration Default for project rt-app ****

make all 
make -C /home/redsuser/src/linux-2.6.14-imx21-xenomai M=/home/redsuser/etudiant/villet/iem-space-invader/rt-app ARCH=arm CROSS_COMPILE=arm-unknown-linux-gnu-
make[1]: entrant dans le répertoire « /home/redsuser/src/linux-2.6.14-imx21-xenomai »
  CC [M]  /home/redsuser/etudiant/villet/iem-space-invader/rt-app/rt-app-m.o
/home/redsuser/etudiant/villet/iem-space-invader/rt-app/rt-app-m.c: In function `space_invader':
/home/redsuser/etudiant/villet/iem-space-invader/rt-app/rt-app-m.c:40: warning: passing arg 6 of `rt_task_spawn' from incompatible pointer type
/home/redsuser/etudiant/villet/iem-space-invader/rt-app/rt-app-m.c: In function `init_module':
/home/redsuser/etudiant/villet/iem-space-invader/rt-app/rt-app-m.c:124: warning: label `fail_open' defined but not used
  LD [M]  /home/redsuser/etudiant/villet/iem-space-invader/rt-app/rt-app.o
  LD [M]  /home/redsuser/etudiant/villet/iem-space-invader/rt-app/pca9554.o
  Building modules, stage 2.
  MODPOST
  LD [M]  /home/redsuser/etudiant/villet/iem-space-invader/rt-app/pca9554.ko
  LD [M]  /home/redsuser/etudiant/villet/iem-space-invader/rt-app/rt-app.ko
make[1]: quittant le répertoire « /home/redsuser/src/linux-2.6.14-imx21-xenomai »

**** Build Finished ****

**** Build of configuration Default for project rt-app ****

make all 
make -C /home/redsuser/src/linux-2.6.14-imx21-xenomai M=/home/redsuser/etudiant/villet/iem-space-invader/rt-app ARCH=arm CROSS_COMPILE=arm-unknown-linux-gnu-
make[1]: entrant dans le répertoire « /home/redsuser/src/linux-2.6.14-imx21-xenomai »
  CC [M]  /home/redsuser/etudiant/villet/iem-space-invader/rt-app/rt-app-m.o
/home/redsuser/etudiant/villet/iem-space-invader/rt-app/rt-app-m.c: In function `space_invader':
/home/redsuser/etudiant/villet/iem-space-invader/rt-app/rt-app-m.c:40: warning: passing arg 6 of `rt_task_spawn' from incompatible pointer type
  LD [M]  /home/redsuser/etudiant/villet/iem-space-invader/rt-app/rt-app.o
  LD [M]  /home/redsuser/etudiant/villet/iem-space-invader/rt-app/pca9554.o
  Building modules, stage 2.
  MODPOST
  LD [M]  /home/redsuser/etudiant/villet/iem-space-invader/rt-app/pca9554.ko
  LD [M]  /home/redsuser/etudiant/villet/iem-space-invader/rt-app/rt-app.ko
make[1]: quittant le répertoire « /home/redsuser/src/linux-2.6.14-imx21-xenomai »

**** Build Finished ****

**** Build of configuration Default for project rt-app ****

make all 
make -C /home/redsuser/src/linux-2.6.14-imx21-xenomai M=/home/redsuser/etudiant/villet/iem-space-invader/rt-app ARCH=arm CROSS_COMPILE=arm-unknown-linux-gnu-
make[1]: entrant dans le répertoire « /home/redsuser/src/linux-2.6.14-imx21-xenomai »
  CC [M]  /home/redsuser/etudiant/villet/iem-space-invader/rt-app/rt-app-m.o
  CC [M]  /home/redsuser/etudiant/villet/iem-space-invader/rt-app/menu.o
/home/redsuser/etudiant/villet/iem-space-invader/rt-app/menu.c:5: warning: function declaration isn't a prototype
/home/redsuser/etudiant/villet/iem-space-invader/rt-app/menu.c: In function `menu':
/home/redsuser/etudiant/villet/iem-space-invader/rt-app/menu.c:17: warning: implicit declaration of function `printk'
  LD [M]  /home/redsuser/etudiant/villet/iem-space-invader/rt-app/rt-app.o
  LD [M]  /home/redsuser/etudiant/villet/iem-space-invader/rt-app/pca9554.o
  Building modules, stage 2.
  MODPOST
  LD [M]  /home/redsuser/etudiant/villet/iem-space-invader/rt-app/pca9554.ko
  LD [M]  /home/redsuser/etudiant/villet/iem-space-invader/rt-app/rt-app.ko
make[1]: quittant le répertoire « /home/redsuser/src/linux-2.6.14-imx21-xenomai »

**** Build Finished ****

**** Build of configuration Default for project rt-app ****

make all 
make -C /home/redsuser/src/linux-2.6.14-imx21-xenomai M=/home/redsuser/etudiant/villet/iem-space-invader/rt-app ARCH=arm CROSS_COMPILE=arm-unknown-linux-gnu-
make[1]: entrant dans le répertoire « /home/redsuser/src/linux-2.6.14-imx21-xenomai »
  CC [M]  /home/redsuser/etudiant/villet/iem-space-invader/rt-app/rt-app-m.o
In file included from /home/redsuser/etudiant/villet/iem-space-invader/rt-app/rt-app-m.c:25:
/home/redsuser/etudiant/villet/iem-space-invader/rt-app/menu.h:9: warning: function declaration isn't a prototype
  LD [M]  /home/redsuser/etudiant/villet/iem-space-invader/rt-app/rt-app.o
  LD [M]  /home/redsuser/etudiant/villet/iem-space-invader/rt-app/pca9554.o
  Building modules, stage 2.
  MODPOST
  LD [M]  /home/redsuser/etudiant/villet/iem-space-invader/rt-app/pca9554.ko
  LD [M]  /home/redsuser/etudiant/villet/iem-space-invader/rt-app/rt-app.ko
make[1]: quittant le répertoire « /home/redsuser/src/linux-2.6.14-imx21-xenomai »

**** Build Finished ****

**** Build of configuration Default for project rt-app ****

make all 
make -C /home/redsuser/src/linux-2.6.14-imx21-xenomai M=/home/redsuser/etudiant/villet/iem-space-invader/rt-app ARCH=arm CROSS_COMPILE=arm-unknown-linux-gnu-
make[1]: entrant dans le répertoire « /home/redsuser/src/linux-2.6.14-imx21-xenomai »
  CC [M]  /home/redsuser/etudiant/villet/iem-space-invader/rt-app/menu.o
/home/redsuser/etudiant/villet/iem-space-invader/rt-app/menu.c: In function `menu':
/home/redsuser/etudiant/villet/iem-space-invader/rt-app/menu.c:17: warning: implicit declaration of function `printk'
  LD [M]  /home/redsuser/etudiant/villet/iem-space-invader/rt-app/rt-app.o
  LD [M]  /home/redsuser/etudiant/villet/iem-space-invader/rt-app/pca9554.o
  Building modules, stage 2.
  MODPOST
  LD [M]  /home/redsuser/etudiant/villet/iem-space-invader/rt-app/pca9554.ko
  LD [M]  /home/redsuser/etudiant/villet/iem-space-invader/rt-app/rt-app.ko
make[1]: quittant le répertoire « /home/redsuser/src/linux-2.6.14-imx21-xenomai »

**** Build Finished ****

**** Clean-only build of configuration Default for project rt-app ****

make clean 
make -C /home/redsuser/src/linux-2.6.14-imx21-xenomai M=/home/redsuser/etudiant/villet/iem-space-invader/rt-app clean
make[1]: arm-linux-gcc : commande introuvable
make[1]: entrant dans le répertoire « /home/redsuser/src/linux-2.6.14-imx21-xenomai »
  CLEAN   /home/redsuser/etudiant/villet/iem-space-invader/rt-app/.tmp_versions
make[1]: quittant le répertoire « /home/redsuser/src/linux-2.6.14-imx21-xenomai »
rm -rf *.o
rm -rf i2ctest
rm -rf *.ko
rm -rf .*.cmd

**** Build Finished ****

**** Build of configuration Default for project rt-app ****

make all 
make -C /home/redsuser/src/linux-2.6.14-imx21-xenomai M=/home/redsuser/etudiant/villet/iem-space-invader/rt-app ARCH=arm CROSS_COMPILE=arm-unknown-linux-gnu-
make[1]: entrant dans le répertoire « /home/redsuser/src/linux-2.6.14-imx21-xenomai »
  LD      /home/redsuser/etudiant/villet/iem-space-invader/rt-app/built-in.o
  CC [M]  /home/redsuser/etudiant/villet/iem-space-invader/rt-app/pca9554-m.o
  CC [M]  /home/redsuser/etudiant/villet/iem-space-invader/rt-app/xeno-i2c.o
  CC [M]  /home/redsuser/etudiant/villet/iem-space-invader/rt-app/xeno-ts.o
  CC [M]  /home/redsuser/etudiant/villet/iem-space-invader/rt-app/xeno-ts-lib.o
  CC [M]  /home/redsuser/etudiant/villet/iem-space-invader/rt-app/rt-app-m.o
  CC [M]  /home/redsuser/etudiant/villet/iem-space-invader/rt-app/lcdlib.o
  CC [M]  /home/redsuser/etudiant/villet/iem-space-invader/rt-app/menu.o
/home/redsuser/etudiant/villet/iem-space-invader/rt-app/menu.c: In function `menu':
/home/redsuser/etudiant/villet/iem-space-invader/rt-app/menu.c:17: warning: implicit declaration of function `printk'
  LD [M]  /home/redsuser/etudiant/villet/iem-space-invader/rt-app/rt-app.o
  LD [M]  /home/redsuser/etudiant/villet/iem-space-invader/rt-app/pca9554.o
  Building modules, stage 2.
  MODPOST
  CC      /home/redsuser/etudiant/villet/iem-space-invader/rt-app/pca9554.mod.o
  LD [M]  /home/redsuser/etudiant/villet/iem-space-invader/rt-app/pca9554.ko
  CC      /home/redsuser/etudiant/villet/iem-space-invader/rt-app/rt-app.mod.o
  LD [M]  /home/redsuser/etudiant/villet/iem-space-invader/rt-app/rt-app.ko
make[1]: quittant le répertoire « /home/redsuser/src/linux-2.6.14-imx21-xenomai »
arm-unknown-linux-gnu-gcc -static i2ctest.c -o i2ctest

**** Build Finished ****

**** Build of configuration Default for project rt-app ****

make all 
make -C /home/redsuser/src/linux-2.6.14-imx21-xenomai M=/home/redsuser/etudiant/villet/iem-space-invader/rt-app ARCH=arm CROSS_COMPILE=arm-unknown-linux-gnu-
make[1]: entrant dans le répertoire « /home/redsuser/src/linux-2.6.14-imx21-xenomai »
  CC [M]  /home/redsuser/etudiant/villet/iem-space-invader/rt-app/menu.o
/home/redsuser/etudiant/villet/iem-space-invader/rt-app/menu.c: In function `menu':
/home/redsuser/etudiant/villet/iem-space-invader/rt-app/menu.c:17: warning: implicit declaration of function `printf'
/home/redsuser/etudiant/villet/iem-space-invader/rt-app/menu.c:30: warning: implicit declaration of function `printk'
  LD [M]  /home/redsuser/etudiant/villet/iem-space-invader/rt-app/rt-app.o
  LD [M]  /home/redsuser/etudiant/villet/iem-space-invader/rt-app/pca9554.o
  Building modules, stage 2.
  MODPOST
*** Warning: "printf" [/home/redsuser/etudiant/villet/iem-space-invader/rt-app/rt-app.ko] undefined!
  LD [M]  /home/redsuser/etudiant/villet/iem-space-invader/rt-app/pca9554.ko
  LD [M]  /home/redsuser/etudiant/villet/iem-space-invader/rt-app/rt-app.ko
make[1]: quittant le répertoire « /home/redsuser/src/linux-2.6.14-imx21-xenomai »

**** Build Finished ****

**** Build of configuration Default for project rt-app ****

make all 
make -C /home/redsuser/src/linux-2.6.14-imx21-xenomai M=/home/redsuser/etudiant/villet/iem-space-invader/rt-app ARCH=arm CROSS_COMPILE=arm-unknown-linux-gnu-
make[1]: entrant dans le répertoire « /home/redsuser/src/linux-2.6.14-imx21-xenomai »
  CC [M]  /home/redsuser/etudiant/villet/iem-space-invader/rt-app/menu.o
  LD [M]  /home/redsuser/etudiant/villet/iem-space-invader/rt-app/rt-app.o
  LD [M]  /home/redsuser/etudiant/villet/iem-space-invader/rt-app/pca9554.o
  Building modules, stage 2.
  MODPOST
  LD [M]  /home/redsuser/etudiant/villet/iem-space-invader/rt-app/pca9554.ko
  LD [M]  /home/redsuser/etudiant/villet/iem-space-invader/rt-app/rt-app.ko
make[1]: quittant le répertoire « /home/redsuser/src/linux-2.6.14-imx21-xenomai »

**** Build Finished ****

**** Build of configuration Default for project rt-app ****

make all 
make -C /home/redsuser/src/linux-2.6.14-imx21-xenomai M=/home/redsuser/etudiant/villet/iem-space-invader/rt-app ARCH=arm CROSS_COMPILE=arm-unknown-linux-gnu-
make[1]: entrant dans le répertoire « /home/redsuser/src/linux-2.6.14-imx21-xenomai »
  CC [M]  /home/redsuser/etudiant/villet/iem-space-invader/rt-app/rt-app-m.o
  LD [M]  /home/redsuser/etudiant/villet/iem-space-invader/rt-app/rt-app.o
  LD [M]  /home/redsuser/etudiant/villet/iem-space-invader/rt-app/pca9554.o
  Building modules, stage 2.
  MODPOST
  LD [M]  /home/redsuser/etudiant/villet/iem-space-invader/rt-app/pca9554.ko
  LD [M]  /home/redsuser/etudiant/villet/iem-space-invader/rt-app/rt-app.ko
make[1]: quittant le répertoire « /home/redsuser/src/linux-2.6.14-imx21-xenomai »

**** Build Finished ****

**** Build of configuration Default for project rt-app ****

make all 
make -C /home/redsuser/src/linux-2.6.14-imx21-xenomai M=/home/redsuser/etudiant/villet/iem-space-invader/rt-app ARCH=arm CROSS_COMPILE=arm-unknown-linux-gnu-
make[1]: entrant dans le répertoire « /home/redsuser/src/linux-2.6.14-imx21-xenomai »
  CC [M]  /home/redsuser/etudiant/villet/iem-space-invader/rt-app/menu.o
/home/redsuser/etudiant/villet/iem-space-invader/rt-app/menu.c: In function `menu':
/home/redsuser/etudiant/villet/iem-space-invader/rt-app/menu.c:18: warning: implicit declaration of function `printf'
  LD [M]  /home/redsuser/etudiant/villet/iem-space-invader/rt-app/rt-app.o
  LD [M]  /home/redsuser/etudiant/villet/iem-space-invader/rt-app/pca9554.o
  Building modules, stage 2.
  MODPOST
*** Warning: "printf" [/home/redsuser/etudiant/villet/iem-space-invader/rt-app/rt-app.ko] undefined!
  LD [M]  /home/redsuser/etudiant/villet/iem-space-invader/rt-app/pca9554.ko
  LD [M]  /home/redsuser/etudiant/villet/iem-space-invader/rt-app/rt-app.ko
make[1]: quittant le répertoire « /home/redsuser/src/linux-2.6.14-imx21-xenomai »

**** Build Finished ****

**** Build of configuration Default for project rt-app ****

make all 
make -C /home/redsuser/src/linux-2.6.14-imx21-xenomai M=/home/redsuser/etudiant/villet/iem-space-invader/rt-app ARCH=arm CROSS_COMPILE=arm-unknown-linux-gnu-
make[1]: entrant dans le répertoire « /home/redsuser/src/linux-2.6.14-imx21-xenomai »
  CC [M]  /home/redsuser/etudiant/villet/iem-space-invader/rt-app/menu.o
  LD [M]  /home/redsuser/etudiant/villet/iem-space-invader/rt-app/rt-app.o
  LD [M]  /home/redsuser/etudiant/villet/iem-space-invader/rt-app/pca9554.o
  Building modules, stage 2.
  MODPOST
  LD [M]  /home/redsuser/etudiant/villet/iem-space-invader/rt-app/pca9554.ko
  LD [M]  /home/redsuser/etudiant/villet/iem-space-invader/rt-app/rt-app.ko
make[1]: quittant le répertoire « /home/redsuser/src/linux-2.6.14-imx21-xenomai »

**** Build Finished ****
